0001_0038_0013_0044_0044.jpg 1 38 13 44 44
0002_0040_0024_0051_0051.jpg 1 40 24 51 51
0003_0049_0023_0044_0044.jpg 1 49 23 44 44
0004_0009_0005_0064_0064.jpg 1 9 5 64 64
0005_0047_0009_0038_0038.jpg 1 47 9 38 38
0006_0016_0011_0039_0039.jpg 1 16 11 39 39
0007_0042_0062_0024_0024.jpg 1 42 62 24 24
0008_0021_0033_0050_0050.jpg 1 21 33 50 50
0009_0029_0042_0037_0037.jpg 1 29 42 37 37
0010_0030_0031_0054_0054.jpg 1 30 31 54 54
0011_0062_0045_0030_0030.jpg 1 62 45 30 30
0012_0032_0042_0049_0049.jpg 1 32 42 49 49
0013_0036_0030_0054_0054.jpg 1 36 30 54 54
0014_0016_0027_0065_0065.jpg 1 16 27 65 65
0015_0031_0028_0046_0046.jpg 1 31 28 46 46
0016_0024_0050_0038_0038.jpg 1 24 50 38 38
0017_0024_0019_0068_0068.jpg 1 24 19 68 68
0018_0018_0008_0062_0062.jpg 1 18 8 62 62
0019_0022_0013_0062_0062.jpg 1 22 13 62 62
0020_0021_0012_0051_0051.jpg 1 21 12 51 51
0021_0012_0013_0069_0069.jpg 1 12 13 69 69
0022_0042_0029_0052_0052.jpg 1 42 29 52 52
0023_0009_0031_0039_0039.jpg 1 9 31 39 39
0024_0038_0013_0049_0049.jpg 1 38 13 49 49
0025_0029_0031_0045_0045.jpg 1 29 31 45 45
0026_0012_0025_0068_0068.jpg 1 12 25 68 68
0027_0019_0026_0067_0067.jpg 1 19 26 67 67
0028_0022_0028_0059_0059.jpg 1 22 28 59 59
0029_0003_0030_0063_0063.jpg 1 3 30 63 63
0030_0005_0008_0068_0068.jpg 1 5 8 68 68
0031_0017_0039_0031_0031.jpg 1 17 39 31 31
0032_0022_0017_0026_0026.jpg 1 22 17 26 26
0033_0016_0034_0048_0048.jpg 1 16 34 48 48
0034_0046_0050_0031_0031.jpg 1 46 50 31 31
0035_0010_0012_0051_0051.jpg 1 10 12 51 51
0036_0023_0027_0050_0050.jpg 1 23 27 50 50
0037_0025_0054_0036_0036.jpg 1 25 54 36 36
0038_0048_0012_0042_0042.jpg 1 48 12 42 42
0039_0040_0024_0051_0051.jpg 1 40 24 51 51
0040_0027_0025_0025_0025.jpg 1 27 25 25 25
0041_0008_0024_0059_0059.jpg 1 8 24 59 59
0042_0014_0012_0058_0058.jpg 1 14 12 58 58
0043_0048_0046_0032_0032.jpg 1 48 46 32 32
0044_0021_0022_0044_0044.jpg 1 21 22 44 44
0045_0020_0015_0045_0045.jpg 1 20 15 45 45
0046_0010_0022_0058_0058.jpg 1 10 22 58 58
0047_0022_0025_0051_0051.jpg 1 22 25 51 51
0048_0041_0010_0032_0032.jpg 1 41 10 32 32
0049_0024_0060_0024_0024.jpg 1 24 60 24 24
0050_0026_0029_0052_0052.jpg 1 26 29 52 52
0051_0019_0052_0036_0036.jpg 1 19 52 36 36
0052_0012_0022_0059_0059.jpg 1 12 22 59 59
0053_0038_0031_0047_0047.jpg 1 38 31 47 47
0054_0027_0011_0029_0029.jpg 1 27 11 29 29
0055_0008_0012_0068_0068.jpg 1 8 12 68 68
0056_0042_0021_0028_0028.jpg 1 42 21 28 28
0057_0034_0036_0050_0050.jpg 1 34 36 50 50
0058_0016_0030_0031_0031.jpg 1 16 30 31 31
0059_0015_0004_0064_0064.jpg 1 15 4 64 64
0060_0024_0034_0032_0032.jpg 1 24 34 32 32
0061_0012_0025_0050_0050.jpg 1 12 25 50 50
0062_0034_0036_0044_0044.jpg 1 34 36 44 44
0063_0040_0045_0044_0044.jpg 1 40 45 44 44
0064_0012_0024_0058_0058.jpg 1 12 24 58 58
0065_0038_0029_0025_0025.jpg 1 38 29 25 25
0066_0005_0012_0063_0063.jpg 1 5 12 63 63
0067_0005_0042_0049_0049.jpg 1 5 42 49 49
0068_0049_0036_0041_0041.jpg 1 49 36 41 41
0069_0031_0027_0061_0061.jpg 1 31 27 61 61
0070_0021_0021_0054_0054.jpg 1 21 21 54 54
0071_0020_0014_0055_0055.jpg 1 20 14 55 55
0072_0046_0056_0028_0028.jpg 1 46 56 28 28
0073_0028_0007_0044_0044.jpg 1 28 7 44 44
0074_0021_0016_0053_0053.jpg 1 21 16 53 53
0075_0055_0011_0025_0025.jpg 1 55 11 25 25
0076_0020_0019_0053_0053.jpg 1 20 19 53 53
0077_0013_0020_0066_0066.jpg 1 13 20 66 66
0078_0008_0014_0051_0051.jpg 1 8 14 51 51
0079_0019_0016_0068_0068.jpg 1 19 16 68 68
0080_0015_0029_0063_0063.jpg 1 15 29 63 63
0081_0022_0017_0025_0025.jpg 1 22 17 25 25
0082_0018_0018_0063_0063.jpg 1 18 18 63 63
0083_0027_0010_0035_0035.jpg 1 27 10 35 35
0084_0032_0029_0032_0032.jpg 1 32 29 32 32
0085_0008_0036_0025_0025.jpg 1 8 36 25 25
0086_0014_0011_0053_0053.jpg 1 14 11 53 53
0087_0025_0033_0037_0037.jpg 1 25 33 37 37
0088_0042_0017_0036_0036.jpg 1 42 17 36 36
0089_0043_0017_0039_0039.jpg 1 43 17 39 39
0090_0026_0033_0051_0051.jpg 1 26 33 51 51
0091_0042_0013_0044_0044.jpg 1 42 13 44 44
0092_0011_0009_0069_0069.jpg 1 11 9 69 69
0093_0016_0011_0039_0039.jpg 1 16 11 39 39
0094_0028_0005_0064_0064.jpg 1 28 5 64 64
0095_0019_0009_0036_0036.jpg 1 19 9 36 36
0096_0026_0040_0053_0053.jpg 1 26 40 53 53
0097_0033_0049_0044_0044.jpg 1 33 49 44 44
0098_0022_0023_0066_0066.jpg 1 22 23 66 66
0099_0035_0065_0024_0024.jpg 1 35 65 24 24
0100_0031_0034_0056_0056.jpg 1 31 34 56 56
0101_0007_0014_0028_0028.jpg 1 7 14 28 28
0102_0033_0040_0025_0025.jpg 1 33 40 25 25
0103_0023_0021_0044_0044.jpg 1 23 21 44 44
0104_0017_0025_0057_0057.jpg 1 17 25 57 57
0105_0039_0027_0045_0045.jpg 1 39 27 45 45
0106_0051_0020_0036_0036.jpg 1 51 20 36 36
0107_0026_0028_0065_0065.jpg 1 26 28 65 65
0108_0038_0039_0049_0049.jpg 1 38 39 49 49
0109_0023_0023_0044_0044.jpg 1 23 23 44 44
0110_0016_0022_0053_0053.jpg 1 16 22 53 53
0111_0003_0017_0066_0066.jpg 1 3 17 66 66
0112_0030_0050_0042_0042.jpg 1 30 50 42 42
0113_0034_0027_0045_0045.jpg 1 34 27 45 45
0114_0016_0009_0058_0058.jpg 1 16 9 58 58
0115_0059_0032_0027_0027.jpg 1 59 32 27 27
0116_0010_0009_0051_0051.jpg 1 10 9 51 51
0117_0025_0046_0038_0038.jpg 1 25 46 38 38
0118_0011_0021_0043_0043.jpg 1 11 21 43 43
0119_0012_0038_0046_0046.jpg 1 12 38 46 46
0120_0031_0031_0064_0064.jpg 1 31 31 64 64
0121_0032_0015_0058_0058.jpg 1 32 15 58 58
0122_0017_0024_0067_0067.jpg 1 17 24 67 67
0123_0041_0016_0052_0052.jpg 1 41 16 52 52
0124_0008_0021_0029_0029.jpg 1 8 21 29 29
0125_0006_0029_0057_0057.jpg 1 6 29 57 57
0126_0025_0037_0055_0055.jpg 1 25 37 55 55
0127_0024_0010_0056_0056.jpg 1 24 10 56 56
0128_0053_0045_0035_0035.jpg 1 53 45 35 35
0129_0028_0033_0027_0027.jpg 1 28 33 27 27
0130_0029_0023_0058_0058.jpg 1 29 23 58 58
0131_0024_0043_0033_0033.jpg 1 24 43 33 33
0132_0034_0043_0046_0046.jpg 1 34 43 46 46
0133_0033_0019_0043_0043.jpg 1 33 19 43 43
0134_0021_0027_0038_0038.jpg 1 21 27 38 38
0135_0028_0012_0065_0065.jpg 1 28 12 65 65
0136_0016_0012_0041_0041.jpg 1 16 12 41 41
0137_0046_0020_0027_0027.jpg 1 46 20 27 27
0138_0034_0067_0024_0024.jpg 1 34 67 24 24
0139_0018_0021_0068_0068.jpg 1 18 21 68 68
0140_0044_0014_0046_0046.jpg 1 44 14 46 46
0141_0025_0020_0045_0045.jpg 1 25 20 45 45
0142_0029_0030_0025_0025.jpg 1 29 30 25 25
0143_0016_0009_0027_0027.jpg 1 16 9 27 27
0144_0048_0052_0039_0039.jpg 1 48 52 39 39
0145_0017_0011_0030_0030.jpg 1 17 11 30 30
0146_0040_0042_0025_0025.jpg 1 40 42 25 25
0147_0061_0039_0031_0031.jpg 1 61 39 31 31
0148_0041_0025_0037_0037.jpg 1 41 25 37 37
0149_0032_0014_0058_0058.jpg 1 32 14 58 58
0150_0008_0038_0057_0057.jpg 1 8 38 57 57
0151_0060_0025_0028_0028.jpg 1 60 25 28 28
0152_0063_0027_0028_0028.jpg 1 63 27 28 28
0153_0042_0037_0046_0046.jpg 1 42 37 46 46
0154_0006_0011_0048_0048.jpg 1 6 11 48 48
0155_0035_0057_0029_0029.jpg 1 35 57 29 29
0156_0015_0025_0057_0057.jpg 1 15 25 57 57
0157_0036_0052_0025_0025.jpg 1 36 52 25 25
0158_0012_0031_0024_0024.jpg 1 12 31 24 24
0159_0028_0016_0065_0065.jpg 1 28 16 65 65
0160_0058_0065_0026_0026.jpg 1 58 65 26 26
0161_0040_0038_0035_0035.jpg 1 40 38 35 35
0162_0020_0010_0068_0068.jpg 1 20 10 68 68
0163_0007_0013_0066_0066.jpg 1 7 13 66 66
0164_0030_0011_0040_0040.jpg 1 30 11 40 40
0165_0057_0044_0029_0029.jpg 1 57 44 29 29
0166_0033_0009_0047_0047.jpg 1 33 9 47 47
0167_0009_0011_0066_0066.jpg 1 9 11 66 66
0168_0020_0031_0054_0054.jpg 1 20 31 54 54
0169_0035_0033_0059_0059.jpg 1 35 33 59 59
0170_0030_0007_0032_0032.jpg 1 30 7 32 32
