0001_0009_0004_0068_0068.jpg 1 9 4 68 68
0002_0031_0037_0034_0034.jpg 1 31 37 34 34
0003_0016_0012_0055_0055.jpg 1 16 12 55 55
0004_0051_0008_0036_0036.jpg 1 51 8 36 36
0005_0010_0029_0037_0037.jpg 1 10 29 37 37
0006_0003_0007_0068_0068.jpg 1 3 7 68 68
0007_0047_0015_0028_0028.jpg 1 47 15 28 28
0008_0052_0020_0027_0027.jpg 1 52 20 27 27
0009_0036_0036_0045_0045.jpg 1 36 36 45 45
0010_0009_0014_0051_0051.jpg 1 9 14 51 51
0011_0030_0008_0059_0059.jpg 1 30 8 59 59
0012_0059_0057_0033_0033.jpg 1 59 57 33 33
0013_0014_0007_0040_0040.jpg 1 14 7 40 40
0014_0033_0013_0059_0059.jpg 1 33 13 59 59
0015_0040_0059_0033_0033.jpg 1 40 59 33 33
0016_0010_0018_0036_0036.jpg 1 10 18 36 36
0017_0060_0048_0029_0029.jpg 1 60 48 29 29
0018_0012_0023_0054_0054.jpg 1 12 23 54 54
0019_0021_0028_0042_0042.jpg 1 21 28 42 42
0020_0032_0014_0035_0035.jpg 1 32 14 35 35
0021_0011_0059_0029_0029.jpg 1 11 59 29 29
0022_0050_0030_0032_0032.jpg 1 50 30 32 32
0023_0024_0027_0067_0067.jpg 1 24 27 67 67
0024_0017_0024_0050_0050.jpg 1 17 24 50 50
0025_0038_0007_0046_0046.jpg 1 38 7 46 46
0026_0033_0048_0046_0046.jpg 1 33 48 46 46
0027_0028_0021_0053_0053.jpg 1 28 21 53 53
0028_0046_0047_0026_0026.jpg 1 46 47 26 26
0029_0042_0035_0035_0035.jpg 1 42 35 35 35
0030_0009_0015_0062_0062.jpg 1 9 15 62 62
0031_0010_0013_0063_0063.jpg 1 10 13 63 63
0032_0026_0014_0041_0041.jpg 1 26 14 41 41
0033_0019_0041_0049_0049.jpg 1 19 41 49 49
0034_0012_0010_0039_0039.jpg 1 12 10 39 39
0035_0011_0043_0034_0034.jpg 1 11 43 34 34
0036_0032_0004_0059_0059.jpg 1 32 4 59 59
0037_0008_0041_0028_0028.jpg 1 8 41 28 28
0038_0025_0018_0062_0062.jpg 1 25 18 62 62
0039_0037_0018_0052_0052.jpg 1 37 18 52 52
0040_0020_0028_0042_0042.jpg 1 20 28 42 42
0041_0012_0031_0053_0053.jpg 1 12 31 53 53
0042_0014_0003_0069_0069.jpg 1 14 3 69 69
0043_0008_0018_0041_0041.jpg 1 8 18 41 41
0044_0025_0031_0054_0054.jpg 1 25 31 54 54
0045_0008_0027_0041_0041.jpg 1 8 27 41 41
0046_0040_0027_0052_0052.jpg 1 40 27 52 52
0047_0022_0011_0059_0059.jpg 1 22 11 59 59
0048_0046_0018_0047_0047.jpg 1 46 18 47 47
0049_0007_0007_0064_0064.jpg 1 7 7 64 64
0050_0039_0034_0044_0044.jpg 1 39 34 44 44
0051_0013_0025_0055_0055.jpg 1 13 25 55 55
0052_0037_0024_0056_0056.jpg 1 37 24 56 56
0053_0027_0045_0043_0043.jpg 1 27 45 43 43
0054_0015_0055_0029_0029.jpg 1 15 55 29 29
0055_0036_0038_0056_0056.jpg 1 36 38 56 56
0056_0008_0020_0041_0041.jpg 1 8 20 41 41
0057_0019_0032_0037_0037.jpg 1 19 32 37 37
0058_0017_0034_0060_0060.jpg 1 17 34 60 60
0059_0051_0027_0039_0039.jpg 1 51 27 39 39
0060_0009_0026_0069_0069.jpg 1 9 26 69 69
0061_0026_0008_0035_0035.jpg 1 26 8 35 35
0062_0028_0037_0052_0052.jpg 1 28 37 52 52
0063_0027_0010_0059_0059.jpg 1 27 10 59 59
0064_0041_0055_0037_0037.jpg 1 41 55 37 37
0065_0033_0038_0034_0034.jpg 1 33 38 34 34
0066_0035_0046_0039_0039.jpg 1 35 46 39 39
0067_0014_0020_0034_0034.jpg 1 14 20 34 34
0068_0046_0036_0045_0045.jpg 1 46 36 45 45
0069_0011_0054_0031_0031.jpg 1 11 54 31 31
0070_0006_0006_0068_0068.jpg 1 6 6 68 68
0071_0008_0014_0068_0068.jpg 1 8 14 68 68
0072_0007_0045_0029_0029.jpg 1 7 45 29 29
0073_0053_0044_0026_0026.jpg 1 53 44 26 26
0074_0013_0013_0054_0054.jpg 1 13 13 54 54
0075_0015_0014_0065_0065.jpg 1 15 14 65 65
0076_0055_0015_0037_0037.jpg 1 55 15 37 37
0077_0014_0008_0038_0038.jpg 1 14 8 38 38
0078_0030_0029_0058_0058.jpg 1 30 29 58 58
0079_0017_0035_0040_0040.jpg 1 17 35 40 40
0080_0029_0028_0056_0056.jpg 1 29 28 56 56
0081_0024_0011_0046_0046.jpg 1 24 11 46 46
0082_0042_0026_0028_0028.jpg 1 42 26 28 28
0083_0043_0019_0024_0024.jpg 1 43 19 24 24
0084_0051_0029_0035_0035.jpg 1 51 29 35 35
0085_0006_0030_0044_0044.jpg 1 6 30 44 44
0086_0043_0016_0050_0050.jpg 1 43 16 50 50
0087_0034_0056_0036_0036.jpg 1 34 56 36 36
0088_0005_0006_0057_0057.jpg 1 5 6 57 57
0089_0035_0026_0054_0054.jpg 1 35 26 54 54
0090_0031_0021_0053_0053.jpg 1 31 21 53 53
0091_0026_0006_0052_0052.jpg 1 26 6 52 52
0092_0031_0009_0058_0058.jpg 1 31 9 58 58
0093_0017_0015_0061_0061.jpg 1 17 15 61 61
0094_0028_0003_0065_0065.jpg 1 28 3 65 65
0095_0006_0013_0051_0051.jpg 1 6 13 51 51
0096_0006_0013_0064_0064.jpg 1 6 13 64 64
0097_0039_0028_0032_0032.jpg 1 39 28 32 32
0098_0053_0044_0028_0028.jpg 1 53 44 28 28
0099_0048_0045_0025_0025.jpg 1 48 45 25 25
0100_0044_0046_0047_0047.jpg 1 44 46 47 47
0101_0040_0026_0041_0041.jpg 1 40 26 41 41
0102_0036_0006_0049_0049.jpg 1 36 6 49 49
0103_0063_0017_0026_0026.jpg 1 63 17 26 26
0104_0040_0042_0049_0049.jpg 1 40 42 49 49
0105_0013_0024_0035_0035.jpg 1 13 24 35 35
0106_0047_0025_0035_0035.jpg 1 47 25 35 35
0107_0025_0026_0027_0027.jpg 1 25 26 27 27
0108_0022_0056_0027_0027.jpg 1 22 56 27 27
0109_0020_0010_0046_0046.jpg 1 20 10 46 46
0110_0022_0046_0040_0040.jpg 1 22 46 40 40
0111_0008_0040_0043_0043.jpg 1 8 40 43 43
0112_0060_0037_0032_0032.jpg 1 60 37 32 32
0113_0038_0034_0048_0048.jpg 1 38 34 48 48
0114_0024_0027_0060_0060.jpg 1 24 27 60 60
0115_0015_0013_0060_0060.jpg 1 15 13 60 60
0116_0026_0009_0061_0061.jpg 1 26 9 61 61
0117_0045_0056_0035_0035.jpg 1 45 56 35 35
0118_0027_0030_0033_0033.jpg 1 27 30 33 33
0119_0021_0011_0030_0030.jpg 1 21 11 30 30
0120_0024_0022_0044_0044.jpg 1 24 22 44 44
0121_0047_0010_0037_0037.jpg 1 47 10 37 37
0122_0039_0010_0050_0050.jpg 1 39 10 50 50
0123_0021_0005_0067_0067.jpg 1 21 5 67 67
0124_0018_0038_0048_0048.jpg 1 18 38 48 48
0125_0026_0027_0051_0051.jpg 1 26 27 51 51
0126_0011_0023_0064_0064.jpg 1 11 23 64 64
0127_0018_0027_0058_0058.jpg 1 18 27 58 58
0128_0030_0021_0036_0036.jpg 1 30 21 36 36
0129_0010_0020_0059_0059.jpg 1 10 20 59 59
0130_0027_0014_0067_0067.jpg 1 27 14 67 67
0131_0039_0020_0028_0028.jpg 1 39 20 28 28
0132_0035_0026_0059_0059.jpg 1 35 26 59 59
0133_0009_0027_0036_0036.jpg 1 9 27 36 36
0134_0022_0061_0028_0028.jpg 1 22 61 28 28
0135_0028_0030_0059_0059.jpg 1 28 30 59 59
0136_0021_0013_0069_0069.jpg 1 21 13 69 69
0137_0021_0054_0036_0036.jpg 1 21 54 36 36
0138_0013_0029_0061_0061.jpg 1 13 29 61 61
0139_0004_0008_0060_0060.jpg 1 4 8 60 60
0140_0024_0022_0059_0059.jpg 1 24 22 59 59
0141_0019_0015_0058_0058.jpg 1 19 15 58 58
0142_0008_0047_0034_0034.jpg 1 8 47 34 34
0143_0015_0035_0039_0039.jpg 1 15 35 39 39
0144_0058_0029_0029_0029.jpg 1 58 29 29 29
0145_0042_0013_0024_0024.jpg 1 42 13 24 24
0146_0036_0030_0024_0024.jpg 1 36 30 24 24
0147_0029_0013_0047_0047.jpg 1 29 13 47 47
0148_0032_0023_0061_0061.jpg 1 32 23 61 61
0149_0004_0036_0055_0055.jpg 1 4 36 55 55
0150_0007_0021_0055_0055.jpg 1 7 21 55 55
0151_0014_0004_0068_0068.jpg 1 14 4 68 68
0152_0023_0027_0068_0068.jpg 1 23 27 68 68
0153_0010_0026_0066_0066.jpg 1 10 26 66 66
0154_0026_0021_0069_0069.jpg 1 26 21 69 69
0155_0013_0023_0042_0042.jpg 1 13 23 42 42
0156_0015_0020_0060_0060.jpg 1 15 20 60 60
0157_0018_0022_0034_0034.jpg 1 18 22 34 34
0158_0040_0026_0052_0052.jpg 1 40 26 52 52
0159_0011_0037_0030_0030.jpg 1 11 37 30 30
0160_0049_0037_0044_0044.jpg 1 49 37 44 44
0161_0027_0013_0053_0053.jpg 1 27 13 53 53
0162_0019_0031_0049_0049.jpg 1 19 31 49 49
0163_0018_0015_0060_0060.jpg 1 18 15 60 60
0164_0044_0024_0046_0046.jpg 1 44 24 46 46
0165_0028_0017_0052_0052.jpg 1 28 17 52 52
0166_0014_0028_0051_0051.jpg 1 14 28 51 51
0167_0036_0009_0031_0031.jpg 1 36 9 31 31
0168_0014_0036_0035_0035.jpg 1 14 36 35 35
0169_0055_0050_0031_0031.jpg 1 55 50 31 31
0170_0032_0042_0032_0032.jpg 1 32 42 32 32
