0001_0019_0023_0066_0066.jpg 1 19 23 66 66
0002_0035_0042_0034_0034.jpg 1 35 42 34 34
0003_0032_0006_0061_0061.jpg 1 32 6 61 61
0004_0041_0022_0053_0053.jpg 1 41 22 53 53
0005_0029_0027_0056_0056.jpg 1 29 27 56 56
0006_0012_0022_0062_0062.jpg 1 12 22 62 62
0007_0009_0013_0052_0052.jpg 1 9 13 52 52
0008_0039_0049_0031_0031.jpg 1 39 49 31 31
0009_0035_0018_0035_0035.jpg 1 35 18 35 35
0010_0025_0035_0049_0049.jpg 1 25 35 49 49
0011_0015_0010_0045_0045.jpg 1 15 10 45 45
0012_0009_0033_0052_0052.jpg 1 9 33 52 52
0013_0018_0039_0048_0048.jpg 1 18 39 48 48
0014_0062_0037_0026_0026.jpg 1 62 37 26 26
0015_0025_0013_0032_0032.jpg 1 25 13 32 32
0016_0021_0011_0064_0064.jpg 1 21 11 64 64
0017_0004_0003_0063_0063.jpg 1 4 3 63 63
0018_0030_0050_0033_0033.jpg 1 30 50 33 33
0019_0014_0030_0049_0049.jpg 1 14 30 49 49
0020_0013_0009_0066_0066.jpg 1 13 9 66 66
0021_0024_0057_0028_0028.jpg 1 24 57 28 28
0022_0048_0029_0043_0043.jpg 1 48 29 43 43
0023_0047_0043_0045_0045.jpg 1 47 43 45 45
0024_0029_0010_0055_0055.jpg 1 29 10 55 55
0025_0059_0062_0026_0026.jpg 1 59 62 26 26
0026_0020_0022_0050_0050.jpg 1 20 22 50 50
0027_0046_0041_0037_0037.jpg 1 46 41 37 37
0028_0053_0008_0035_0035.jpg 1 53 8 35 35
0029_0043_0032_0048_0048.jpg 1 43 32 48 48
0030_0004_0005_0069_0069.jpg 1 4 5 69 69
0031_0018_0018_0067_0067.jpg 1 18 18 67 67
0032_0033_0059_0031_0031.jpg 1 33 59 31 31
0033_0026_0032_0045_0045.jpg 1 26 32 45 45
0034_0041_0012_0047_0047.jpg 1 41 12 47 47
0035_0013_0011_0026_0026.jpg 1 13 11 26 26
0036_0029_0007_0063_0063.jpg 1 29 7 63 63
0037_0029_0011_0060_0060.jpg 1 29 11 60 60
0038_0059_0019_0027_0027.jpg 1 59 19 27 27
0039_0036_0046_0043_0043.jpg 1 36 46 43 43
0040_0012_0029_0030_0030.jpg 1 12 29 30 30
0041_0023_0060_0029_0029.jpg 1 23 60 29 29
0042_0057_0026_0033_0033.jpg 1 57 26 33 33
0043_0045_0035_0036_0036.jpg 1 45 35 36 36
0044_0011_0055_0033_0033.jpg 1 11 55 33 33
0045_0051_0046_0037_0037.jpg 1 51 46 37 37
0046_0024_0021_0068_0068.jpg 1 24 21 68 68
0047_0011_0009_0046_0046.jpg 1 11 9 46 46
0048_0007_0008_0063_0063.jpg 1 7 8 63 63
0049_0024_0034_0055_0055.jpg 1 24 34 55 55
0050_0053_0036_0025_0025.jpg 1 53 36 25 25
0051_0016_0012_0049_0049.jpg 1 16 12 49 49
0052_0040_0044_0046_0046.jpg 1 40 44 46 46
0053_0030_0015_0039_0039.jpg 1 30 15 39 39
0054_0042_0041_0036_0036.jpg 1 42 41 36 36
0055_0021_0021_0063_0063.jpg 1 21 21 63 63
0056_0009_0006_0068_0068.jpg 1 9 6 68 68
0057_0046_0052_0030_0030.jpg 1 46 52 30 30
0058_0031_0041_0038_0038.jpg 1 31 41 38 38
0059_0004_0037_0057_0057.jpg 1 4 37 57 57
0060_0026_0025_0052_0052.jpg 1 26 25 52 52
0061_0024_0021_0050_0050.jpg 1 24 21 50 50
0062_0007_0019_0047_0047.jpg 1 7 19 47 47
0063_0030_0014_0064_0064.jpg 1 30 14 64 64
0064_0033_0032_0058_0058.jpg 1 33 32 58 58
0065_0027_0029_0065_0065.jpg 1 27 29 65 65
0066_0016_0010_0044_0044.jpg 1 16 10 44 44
0067_0028_0048_0042_0042.jpg 1 28 48 42 42
0068_0014_0005_0064_0064.jpg 1 14 5 64 64
0069_0020_0029_0062_0062.jpg 1 20 29 62 62
0070_0018_0021_0037_0037.jpg 1 18 21 37 37
0071_0033_0040_0037_0037.jpg 1 33 40 37 37
0072_0024_0022_0024_0024.jpg 1 24 22 24 24
0073_0009_0019_0060_0060.jpg 1 9 19 60 60
0074_0009_0020_0052_0052.jpg 1 9 20 52 52
0075_0010_0006_0044_0044.jpg 1 10 6 44 44
0076_0047_0016_0043_0043.jpg 1 47 16 43 43
0077_0034_0023_0031_0031.jpg 1 34 23 31 31
0078_0024_0020_0066_0066.jpg 1 24 20 66 66
0079_0007_0019_0044_0044.jpg 1 7 19 44 44
0080_0024_0017_0063_0063.jpg 1 24 17 63 63
0081_0010_0018_0068_0068.jpg 1 10 18 68 68
0082_0023_0014_0041_0041.jpg 1 23 14 41 41
0083_0041_0035_0051_0051.jpg 1 41 35 51 51
0084_0021_0041_0025_0025.jpg 1 21 41 25 25
0085_0024_0008_0050_0050.jpg 1 24 8 50 50
0086_0014_0037_0056_0056.jpg 1 14 37 56 56
0087_0051_0023_0035_0035.jpg 1 51 23 35 35
0088_0050_0026_0031_0031.jpg 1 50 26 31 31
0089_0030_0046_0045_0045.jpg 1 30 46 45 45
0090_0019_0024_0066_0066.jpg 1 19 24 66 66
0091_0036_0033_0052_0052.jpg 1 36 33 52 52
0092_0046_0042_0042_0042.jpg 1 46 42 42 42
0093_0060_0032_0032_0032.jpg 1 60 32 32 32
0094_0011_0037_0056_0056.jpg 1 11 37 56 56
0095_0028_0022_0049_0049.jpg 1 28 22 49 49
0096_0050_0032_0038_0038.jpg 1 50 32 38 38
0097_0027_0023_0066_0066.jpg 1 27 23 66 66
0098_0038_0013_0027_0027.jpg 1 38 13 27 27
0099_0042_0041_0048_0048.jpg 1 42 41 48 48
0100_0040_0052_0034_0034.jpg 1 40 52 34 34
0101_0021_0042_0031_0031.jpg 1 21 42 31 31
0102_0019_0020_0065_0065.jpg 1 19 20 65 65
0103_0042_0012_0048_0048.jpg 1 42 12 48 48
0104_0033_0010_0056_0056.jpg 1 33 10 56 56
0105_0006_0029_0053_0053.jpg 1 6 29 53 53
0106_0014_0029_0049_0049.jpg 1 14 29 49 49
0107_0010_0008_0059_0059.jpg 1 10 8 59 59
0108_0010_0015_0039_0039.jpg 1 10 15 39 39
0109_0020_0013_0051_0051.jpg 1 20 13 51 51
0110_0015_0020_0069_0069.jpg 1 15 20 69 69
0111_0032_0020_0039_0039.jpg 1 32 20 39 39
0112_0027_0023_0030_0030.jpg 1 27 23 30 30
0113_0015_0013_0038_0038.jpg 1 15 13 38 38
0114_0037_0012_0053_0053.jpg 1 37 12 53 53
0115_0022_0010_0064_0064.jpg 1 22 10 64 64
0116_0048_0038_0027_0027.jpg 1 48 38 27 27
0117_0065_0009_0027_0027.jpg 1 65 9 27 27
0118_0033_0038_0031_0031.jpg 1 33 38 31 31
0119_0035_0031_0049_0049.jpg 1 35 31 49 49
0120_0038_0010_0038_0038.jpg 1 38 10 38 38
0121_0031_0050_0026_0026.jpg 1 31 50 26 26
0122_0039_0044_0038_0038.jpg 1 39 44 38 38
0123_0031_0025_0031_0031.jpg 1 31 25 31 31
0124_0026_0040_0031_0031.jpg 1 26 40 31 31
0125_0018_0033_0024_0024.jpg 1 18 33 24 24
0126_0022_0020_0063_0063.jpg 1 22 20 63 63
0127_0060_0038_0033_0033.jpg 1 60 38 33 33
0128_0033_0037_0030_0030.jpg 1 33 37 30 30
0129_0037_0020_0024_0024.jpg 1 37 20 24 24
0130_0025_0025_0067_0067.jpg 1 25 25 67 67
0131_0018_0007_0045_0045.jpg 1 18 7 45 45
0132_0012_0031_0037_0037.jpg 1 12 31 37 37
0133_0018_0035_0057_0057.jpg 1 18 35 57 57
0134_0018_0029_0059_0059.jpg 1 18 29 59 59
0135_0032_0038_0051_0051.jpg 1 32 38 51 51
0136_0027_0014_0055_0055.jpg 1 27 14 55 55
0137_0022_0043_0032_0032.jpg 1 22 43 32 32
0138_0010_0021_0039_0039.jpg 1 10 21 39 39
0139_0024_0006_0043_0043.jpg 1 24 6 43 43
0140_0042_0045_0025_0025.jpg 1 42 45 25 25
0141_0025_0037_0040_0040.jpg 1 25 37 40 40
0142_0025_0006_0045_0045.jpg 1 25 6 45 45
0143_0022_0030_0061_0061.jpg 1 22 30 61 61
0144_0027_0057_0026_0026.jpg 1 27 57 26 26
0145_0036_0025_0041_0041.jpg 1 36 25 41 41
0146_0029_0015_0043_0043.jpg 1 29 15 43 43
0147_0014_0005_0062_0062.jpg 1 14 5 62 62
0148_0045_0026_0034_0034.jpg 1 45 26 34 34
0149_0016_0008_0063_0063.jpg 1 16 8 63 63
0150_0036_0016_0033_0033.jpg 1 36 16 33 33
0151_0040_0043_0049_0049.jpg 1 40 43 49 49
0152_0032_0011_0057_0057.jpg 1 32 11 57 57
0153_0020_0018_0069_0069.jpg 1 20 18 69 69
0154_0014_0026_0044_0044.jpg 1 14 26 44 44
0155_0025_0012_0025_0025.jpg 1 25 12 25 25
0156_0013_0035_0048_0048.jpg 1 13 35 48 48
0157_0006_0024_0069_0069.jpg 1 6 24 69 69
0158_0019_0006_0036_0036.jpg 1 19 6 36 36
0159_0003_0010_0069_0069.jpg 1 3 10 69 69
0160_0030_0019_0061_0061.jpg 1 30 19 61 61
0161_0037_0031_0056_0056.jpg 1 37 31 56 56
0162_0014_0004_0066_0066.jpg 1 14 4 66 66
0163_0024_0025_0068_0068.jpg 1 24 25 68 68
0164_0027_0029_0054_0054.jpg 1 27 29 54 54
0165_0041_0017_0039_0039.jpg 1 41 17 39 39
0166_0012_0005_0058_0058.jpg 1 12 5 58 58
0167_0026_0017_0059_0059.jpg 1 26 17 59 59
0168_0017_0025_0040_0040.jpg 1 17 25 40 40
0169_0034_0006_0049_0049.jpg 1 34 6 49 49
0170_0009_0021_0063_0063.jpg 1 9 21 63 63
