0001_0030_0023_0040_0040.jpg 1 30 23 40 40
0002_0015_0007_0039_0039.jpg 1 15 7 39 39
0003_0016_0005_0067_0067.jpg 1 16 5 67 67
0004_0031_0014_0049_0049.jpg 1 31 14 49 49
0005_0035_0020_0060_0060.jpg 1 35 20 60 60
0006_0051_0034_0028_0028.jpg 1 51 34 28 28
0007_0019_0010_0043_0043.jpg 1 19 10 43 43
0008_0009_0023_0038_0038.jpg 1 9 23 38 38
0009_0014_0029_0064_0064.jpg 1 14 29 64 64
0010_0035_0038_0042_0042.jpg 1 35 38 42 42
0011_0015_0014_0051_0051.jpg 1 15 14 51 51
0012_0029_0009_0054_0054.jpg 1 29 9 54 54
0013_0010_0032_0057_0057.jpg 1 10 32 57 57
0014_0005_0026_0067_0067.jpg 1 5 26 67 67
0015_0037_0025_0034_0034.jpg 1 37 25 34 34
0016_0028_0045_0031_0031.jpg 1 28 45 31 31
0017_0026_0028_0061_0061.jpg 1 26 28 61 61
0018_0022_0023_0049_0049.jpg 1 22 23 49 49
0019_0037_0006_0039_0039.jpg 1 37 6 39 39
0020_0032_0021_0054_0054.jpg 1 32 21 54 54
0021_0045_0026_0039_0039.jpg 1 45 26 39 39
0022_0033_0007_0045_0045.jpg 1 33 7 45 45
0023_0054_0028_0025_0025.jpg 1 54 28 25 25
0024_0044_0022_0050_0050.jpg 1 44 22 50 50
0025_0007_0028_0066_0066.jpg 1 7 28 66 66
0026_0017_0048_0044_0044.jpg 1 17 48 44 44
0027_0036_0014_0044_0044.jpg 1 36 14 44 44
0028_0018_0040_0052_0052.jpg 1 18 40 52 52
0029_0013_0053_0040_0040.jpg 1 13 53 40 40
0030_0023_0027_0064_0064.jpg 1 23 27 64 64
0031_0041_0037_0027_0027.jpg 1 41 37 27 27
0032_0004_0009_0058_0058.jpg 1 4 9 58 58
0033_0010_0025_0069_0069.jpg 1 10 25 69 69
0034_0060_0053_0029_0029.jpg 1 60 53 29 29
0035_0010_0035_0032_0032.jpg 1 10 35 32 32
0036_0047_0011_0044_0044.jpg 1 47 11 44 44
0037_0018_0049_0030_0030.jpg 1 18 49 30 30
0038_0036_0039_0047_0047.jpg 1 36 39 47 47
0039_0028_0017_0046_0046.jpg 1 28 17 46 46
0040_0028_0017_0053_0053.jpg 1 28 17 53 53
0041_0057_0056_0029_0029.jpg 1 57 56 29 29
0042_0030_0039_0040_0040.jpg 1 30 39 40 40
0043_0034_0023_0044_0044.jpg 1 34 23 44 44
0044_0014_0008_0062_0062.jpg 1 14 8 62 62
0045_0044_0028_0049_0049.jpg 1 44 28 49 49
0046_0031_0008_0033_0033.jpg 1 31 8 33 33
0047_0029_0029_0055_0055.jpg 1 29 29 55 55
0048_0039_0037_0055_0055.jpg 1 39 37 55 55
0049_0022_0030_0059_0059.jpg 1 22 30 59 59
0050_0012_0037_0045_0045.jpg 1 12 37 45 45
0051_0030_0028_0047_0047.jpg 1 30 28 47 47
0052_0045_0052_0032_0032.jpg 1 45 52 32 32
0053_0045_0023_0032_0032.jpg 1 45 23 32 32
0054_0040_0017_0043_0043.jpg 1 40 17 43 43
0055_0050_0030_0029_0029.jpg 1 50 30 29 29
0056_0012_0015_0050_0050.jpg 1 12 15 50 50
0057_0023_0015_0034_0034.jpg 1 23 15 34 34
0058_0045_0032_0045_0045.jpg 1 45 32 45 45
0059_0036_0043_0040_0040.jpg 1 36 43 40 40
0060_0023_0009_0058_0058.jpg 1 23 9 58 58
0061_0047_0008_0042_0042.jpg 1 47 8 42 42
0062_0008_0028_0060_0060.jpg 1 8 28 60 60
0063_0005_0045_0049_0049.jpg 1 5 45 49 49
0064_0021_0020_0064_0064.jpg 1 21 20 64 64
0065_0037_0033_0046_0046.jpg 1 37 33 46 46
0066_0041_0012_0047_0047.jpg 1 41 12 47 47
0067_0004_0008_0069_0069.jpg 1 4 8 69 69
0068_0059_0030_0029_0029.jpg 1 59 30 29 29
0069_0013_0013_0068_0068.jpg 1 13 13 68 68
0070_0010_0025_0053_0053.jpg 1 10 25 53 53
0071_0037_0026_0048_0048.jpg 1 37 26 48 48
0072_0020_0031_0024_0024.jpg 1 20 31 24 24
0073_0024_0014_0029_0029.jpg 1 24 14 29 29
0074_0048_0044_0041_0041.jpg 1 48 44 41 41
0075_0051_0038_0037_0037.jpg 1 51 38 37 37
0076_0009_0027_0056_0056.jpg 1 9 27 56 56
0077_0028_0011_0057_0057.jpg 1 28 11 57 57
0078_0022_0031_0062_0062.jpg 1 22 31 62 62
0079_0015_0036_0054_0054.jpg 1 15 36 54 54
0080_0028_0047_0032_0032.jpg 1 28 47 32 32
0081_0029_0005_0058_0058.jpg 1 29 5 58 58
0082_0028_0029_0034_0034.jpg 1 28 29 34 34
0083_0043_0054_0028_0028.jpg 1 43 54 28 28
0084_0038_0022_0048_0048.jpg 1 38 22 48 48
0085_0006_0017_0057_0057.jpg 1 6 17 57 57
0086_0049_0017_0041_0041.jpg 1 49 17 41 41
0087_0051_0015_0040_0040.jpg 1 51 15 40 40
0088_0010_0052_0036_0036.jpg 1 10 52 36 36
0089_0030_0009_0062_0062.jpg 1 30 9 62 62
0090_0003_0020_0068_0068.jpg 1 3 20 68 68
0091_0046_0034_0037_0037.jpg 1 46 34 37 37
0092_0015_0007_0069_0069.jpg 1 15 7 69 69
0093_0057_0058_0034_0034.jpg 1 57 58 34 34
0094_0039_0049_0037_0037.jpg 1 39 49 37 37
0095_0059_0041_0030_0030.jpg 1 59 41 30 30
0096_0030_0007_0062_0062.jpg 1 30 7 62 62
0097_0006_0042_0048_0048.jpg 1 6 42 48 48
0098_0053_0036_0034_0034.jpg 1 53 36 34 34
0099_0035_0027_0057_0057.jpg 1 35 27 57 57
0100_0018_0021_0067_0067.jpg 1 18 21 67 67
0101_0044_0025_0048_0048.jpg 1 44 25 48 48
0102_0021_0011_0040_0040.jpg 1 21 11 40 40
0103_0038_0019_0049_0049.jpg 1 38 19 49 49
0104_0043_0049_0032_0032.jpg 1 43 49 32 32
0105_0030_0028_0029_0029.jpg 1 30 28 29 29
0106_0060_0011_0030_0030.jpg 1 60 11 30 30
0107_0020_0046_0037_0037.jpg 1 20 46 37 37
0108_0019_0006_0055_0055.jpg 1 19 6 55 55
0109_0026_0035_0061_0061.jpg 1 26 35 61 61
0110_0024_0013_0068_0068.jpg 1 24 13 68 68
0111_0007_0007_0058_0058.jpg 1 7 7 58 58
0112_0042_0042_0046_0046.jpg 1 42 42 46 46
0113_0053_0036_0030_0030.jpg 1 53 36 30 30
0114_0012_0022_0027_0027.jpg 1 12 22 27 27
0115_0050_0044_0043_0043.jpg 1 50 44 43 43
0116_0038_0032_0053_0053.jpg 1 38 32 53 53
0117_0026_0027_0055_0055.jpg 1 26 27 55 55
0118_0030_0030_0048_0048.jpg 1 30 30 48 48
0119_0035_0035_0038_0038.jpg 1 35 35 38 38
0120_0015_0056_0035_0035.jpg 1 15 56 35 35
0121_0021_0037_0055_0055.jpg 1 21 37 55 55
0122_0034_0024_0042_0042.jpg 1 34 24 42 42
0123_0008_0006_0044_0044.jpg 1 8 6 44 44
0124_0020_0027_0049_0049.jpg 1 20 27 49 49
0125_0027_0021_0069_0069.jpg 1 27 21 69 69
0126_0041_0028_0050_0050.jpg 1 41 28 50 50
0127_0039_0006_0048_0048.jpg 1 39 6 48 48
0128_0053_0006_0032_0032.jpg 1 53 6 32 32
0129_0065_0015_0027_0027.jpg 1 65 15 27 27
0130_0024_0042_0050_0050.jpg 1 24 42 50 50
0131_0047_0043_0047_0047.jpg 1 47 43 47 47
0132_0045_0025_0045_0045.jpg 1 45 25 45 45
0133_0014_0021_0048_0048.jpg 1 14 21 48 48
0134_0027_0020_0058_0058.jpg 1 27 20 58 58
0135_0035_0010_0038_0038.jpg 1 35 10 38 38
0136_0025_0006_0069_0069.jpg 1 25 6 69 69
0137_0014_0022_0065_0065.jpg 1 14 22 65 65
0138_0031_0006_0064_0064.jpg 1 31 6 64 64
0139_0016_0014_0046_0046.jpg 1 16 14 46 46
0140_0042_0012_0052_0052.jpg 1 42 12 52 52
0141_0022_0005_0043_0043.jpg 1 22 5 43 43
0142_0030_0011_0063_0063.jpg 1 30 11 63 63
0143_0022_0017_0056_0056.jpg 1 22 17 56 56
0144_0058_0016_0031_0031.jpg 1 58 16 31 31
0145_0012_0006_0069_0069.jpg 1 12 6 69 69
0146_0052_0008_0024_0024.jpg 1 52 8 24 24
0147_0011_0023_0028_0028.jpg 1 11 23 28 28
0148_0016_0014_0065_0065.jpg 1 16 14 65 65
0149_0009_0040_0043_0043.jpg 1 9 40 43 43
0150_0029_0012_0050_0050.jpg 1 29 12 50 50
0151_0037_0020_0026_0026.jpg 1 37 20 26 26
0152_0048_0017_0037_0037.jpg 1 48 17 37 37
0153_0042_0009_0037_0037.jpg 1 42 9 37 37
0154_0054_0018_0036_0036.jpg 1 54 18 36 36
0155_0026_0029_0062_0062.jpg 1 26 29 62 62
0156_0010_0025_0027_0027.jpg 1 10 25 27 27
0157_0006_0015_0035_0035.jpg 1 6 15 35 35
0158_0013_0028_0058_0058.jpg 1 13 28 58 58
0159_0005_0020_0067_0067.jpg 1 5 20 67 67
0160_0024_0003_0066_0066.jpg 1 24 3 66 66
0161_0014_0015_0068_0068.jpg 1 14 15 68 68
0162_0052_0040_0032_0032.jpg 1 52 40 32 32
0163_0027_0010_0060_0060.jpg 1 27 10 60 60
0164_0044_0017_0027_0027.jpg 1 44 17 27 27
0165_0038_0022_0049_0049.jpg 1 38 22 49 49
0166_0028_0012_0048_0048.jpg 1 28 12 48 48
0167_0031_0013_0035_0035.jpg 1 31 13 35 35
0168_0016_0041_0045_0045.jpg 1 16 41 45 45
0169_0006_0012_0040_0040.jpg 1 6 12 40 40
0170_0024_0015_0068_0068.jpg 1 24 15 68 68
