0001_0018_0019_0067_0067.jpg 1 18 19 67 67
0002_0007_0026_0063_0063.jpg 1 7 26 63 63
0003_0023_0060_0026_0026.jpg 1 23 60 26 26
0004_0011_0046_0048_0048.jpg 1 11 46 48 48
0005_0033_0038_0033_0033.jpg 1 33 38 33 33
0006_0014_0056_0024_0024.jpg 1 14 56 24 24
0007_0046_0040_0037_0037.jpg 1 46 40 37 37
0008_0029_0035_0043_0043.jpg 1 29 35 43 43
0009_0043_0015_0050_0050.jpg 1 43 15 50 50
0010_0028_0050_0043_0043.jpg 1 28 50 43 43
0011_0011_0005_0065_0065.jpg 1 11 5 65 65
0012_0029_0007_0052_0052.jpg 1 29 7 52 52
0013_0016_0011_0045_0045.jpg 1 16 11 45 45
0014_0016_0049_0026_0026.jpg 1 16 49 26 26
0015_0053_0033_0040_0040.jpg 1 53 33 40 40
0016_0038_0035_0040_0040.jpg 1 38 35 40 40
0017_0009_0030_0032_0032.jpg 1 9 30 32 32
0018_0030_0043_0050_0050.jpg 1 30 43 50 50
0019_0044_0044_0027_0027.jpg 1 44 44 27 27
0020_0025_0017_0068_0068.jpg 1 25 17 68 68
0021_0033_0042_0043_0043.jpg 1 33 42 43 43
0022_0021_0038_0029_0029.jpg 1 21 38 29 29
0023_0047_0050_0032_0032.jpg 1 47 50 32 32
0024_0044_0021_0033_0033.jpg 1 44 21 33 33
0025_0041_0030_0025_0025.jpg 1 41 30 25 25
0026_0020_0018_0047_0047.jpg 1 20 18 47 47
0027_0033_0026_0047_0047.jpg 1 33 26 47 47
0028_0038_0031_0042_0042.jpg 1 38 31 42 42
0029_0036_0022_0049_0049.jpg 1 36 22 49 49
0030_0007_0017_0042_0042.jpg 1 7 17 42 42
0031_0018_0019_0032_0032.jpg 1 18 19 32 32
0032_0032_0014_0058_0058.jpg 1 32 14 58 58
0033_0043_0009_0048_0048.jpg 1 43 9 48 48
0034_0010_0020_0048_0048.jpg 1 10 20 48 48
0035_0029_0026_0040_0040.jpg 1 29 26 40 40
0036_0007_0044_0033_0033.jpg 1 7 44 33 33
0037_0020_0007_0063_0063.jpg 1 20 7 63 63
0038_0034_0027_0046_0046.jpg 1 34 27 46 46
0039_0009_0043_0042_0042.jpg 1 9 43 42 42
0040_0017_0011_0066_0066.jpg 1 17 11 66 66
0041_0009_0028_0034_0034.jpg 1 9 28 34 34
0042_0054_0048_0039_0039.jpg 1 54 48 39 39
0043_0044_0019_0034_0034.jpg 1 44 19 34 34
0044_0034_0023_0051_0051.jpg 1 34 23 51 51
0045_0015_0010_0060_0060.jpg 1 15 10 60 60
0046_0003_0028_0061_0061.jpg 1 3 28 61 61
0047_0026_0009_0045_0045.jpg 1 26 9 45 45
0048_0038_0018_0048_0048.jpg 1 38 18 48 48
0049_0021_0005_0050_0050.jpg 1 21 5 50 50
0050_0019_0004_0069_0069.jpg 1 19 4 69 69
0051_0025_0006_0050_0050.jpg 1 25 6 50 50
0052_0028_0017_0037_0037.jpg 1 28 17 37 37
0053_0005_0030_0048_0048.jpg 1 5 30 48 48
0054_0006_0015_0064_0064.jpg 1 6 15 64 64
0055_0023_0035_0052_0052.jpg 1 23 35 52 52
0056_0016_0011_0062_0062.jpg 1 16 11 62 62
0057_0035_0018_0055_0055.jpg 1 35 18 55 55
0058_0005_0006_0058_0058.jpg 1 5 6 58 58
0059_0036_0010_0057_0057.jpg 1 36 10 57 57
0060_0032_0008_0057_0057.jpg 1 32 8 57 57
0061_0039_0007_0027_0027.jpg 1 39 7 27 27
0062_0015_0007_0053_0053.jpg 1 15 7 53 53
0063_0035_0007_0059_0059.jpg 1 35 7 59 59
0064_0026_0007_0035_0035.jpg 1 26 7 35 35
0065_0024_0014_0024_0024.jpg 1 24 14 24 24
0066_0058_0019_0025_0025.jpg 1 58 19 25 25
0067_0037_0021_0057_0057.jpg 1 37 21 57 57
0068_0033_0046_0036_0036.jpg 1 33 46 36 36
0069_0008_0037_0039_0039.jpg 1 8 37 39 39
0070_0041_0012_0030_0030.jpg 1 41 12 30 30
0071_0029_0010_0058_0058.jpg 1 29 10 58 58
0072_0016_0008_0032_0032.jpg 1 16 8 32 32
0073_0014_0006_0067_0067.jpg 1 14 6 67 67
0074_0033_0014_0059_0059.jpg 1 33 14 59 59
0075_0024_0017_0031_0031.jpg 1 24 17 31 31
0076_0060_0055_0025_0025.jpg 1 60 55 25 25
0077_0032_0010_0058_0058.jpg 1 32 10 58 58
0078_0025_0038_0025_0025.jpg 1 25 38 25 25
0079_0014_0031_0026_0026.jpg 1 14 31 26 26
0080_0021_0040_0032_0032.jpg 1 21 40 32 32
0081_0052_0036_0024_0024.jpg 1 52 36 24 24
0082_0012_0015_0048_0048.jpg 1 12 15 48 48
0083_0022_0034_0034_0034.jpg 1 22 34 34 34
0084_0023_0004_0063_0063.jpg 1 23 4 63 63
0085_0007_0026_0057_0057.jpg 1 7 26 57 57
0086_0026_0008_0067_0067.jpg 1 26 8 67 67
0087_0019_0035_0040_0040.jpg 1 19 35 40 40
0088_0045_0029_0039_0039.jpg 1 45 29 39 39
0089_0064_0041_0024_0024.jpg 1 64 41 24 24
0090_0008_0018_0068_0068.jpg 1 8 18 68 68
0091_0050_0049_0038_0038.jpg 1 50 49 38 38
0092_0009_0017_0069_0069.jpg 1 9 17 69 69
0093_0037_0067_0024_0024.jpg 1 37 67 24 24
0094_0022_0016_0061_0061.jpg 1 22 16 61 61
0095_0025_0009_0068_0068.jpg 1 25 9 68 68
0096_0030_0048_0030_0030.jpg 1 30 48 30 30
0097_0018_0018_0059_0059.jpg 1 18 18 59 59
0098_0013_0012_0045_0045.jpg 1 13 12 45 45
0099_0047_0010_0042_0042.jpg 1 47 10 42 42
0100_0011_0023_0059_0059.jpg 1 11 23 59 59
0101_0035_0009_0047_0047.jpg 1 35 9 47 47
0102_0040_0047_0026_0026.jpg 1 40 47 26 26
0103_0021_0021_0025_0025.jpg 1 21 21 25 25
0104_0022_0043_0028_0028.jpg 1 22 43 28 28
0105_0014_0028_0052_0052.jpg 1 14 28 52 52
0106_0058_0055_0029_0029.jpg 1 58 55 29 29
0107_0061_0020_0026_0026.jpg 1 61 20 26 26
0108_0029_0039_0044_0044.jpg 1 29 39 44 44
0109_0049_0010_0039_0039.jpg 1 49 10 39 39
0110_0008_0023_0055_0055.jpg 1 8 23 55 55
0111_0010_0036_0050_0050.jpg 1 10 36 50 50
0112_0033_0040_0052_0052.jpg 1 33 40 52 52
0113_0036_0033_0037_0037.jpg 1 36 33 37 37
0114_0021_0021_0063_0063.jpg 1 21 21 63 63
0115_0028_0006_0052_0052.jpg 1 28 6 52 52
0116_0024_0005_0066_0066.jpg 1 24 5 66 66
0117_0016_0023_0057_0057.jpg 1 16 23 57 57
0118_0021_0029_0053_0053.jpg 1 21 29 53 53
0119_0030_0049_0036_0036.jpg 1 30 49 36 36
0120_0042_0042_0049_0049.jpg 1 42 42 49 49
0121_0017_0043_0045_0045.jpg 1 17 43 45 45
0122_0033_0036_0052_0052.jpg 1 33 36 52 52
0123_0005_0021_0069_0069.jpg 1 5 21 69 69
0124_0044_0008_0050_0050.jpg 1 44 8 50 50
0125_0008_0051_0033_0033.jpg 1 8 51 33 33
0126_0033_0008_0061_0061.jpg 1 33 8 61 61
0127_0017_0009_0054_0054.jpg 1 17 9 54 54
0128_0033_0036_0058_0058.jpg 1 33 36 58 58
0129_0029_0041_0030_0030.jpg 1 29 41 30 30
0130_0007_0004_0067_0067.jpg 1 7 4 67 67
0131_0005_0027_0060_0060.jpg 1 5 27 60 60
0132_0056_0057_0036_0036.jpg 1 56 57 36 36
0133_0010_0003_0067_0067.jpg 1 10 3 67 67
0134_0034_0020_0032_0032.jpg 1 34 20 32 32
0135_0045_0059_0025_0025.jpg 1 45 59 25 25
0136_0033_0011_0027_0027.jpg 1 33 11 27 27
0137_0011_0015_0067_0067.jpg 1 11 15 67 67
0138_0007_0045_0049_0049.jpg 1 7 45 49 49
0139_0011_0020_0065_0065.jpg 1 11 20 65 65
0140_0004_0020_0068_0068.jpg 1 4 20 68 68
0141_0009_0029_0049_0049.jpg 1 9 29 49 49
0142_0018_0007_0069_0069.jpg 1 18 7 69 69
0143_0021_0029_0052_0052.jpg 1 21 29 52 52
0144_0052_0017_0039_0039.jpg 1 52 17 39 39
0145_0036_0004_0056_0056.jpg 1 36 4 56 56
0146_0032_0026_0046_0046.jpg 1 32 26 46 46
0147_0019_0062_0024_0024.jpg 1 19 62 24 24
0148_0044_0027_0024_0024.jpg 1 44 27 24 24
0149_0022_0014_0043_0043.jpg 1 22 14 43 43
0150_0048_0019_0040_0040.jpg 1 48 19 40 40
0151_0021_0044_0034_0034.jpg 1 21 44 34 34
0152_0055_0059_0030_0030.jpg 1 55 59 30 30
0153_0036_0023_0036_0036.jpg 1 36 23 36 36
0154_0025_0024_0065_0065.jpg 1 25 24 65 65
0155_0047_0046_0033_0033.jpg 1 47 46 33 33
0156_0020_0028_0058_0058.jpg 1 20 28 58 58
0157_0043_0017_0043_0043.jpg 1 43 17 43 43
0158_0007_0031_0031_0031.jpg 1 7 31 31 31
0159_0042_0045_0049_0049.jpg 1 42 45 49 49
0160_0055_0041_0033_0033.jpg 1 55 41 33 33
0161_0011_0041_0046_0046.jpg 1 11 41 46 46
0162_0036_0036_0056_0056.jpg 1 36 36 56 56
0163_0048_0061_0029_0029.jpg 1 48 61 29 29
0164_0047_0039_0040_0040.jpg 1 47 39 40 40
0165_0011_0012_0067_0067.jpg 1 11 12 67 67
0166_0054_0011_0026_0026.jpg 1 54 11 26 26
0167_0053_0027_0033_0033.jpg 1 53 27 33 33
0168_0053_0036_0026_0026.jpg 1 53 36 26 26
0169_0020_0051_0035_0035.jpg 1 20 51 35 35
0170_0054_0017_0029_0029.jpg 1 54 17 29 29
