0001_0029_0021_0058_0058.jpg 1 29 21 58 58
0002_0019_0036_0029_0029.jpg 1 19 36 29 29
0003_0059_0057_0034_0034.jpg 1 59 57 34 34
0004_0023_0036_0040_0040.jpg 1 23 36 40 40
0005_0018_0003_0068_0068.jpg 1 18 3 68 68
0006_0014_0016_0062_0062.jpg 1 14 16 62 62
0007_0011_0023_0036_0036.jpg 1 11 23 36 36
0008_0043_0018_0024_0024.jpg 1 43 18 24 24
0009_0013_0008_0068_0068.jpg 1 13 8 68 68
0010_0022_0006_0049_0049.jpg 1 22 6 49 49
0011_0019_0033_0047_0047.jpg 1 19 33 47 47
0012_0052_0031_0026_0026.jpg 1 52 31 26 26
0013_0062_0017_0030_0030.jpg 1 62 17 30 30
0014_0033_0011_0056_0056.jpg 1 33 11 56 56
0015_0011_0034_0042_0042.jpg 1 11 34 42 42
0016_0040_0029_0036_0036.jpg 1 40 29 36 36
0017_0012_0007_0065_0065.jpg 1 12 7 65 65
0018_0021_0043_0045_0045.jpg 1 21 43 45 45
0019_0021_0007_0053_0053.jpg 1 21 7 53 53
0020_0015_0046_0036_0036.jpg 1 15 46 36 36
0021_0034_0025_0024_0024.jpg 1 34 25 24 24
0022_0008_0016_0047_0047.jpg 1 8 16 47 47
0023_0016_0058_0030_0030.jpg 1 16 58 30 30
0024_0051_0010_0043_0043.jpg 1 51 10 43 43
0025_0016_0026_0066_0066.jpg 1 16 26 66 66
0026_0042_0031_0028_0028.jpg 1 42 31 28 28
0027_0052_0021_0030_0030.jpg 1 52 21 30 30
0028_0021_0023_0056_0056.jpg 1 21 23 56 56
0029_0041_0017_0054_0054.jpg 1 41 17 54 54
0030_0018_0022_0061_0061.jpg 1 18 22 61 61
0031_0045_0013_0036_0036.jpg 1 45 13 36 36
0032_0014_0014_0044_0044.jpg 1 14 14 44 44
0033_0004_0014_0069_0069.jpg 1 4 14 69 69
0034_0052_0055_0037_0037.jpg 1 52 55 37 37
0035_0006_0020_0058_0058.jpg 1 6 20 58 58
0036_0011_0027_0069_0069.jpg 1 11 27 69 69
0037_0004_0008_0060_0060.jpg 1 4 8 60 60
0038_0006_0027_0054_0054.jpg 1 6 27 54 54
0039_0024_0008_0069_0069.jpg 1 24 8 69 69
0040_0036_0013_0059_0059.jpg 1 36 13 59 59
0041_0022_0027_0058_0058.jpg 1 22 27 58 58
0042_0041_0041_0050_0050.jpg 1 41 41 50 50
0043_0014_0005_0058_0058.jpg 1 14 5 58 58
0044_0030_0026_0060_0060.jpg 1 30 26 60 60
0045_0005_0040_0048_0048.jpg 1 5 40 48 48
0046_0053_0006_0038_0038.jpg 1 53 6 38 38
0047_0026_0016_0044_0044.jpg 1 26 16 44 44
0048_0022_0013_0026_0026.jpg 1 22 13 26 26
0049_0015_0028_0059_0059.jpg 1 15 28 59 59
0050_0042_0020_0033_0033.jpg 1 42 20 33 33
0051_0007_0057_0028_0028.jpg 1 7 57 28 28
0052_0012_0026_0061_0061.jpg 1 12 26 61 61
0053_0019_0008_0061_0061.jpg 1 19 8 61 61
0054_0027_0026_0065_0065.jpg 1 27 26 65 65
0055_0007_0037_0047_0047.jpg 1 7 37 47 47
0056_0013_0032_0045_0045.jpg 1 13 32 45 45
0057_0033_0021_0054_0054.jpg 1 33 21 54 54
0058_0007_0021_0031_0031.jpg 1 7 21 31 31
0059_0017_0008_0051_0051.jpg 1 17 8 51 51
0060_0019_0035_0042_0042.jpg 1 19 35 42 42
0061_0029_0018_0063_0063.jpg 1 29 18 63 63
0062_0017_0007_0037_0037.jpg 1 17 7 37 37
0063_0004_0022_0062_0062.jpg 1 4 22 62 62
0064_0024_0024_0059_0059.jpg 1 24 24 59 59
0065_0024_0018_0067_0067.jpg 1 24 18 67 67
0066_0020_0019_0069_0069.jpg 1 20 19 69 69
0067_0036_0025_0041_0041.jpg 1 36 25 41 41
0068_0023_0026_0029_0029.jpg 1 23 26 29 29
0069_0044_0019_0035_0035.jpg 1 44 19 35 35
0070_0018_0007_0069_0069.jpg 1 18 7 69 69
0071_0007_0005_0066_0066.jpg 1 7 5 66 66
0072_0034_0021_0028_0028.jpg 1 34 21 28 28
0073_0008_0018_0058_0058.jpg 1 8 18 58 58
0074_0027_0024_0066_0066.jpg 1 27 24 66 66
0075_0024_0025_0040_0040.jpg 1 24 25 40 40
0076_0023_0017_0061_0061.jpg 1 23 17 61 61
0077_0058_0052_0029_0029.jpg 1 58 52 29 29
0078_0026_0007_0049_0049.jpg 1 26 7 49 49
0079_0006_0010_0065_0065.jpg 1 6 10 65 65
0080_0024_0026_0049_0049.jpg 1 24 26 49 49
0081_0028_0013_0058_0058.jpg 1 28 13 58 58
0082_0036_0035_0024_0024.jpg 1 36 35 24 24
0083_0016_0023_0033_0033.jpg 1 16 23 33 33
0084_0028_0031_0029_0029.jpg 1 28 31 29 29
0085_0024_0017_0069_0069.jpg 1 24 17 69 69
0086_0034_0057_0029_0029.jpg 1 34 57 29 29
0087_0008_0014_0050_0050.jpg 1 8 14 50 50
0088_0048_0040_0027_0027.jpg 1 48 40 27 27
0089_0014_0033_0041_0041.jpg 1 14 33 41 41
0090_0031_0036_0057_0057.jpg 1 31 36 57 57
0091_0031_0028_0055_0055.jpg 1 31 28 55 55
0092_0017_0017_0032_0032.jpg 1 17 17 32 32
0093_0038_0047_0047_0047.jpg 1 38 47 47 47
0094_0028_0043_0031_0031.jpg 1 28 43 31 31
0095_0017_0041_0030_0030.jpg 1 17 41 30 30
0096_0019_0007_0060_0060.jpg 1 19 7 60 60
0097_0029_0009_0042_0042.jpg 1 29 9 42 42
0098_0019_0020_0046_0046.jpg 1 19 20 46 46
0099_0020_0046_0036_0036.jpg 1 20 46 36 36
0100_0041_0048_0032_0032.jpg 1 41 48 32 32
0101_0040_0031_0034_0034.jpg 1 40 31 34 34
0102_0037_0008_0052_0052.jpg 1 37 8 52 52
0103_0025_0015_0061_0061.jpg 1 25 15 61 61
0104_0031_0010_0059_0059.jpg 1 31 10 59 59
0105_0030_0039_0056_0056.jpg 1 30 39 56 56
0106_0047_0044_0042_0042.jpg 1 47 44 42 42
0107_0024_0022_0028_0028.jpg 1 24 22 28 28
0108_0037_0009_0047_0047.jpg 1 37 9 47 47
0109_0017_0027_0062_0062.jpg 1 17 27 62 62
0110_0032_0046_0032_0032.jpg 1 32 46 32 32
0111_0007_0039_0038_0038.jpg 1 7 39 38 38
0112_0055_0049_0026_0026.jpg 1 55 49 26 26
0113_0024_0003_0063_0063.jpg 1 24 3 63 63
0114_0024_0031_0060_0060.jpg 1 24 31 60 60
0115_0019_0013_0057_0057.jpg 1 19 13 57 57
0116_0033_0017_0039_0039.jpg 1 33 17 39 39
0117_0015_0031_0026_0026.jpg 1 15 31 26 26
0118_0026_0047_0037_0037.jpg 1 26 47 37 37
0119_0013_0004_0064_0064.jpg 1 13 4 64 64
0120_0063_0032_0029_0029.jpg 1 63 32 29 29
0121_0016_0004_0063_0063.jpg 1 16 4 63 63
0122_0040_0012_0052_0052.jpg 1 40 12 52 52
0123_0018_0048_0024_0024.jpg 1 18 48 24 24
0124_0020_0024_0061_0061.jpg 1 20 24 61 61
0125_0048_0029_0036_0036.jpg 1 48 29 36 36
0126_0038_0013_0032_0032.jpg 1 38 13 32 32
0127_0059_0010_0030_0030.jpg 1 59 10 30 30
0128_0033_0020_0062_0062.jpg 1 33 20 62 62
0129_0008_0007_0049_0049.jpg 1 8 7 49 49
0130_0022_0004_0065_0065.jpg 1 22 4 65 65
0131_0017_0034_0050_0050.jpg 1 17 34 50 50
0132_0029_0026_0058_0058.jpg 1 29 26 58 58
0133_0042_0026_0024_0024.jpg 1 42 26 24 24
0134_0007_0012_0065_0065.jpg 1 7 12 65 65
0135_0034_0040_0028_0028.jpg 1 34 40 28 28
0136_0027_0022_0069_0069.jpg 1 27 22 69 69
0137_0010_0025_0043_0043.jpg 1 10 25 43 43
0138_0012_0043_0025_0025.jpg 1 12 43 25 25
0139_0028_0016_0057_0057.jpg 1 28 16 57 57
0140_0011_0016_0068_0068.jpg 1 11 16 68 68
0141_0011_0019_0061_0061.jpg 1 11 19 61 61
0142_0018_0031_0053_0053.jpg 1 18 31 53 53
0143_0050_0042_0037_0037.jpg 1 50 42 37 37
0144_0027_0018_0045_0045.jpg 1 27 18 45 45
0145_0043_0030_0030_0030.jpg 1 43 30 30 30
0146_0034_0008_0048_0048.jpg 1 34 8 48 48
0147_0024_0018_0066_0066.jpg 1 24 18 66 66
0148_0028_0031_0051_0051.jpg 1 28 31 51 51
0149_0011_0005_0059_0059.jpg 1 11 5 59 59
0150_0028_0044_0029_0029.jpg 1 28 44 29 29
0151_0015_0010_0062_0062.jpg 1 15 10 62 62
0152_0050_0030_0025_0025.jpg 1 50 30 25 25
0153_0031_0018_0047_0047.jpg 1 31 18 47 47
0154_0050_0007_0041_0041.jpg 1 50 7 41 41
0155_0026_0031_0051_0051.jpg 1 26 31 51 51
0156_0014_0014_0036_0036.jpg 1 14 14 36 36
0157_0036_0010_0059_0059.jpg 1 36 10 59 59
0158_0036_0043_0049_0049.jpg 1 36 43 49 49
0159_0016_0024_0066_0066.jpg 1 16 24 66 66
0160_0007_0037_0029_0029.jpg 1 7 37 29 29
0161_0006_0006_0059_0059.jpg 1 6 6 59 59
0162_0041_0028_0034_0034.jpg 1 41 28 34 34
0163_0030_0030_0059_0059.jpg 1 30 30 59 59
0164_0024_0010_0044_0044.jpg 1 24 10 44 44
0165_0019_0008_0067_0067.jpg 1 19 8 67 67
0166_0003_0009_0068_0068.jpg 1 3 9 68 68
0167_0026_0052_0037_0037.jpg 1 26 52 37 37
0168_0025_0052_0027_0027.jpg 1 25 52 27 27
0169_0017_0023_0068_0068.jpg 1 17 23 68 68
0170_0018_0049_0030_0030.jpg 1 18 49 30 30
