0001_0026_0014_0038_0038.jpg 1 26 14 38 38
0002_0060_0008_0029_0029.jpg 1 60 8 29 29
0003_0052_0064_0024_0024.jpg 1 52 64 24 24
0004_0039_0048_0039_0039.jpg 1 39 48 39 39
0005_0038_0009_0041_0041.jpg 1 38 9 41 41
0006_0022_0025_0028_0028.jpg 1 22 25 28 28
0007_0027_0035_0060_0060.jpg 1 27 35 60 60
0008_0045_0021_0029_0029.jpg 1 45 21 29 29
0009_0007_0024_0050_0050.jpg 1 7 24 50 50
0010_0016_0037_0026_0026.jpg 1 16 37 26 26
0011_0021_0009_0050_0050.jpg 1 21 9 50 50
0012_0031_0040_0033_0033.jpg 1 31 40 33 33
0013_0017_0009_0069_0069.jpg 1 17 9 69 69
0014_0022_0009_0068_0068.jpg 1 22 9 68 68
0015_0022_0045_0040_0040.jpg 1 22 45 40 40
0016_0021_0030_0045_0045.jpg 1 21 30 45 45
0017_0006_0038_0047_0047.jpg 1 6 38 47 47
0018_0038_0021_0052_0052.jpg 1 38 21 52 52
0019_0028_0015_0066_0066.jpg 1 28 15 66 66
0020_0023_0034_0058_0058.jpg 1 23 34 58 58
0021_0019_0012_0032_0032.jpg 1 19 12 32 32
0022_0031_0034_0060_0060.jpg 1 31 34 60 60
0023_0029_0009_0059_0059.jpg 1 29 9 59 59
0024_0018_0019_0046_0046.jpg 1 18 19 46 46
0025_0033_0016_0028_0028.jpg 1 33 16 28 28
0026_0016_0033_0043_0043.jpg 1 16 33 43 43
0027_0035_0006_0056_0056.jpg 1 35 6 56 56
0028_0052_0018_0029_0029.jpg 1 52 18 29 29
0029_0035_0028_0037_0037.jpg 1 35 28 37 37
0030_0038_0013_0051_0051.jpg 1 38 13 51 51
0031_0025_0020_0034_0034.jpg 1 25 20 34 34
0032_0013_0011_0060_0060.jpg 1 13 11 60 60
0033_0024_0015_0065_0065.jpg 1 24 15 65 65
0034_0053_0042_0039_0039.jpg 1 53 42 39 39
0035_0031_0017_0062_0062.jpg 1 31 17 62 62
0036_0057_0022_0033_0033.jpg 1 57 22 33 33
0037_0030_0012_0026_0026.jpg 1 30 12 26 26
0038_0010_0029_0060_0060.jpg 1 10 29 60 60
0039_0011_0035_0057_0057.jpg 1 11 35 57 57
0040_0044_0029_0051_0051.jpg 1 44 29 51 51
0041_0023_0030_0062_0062.jpg 1 23 30 62 62
0042_0009_0022_0034_0034.jpg 1 9 22 34 34
0043_0032_0019_0044_0044.jpg 1 32 19 44 44
0044_0037_0030_0054_0054.jpg 1 37 30 54 54
0045_0020_0046_0046_0046.jpg 1 20 46 46 46
0046_0018_0017_0068_0068.jpg 1 18 17 68 68
0047_0004_0004_0062_0062.jpg 1 4 4 62 62
0048_0049_0040_0025_0025.jpg 1 49 40 25 25
0049_0061_0015_0025_0025.jpg 1 61 15 25 25
0050_0035_0025_0054_0054.jpg 1 35 25 54 54
0051_0020_0010_0056_0056.jpg 1 20 10 56 56
0052_0013_0043_0028_0028.jpg 1 13 43 28 28
0053_0016_0023_0035_0035.jpg 1 16 23 35 35
0054_0040_0010_0051_0051.jpg 1 40 10 51 51
0055_0050_0057_0034_0034.jpg 1 50 57 34 34
0056_0018_0014_0047_0047.jpg 1 18 14 47 47
0057_0020_0010_0060_0060.jpg 1 20 10 60 60
0058_0022_0032_0042_0042.jpg 1 22 32 42 42
0059_0021_0039_0043_0043.jpg 1 21 39 43 43
0060_0052_0047_0030_0030.jpg 1 52 47 30 30
0061_0021_0038_0031_0031.jpg 1 21 38 31 31
0062_0047_0008_0047_0047.jpg 1 47 8 47 47
0063_0062_0043_0029_0029.jpg 1 62 43 29 29
0064_0029_0025_0060_0060.jpg 1 29 25 60 60
0065_0019_0028_0056_0056.jpg 1 19 28 56 56
0066_0028_0035_0038_0038.jpg 1 28 35 38 38
0067_0030_0025_0064_0064.jpg 1 30 25 64 64
0068_0036_0036_0046_0046.jpg 1 36 36 46 46
0069_0006_0034_0051_0051.jpg 1 6 34 51 51
0070_0019_0005_0062_0062.jpg 1 19 5 62 62
0071_0038_0024_0035_0035.jpg 1 38 24 35 35
0072_0025_0030_0060_0060.jpg 1 25 30 60 60
0073_0023_0042_0031_0031.jpg 1 23 42 31 31
0074_0038_0031_0036_0036.jpg 1 38 31 36 36
0075_0012_0007_0028_0028.jpg 1 12 7 28 28
0076_0042_0029_0049_0049.jpg 1 42 29 49 49
0077_0037_0040_0025_0025.jpg 1 37 40 25 25
0078_0038_0025_0035_0035.jpg 1 38 25 35 35
0079_0037_0030_0047_0047.jpg 1 37 30 47 47
0080_0011_0011_0045_0045.jpg 1 11 11 45 45
0081_0003_0022_0067_0067.jpg 1 3 22 67 67
0082_0020_0021_0064_0064.jpg 1 20 21 64 64
0083_0008_0008_0036_0036.jpg 1 8 8 36 36
0084_0041_0035_0038_0038.jpg 1 41 35 38 38
0085_0019_0004_0063_0063.jpg 1 19 4 63 63
0086_0006_0042_0042_0042.jpg 1 6 42 42 42
0087_0036_0030_0052_0052.jpg 1 36 30 52 52
0088_0046_0012_0028_0028.jpg 1 46 12 28 28
0089_0016_0055_0031_0031.jpg 1 16 55 31 31
0090_0035_0027_0032_0032.jpg 1 35 27 32 32
0091_0020_0022_0066_0066.jpg 1 20 22 66 66
0092_0044_0031_0038_0038.jpg 1 44 31 38 38
0093_0047_0047_0024_0024.jpg 1 47 47 24 24
0094_0020_0039_0040_0040.jpg 1 20 39 40 40
0095_0035_0015_0052_0052.jpg 1 35 15 52 52
0096_0030_0035_0048_0048.jpg 1 30 35 48 48
0097_0054_0053_0030_0030.jpg 1 54 53 30 30
0098_0030_0026_0049_0049.jpg 1 30 26 49 49
0099_0035_0035_0051_0051.jpg 1 35 35 51 51
0100_0007_0047_0037_0037.jpg 1 7 47 37 37
0101_0007_0035_0035_0035.jpg 1 7 35 35 35
0102_0033_0012_0042_0042.jpg 1 33 12 42 42
0103_0038_0020_0053_0053.jpg 1 38 20 53 53
0104_0010_0013_0052_0052.jpg 1 10 13 52 52
0105_0043_0007_0051_0051.jpg 1 43 7 51 51
0106_0017_0033_0040_0040.jpg 1 17 33 40 40
0107_0010_0007_0061_0061.jpg 1 10 7 61 61
0108_0009_0007_0067_0067.jpg 1 9 7 67 67
0109_0026_0019_0059_0059.jpg 1 26 19 59 59
0110_0024_0041_0024_0024.jpg 1 24 41 24 24
0111_0029_0061_0030_0030.jpg 1 29 61 30 30
0112_0028_0018_0035_0035.jpg 1 28 18 35 35
0113_0048_0060_0031_0031.jpg 1 48 60 31 31
0114_0057_0062_0026_0026.jpg 1 57 62 26 26
0115_0039_0026_0045_0045.jpg 1 39 26 45 45
0116_0012_0010_0059_0059.jpg 1 12 10 59 59
0117_0018_0012_0053_0053.jpg 1 18 12 53 53
0118_0036_0027_0055_0055.jpg 1 36 27 55 55
0119_0036_0033_0027_0027.jpg 1 36 33 27 27
0120_0006_0008_0063_0063.jpg 1 6 8 63 63
0121_0011_0018_0047_0047.jpg 1 11 18 47 47
0122_0050_0040_0040_0040.jpg 1 50 40 40 40
0123_0005_0044_0045_0045.jpg 1 5 44 45 45
0124_0011_0016_0052_0052.jpg 1 11 16 52 52
0125_0051_0064_0026_0026.jpg 1 51 64 26 26
0126_0018_0020_0059_0059.jpg 1 18 20 59 59
0127_0043_0052_0029_0029.jpg 1 43 52 29 29
0128_0008_0045_0026_0026.jpg 1 8 45 26 26
0129_0030_0008_0056_0056.jpg 1 30 8 56 56
0130_0027_0030_0065_0065.jpg 1 27 30 65 65
0131_0042_0031_0052_0052.jpg 1 42 31 52 52
0132_0060_0046_0030_0030.jpg 1 60 46 30 30
0133_0038_0006_0038_0038.jpg 1 38 6 38 38
0134_0003_0018_0069_0069.jpg 1 3 18 69 69
0135_0025_0028_0051_0051.jpg 1 25 28 51 51
0136_0028_0020_0048_0048.jpg 1 28 20 48 48
0137_0022_0036_0052_0052.jpg 1 22 36 52 52
0138_0031_0035_0043_0043.jpg 1 31 35 43 43
0139_0010_0011_0067_0067.jpg 1 10 11 67 67
0140_0047_0020_0043_0043.jpg 1 47 20 43 43
0141_0006_0017_0067_0067.jpg 1 6 17 67 67
0142_0032_0029_0047_0047.jpg 1 32 29 47 47
0143_0029_0030_0054_0054.jpg 1 29 30 54 54
0144_0021_0005_0067_0067.jpg 1 21 5 67 67
0145_0040_0033_0031_0031.jpg 1 40 33 31 31
0146_0026_0019_0066_0066.jpg 1 26 19 66 66
0147_0058_0012_0024_0024.jpg 1 58 12 24 24
0148_0028_0023_0066_0066.jpg 1 28 23 66 66
0149_0025_0025_0066_0066.jpg 1 25 25 66 66
0150_0007_0031_0026_0026.jpg 1 7 31 26 26
0151_0012_0014_0038_0038.jpg 1 12 14 38 38
0152_0039_0026_0045_0045.jpg 1 39 26 45 45
0153_0017_0060_0025_0025.jpg 1 17 60 25 25
0154_0033_0010_0056_0056.jpg 1 33 10 56 56
0155_0007_0032_0051_0051.jpg 1 7 32 51 51
0156_0024_0030_0059_0059.jpg 1 24 30 59 59
0157_0046_0012_0027_0027.jpg 1 46 12 27 27
0158_0008_0016_0031_0031.jpg 1 8 16 31 31
0159_0043_0019_0028_0028.jpg 1 43 19 28 28
0160_0024_0017_0069_0069.jpg 1 24 17 69 69
0161_0009_0045_0038_0038.jpg 1 9 45 38 38
0162_0050_0049_0039_0039.jpg 1 50 49 39 39
0163_0054_0014_0028_0028.jpg 1 54 14 28 28
0164_0029_0024_0061_0061.jpg 1 29 24 61 61
0165_0065_0020_0025_0025.jpg 1 65 20 25 25
0166_0051_0007_0042_0042.jpg 1 51 7 42 42
0167_0027_0021_0058_0058.jpg 1 27 21 58 58
0168_0019_0008_0039_0039.jpg 1 19 8 39 39
0169_0034_0009_0052_0052.jpg 1 34 9 52 52
0170_0058_0023_0031_0031.jpg 1 58 23 31 31
0001_0053_0065_0026_0026.jpg 1 53 65 26 26
0002_0037_0026_0045_0045.jpg 1 37 26 45 45
0003_0034_0027_0046_0046.jpg 1 34 27 46 46
0004_0033_0054_0037_0037.jpg 1 33 54 37 37
0005_0031_0023_0043_0043.jpg 1 31 23 43 43
0006_0036_0051_0031_0031.jpg 1 36 51 31 31
0007_0012_0006_0057_0057.jpg 1 12 6 57 57
0008_0039_0037_0040_0040.jpg 1 39 37 40 40
0009_0009_0011_0066_0066.jpg 1 9 11 66 66
0010_0015_0014_0062_0062.jpg 1 15 14 62 62
0011_0023_0013_0052_0052.jpg 1 23 13 52 52
0012_0023_0008_0048_0048.jpg 1 23 8 48 48
0013_0025_0044_0049_0049.jpg 1 25 44 49 49
0014_0013_0031_0058_0058.jpg 1 13 31 58 58
0015_0013_0016_0041_0041.jpg 1 13 16 41 41
0016_0037_0007_0054_0054.jpg 1 37 7 54 54
0017_0016_0024_0063_0063.jpg 1 16 24 63 63
0018_0037_0047_0028_0028.jpg 1 37 47 28 28
0019_0021_0033_0055_0055.jpg 1 21 33 55 55
0020_0029_0008_0052_0052.jpg 1 29 8 52 52
0021_0012_0033_0027_0027.jpg 1 12 33 27 27
0022_0020_0013_0060_0060.jpg 1 20 13 60 60
0023_0026_0022_0057_0057.jpg 1 26 22 57 57
0024_0020_0014_0063_0063.jpg 1 20 14 63 63
0025_0044_0026_0050_0050.jpg 1 44 26 50 50
0026_0021_0023_0066_0066.jpg 1 21 23 66 66
0027_0009_0008_0068_0068.jpg 1 9 8 68 68
0028_0011_0036_0043_0043.jpg 1 11 36 43 43
0029_0037_0009_0050_0050.jpg 1 37 9 50 50
0030_0006_0029_0057_0057.jpg 1 6 29 57 57
0031_0015_0030_0053_0053.jpg 1 15 30 53 53
0032_0017_0018_0063_0063.jpg 1 17 18 63 63
0033_0018_0011_0032_0032.jpg 1 18 11 32 32
0034_0029_0025_0056_0056.jpg 1 29 25 56 56
0035_0018_0017_0068_0068.jpg 1 18 17 68 68
0036_0041_0008_0029_0029.jpg 1 41 8 29 29
0037_0012_0025_0066_0066.jpg 1 12 25 66 66
0038_0014_0045_0048_0048.jpg 1 14 45 48 48
0039_0005_0030_0059_0059.jpg 1 5 30 59 59
0040_0005_0030_0060_0060.jpg 1 5 30 60 60
0041_0044_0051_0039_0039.jpg 1 44 51 39 39
0042_0016_0015_0062_0062.jpg 1 16 15 62 62
0043_0021_0006_0057_0057.jpg 1 21 6 57 57
0044_0049_0052_0036_0036.jpg 1 49 52 36 36
0045_0020_0025_0059_0059.jpg 1 20 25 59 59
0046_0020_0007_0053_0053.jpg 1 20 7 53 53
0047_0006_0032_0043_0043.jpg 1 6 32 43 43
0048_0059_0043_0033_0033.jpg 1 59 43 33 33
0049_0036_0012_0034_0034.jpg 1 36 12 34 34
0050_0037_0022_0050_0050.jpg 1 37 22 50 50
0051_0044_0039_0043_0043.jpg 1 44 39 43 43
0052_0007_0006_0060_0060.jpg 1 7 6 60 60
0053_0015_0011_0069_0069.jpg 1 15 11 69 69
0054_0027_0006_0043_0043.jpg 1 27 6 43 43
0055_0040_0052_0036_0036.jpg 1 40 52 36 36
0056_0049_0052_0034_0034.jpg 1 49 52 34 34
0057_0019_0006_0058_0058.jpg 1 19 6 58 58
0058_0040_0022_0037_0037.jpg 1 40 22 37 37
0059_0016_0021_0069_0069.jpg 1 16 21 69 69
0060_0005_0024_0067_0067.jpg 1 5 24 67 67
0061_0030_0009_0037_0037.jpg 1 30 9 37 37
0062_0033_0019_0055_0055.jpg 1 33 19 55 55
0063_0022_0049_0044_0044.jpg 1 22 49 44 44
0064_0030_0032_0050_0050.jpg 1 30 32 50 50
0065_0025_0026_0068_0068.jpg 1 25 26 68 68
0066_0009_0025_0038_0038.jpg 1 9 25 38 38
0067_0023_0023_0059_0059.jpg 1 23 23 59 59
0068_0027_0046_0044_0044.jpg 1 27 46 44 44
0069_0029_0011_0033_0033.jpg 1 29 11 33 33
0070_0036_0021_0053_0053.jpg 1 36 21 53 53
0071_0063_0046_0025_0025.jpg 1 63 46 25 25
0072_0024_0043_0051_0051.jpg 1 24 43 51 51
0073_0036_0053_0039_0039.jpg 1 36 53 39 39
0074_0057_0011_0024_0024.jpg 1 57 11 24 24
0075_0012_0018_0027_0027.jpg 1 12 18 27 27
0076_0025_0047_0041_0041.jpg 1 25 47 41 41
0077_0027_0006_0039_0039.jpg 1 27 6 39 39
0078_0013_0015_0067_0067.jpg 1 13 15 67 67
0079_0023_0012_0050_0050.jpg 1 23 12 50 50
0080_0011_0023_0055_0055.jpg 1 11 23 55 55
0081_0044_0018_0033_0033.jpg 1 44 18 33 33
0082_0041_0033_0037_0037.jpg 1 41 33 37 37
0083_0019_0031_0060_0060.jpg 1 19 31 60 60
0084_0025_0007_0055_0055.jpg 1 25 7 55 55
0085_0010_0047_0047_0047.jpg 1 10 47 47 47
0086_0022_0025_0065_0065.jpg 1 22 25 65 65
0087_0039_0046_0041_0041.jpg 1 39 46 41 41
0088_0052_0027_0040_0040.jpg 1 52 27 40 40
0089_0017_0008_0055_0055.jpg 1 17 8 55 55
0090_0022_0004_0067_0067.jpg 1 22 4 67 67
0091_0048_0010_0039_0039.jpg 1 48 10 39 39
0092_0043_0007_0044_0044.jpg 1 43 7 44 44
0093_0013_0028_0064_0064.jpg 1 13 28 64 64
0094_0004_0009_0059_0059.jpg 1 4 9 59 59
0095_0030_0037_0026_0026.jpg 1 30 37 26 26
0096_0018_0036_0037_0037.jpg 1 18 36 37 37
0097_0038_0024_0041_0041.jpg 1 38 24 41 41
0098_0052_0020_0033_0033.jpg 1 52 20 33 33
0099_0008_0014_0066_0066.jpg 1 8 14 66 66
0100_0037_0009_0034_0034.jpg 1 37 9 34 34
0101_0019_0045_0038_0038.jpg 1 19 45 38 38
0102_0020_0032_0053_0053.jpg 1 20 32 53 53
0103_0013_0027_0060_0060.jpg 1 13 27 60 60
0104_0012_0020_0067_0067.jpg 1 12 20 67 67
0105_0007_0033_0052_0052.jpg 1 7 33 52 52
0106_0013_0036_0027_0027.jpg 1 13 36 27 27
0107_0013_0026_0029_0029.jpg 1 13 26 29 29
0108_0028_0028_0054_0054.jpg 1 28 28 54 54
0109_0043_0021_0047_0047.jpg 1 43 21 47 47
0110_0021_0043_0045_0045.jpg 1 21 43 45 45
0111_0046_0013_0029_0029.jpg 1 46 13 29 29
0112_0016_0028_0063_0063.jpg 1 16 28 63 63
0113_0027_0012_0032_0032.jpg 1 27 12 32 32
0114_0051_0031_0032_0032.jpg 1 51 31 32 32
0115_0030_0015_0031_0031.jpg 1 30 15 31 31
0116_0022_0027_0050_0050.jpg 1 22 27 50 50
0117_0041_0029_0032_0032.jpg 1 41 29 32 32
0118_0010_0028_0067_0067.jpg 1 10 28 67 67
0119_0025_0051_0036_0036.jpg 1 25 51 36 36
0120_0010_0009_0033_0033.jpg 1 10 9 33 33
0121_0026_0025_0056_0056.jpg 1 26 25 56 56
0122_0009_0034_0057_0057.jpg 1 9 34 57 57
0123_0022_0013_0038_0038.jpg 1 22 13 38 38
0124_0028_0012_0067_0067.jpg 1 28 12 67 67
0125_0017_0026_0065_0065.jpg 1 17 26 65 65
0126_0020_0024_0069_0069.jpg 1 20 24 69 69
0127_0034_0018_0049_0049.jpg 1 34 18 49 49
0128_0051_0026_0039_0039.jpg 1 51 26 39 39
0129_0006_0013_0069_0069.jpg 1 6 13 69 69
0130_0018_0031_0058_0058.jpg 1 18 31 58 58
0131_0011_0012_0056_0056.jpg 1 11 12 56 56
0132_0026_0030_0043_0043.jpg 1 26 30 43 43
0133_0028_0046_0029_0029.jpg 1 28 46 29 29
0134_0059_0045_0025_0025.jpg 1 59 45 25 25
0135_0030_0007_0063_0063.jpg 1 30 7 63 63
0136_0015_0021_0047_0047.jpg 1 15 21 47 47
0137_0015_0031_0057_0057.jpg 1 15 31 57 57
0138_0028_0009_0057_0057.jpg 1 28 9 57 57
0139_0047_0045_0028_0028.jpg 1 47 45 28 28
0140_0030_0040_0047_0047.jpg 1 30 40 47 47
0141_0011_0025_0066_0066.jpg 1 11 25 66 66
0142_0027_0047_0043_0043.jpg 1 27 47 43 43
0143_0027_0044_0028_0028.jpg 1 27 44 28 28
0144_0045_0038_0049_0049.jpg 1 45 38 49 49
0145_0044_0052_0032_0032.jpg 1 44 52 32 32
0146_0015_0049_0040_0040.jpg 1 15 49 40 40
0147_0029_0013_0047_0047.jpg 1 29 13 47 47
0148_0019_0025_0066_0066.jpg 1 19 25 66 66
0149_0025_0022_0035_0035.jpg 1 25 22 35 35
0150_0049_0042_0026_0026.jpg 1 49 42 26 26
0151_0029_0016_0064_0064.jpg 1 29 16 64 64
0152_0023_0015_0066_0066.jpg 1 23 15 66 66
0153_0015_0020_0030_0030.jpg 1 15 20 30 30
0154_0027_0032_0062_0062.jpg 1 27 32 62 62
0155_0026_0025_0035_0035.jpg 1 26 25 35 35
0156_0019_0007_0048_0048.jpg 1 19 7 48 48
0157_0008_0017_0064_0064.jpg 1 8 17 64 64
0158_0032_0024_0060_0060.jpg 1 32 24 60 60
0159_0034_0035_0048_0048.jpg 1 34 35 48 48
0160_0039_0039_0031_0031.jpg 1 39 39 31 31
0161_0038_0027_0026_0026.jpg 1 38 27 26 26
0162_0059_0022_0033_0033.jpg 1 59 22 33 33
0163_0011_0021_0065_0065.jpg 1 11 21 65 65
0164_0017_0037_0049_0049.jpg 1 17 37 49 49
0165_0017_0062_0027_0027.jpg 1 17 62 27 27
0166_0010_0029_0061_0061.jpg 1 10 29 61 61
0167_0034_0012_0062_0062.jpg 1 34 12 62 62
0168_0015_0011_0047_0047.jpg 1 15 11 47 47
0169_0027_0036_0048_0048.jpg 1 27 36 48 48
0170_0033_0034_0054_0054.jpg 1 33 34 54 54
0001_0027_0008_0054_0054.jpg 1 27 8 54 54
0002_0011_0023_0037_0037.jpg 1 11 23 37 37
0003_0006_0028_0054_0054.jpg 1 6 28 54 54
0004_0044_0032_0043_0043.jpg 1 44 32 43 43
0005_0016_0017_0060_0060.jpg 1 16 17 60 60
0006_0007_0056_0028_0028.jpg 1 7 56 28 28
0007_0007_0038_0049_0049.jpg 1 7 38 49 49
0008_0024_0022_0031_0031.jpg 1 24 22 31 31
0009_0038_0035_0055_0055.jpg 1 38 35 55 55
0010_0043_0044_0036_0036.jpg 1 43 44 36 36
0011_0044_0021_0033_0033.jpg 1 44 21 33 33
0012_0021_0023_0054_0054.jpg 1 21 23 54 54
0013_0009_0015_0067_0067.jpg 1 9 15 67 67
0014_0037_0008_0053_0053.jpg 1 37 8 53 53
0015_0041_0032_0050_0050.jpg 1 41 32 50 50
0016_0030_0031_0063_0063.jpg 1 30 31 63 63
0017_0028_0034_0051_0051.jpg 1 28 34 51 51
0018_0047_0056_0027_0027.jpg 1 47 56 27 27
0019_0022_0016_0068_0068.jpg 1 22 16 68 68
0020_0008_0020_0044_0044.jpg 1 8 20 44 44
0021_0049_0037_0027_0027.jpg 1 49 37 27 27
0022_0023_0008_0050_0050.jpg 1 23 8 50 50
0023_0012_0057_0024_0024.jpg 1 12 57 24 24
0024_0027_0023_0068_0068.jpg 1 27 23 68 68
0025_0033_0038_0036_0036.jpg 1 33 38 36 36
0026_0014_0007_0047_0047.jpg 1 14 7 47 47
0027_0044_0012_0048_0048.jpg 1 44 12 48 48
0028_0017_0023_0033_0033.jpg 1 17 23 33 33
0029_0037_0008_0055_0055.jpg 1 37 8 55 55
0030_0009_0016_0063_0063.jpg 1 9 16 63 63
0031_0013_0027_0061_0061.jpg 1 13 27 61 61
0032_0040_0008_0032_0032.jpg 1 40 8 32 32
0033_0023_0017_0062_0062.jpg 1 23 17 62 62
0034_0030_0054_0029_0029.jpg 1 30 54 29 29
0035_0006_0035_0051_0051.jpg 1 6 35 51 51
0036_0032_0026_0061_0061.jpg 1 32 26 61 61
0037_0025_0029_0064_0064.jpg 1 25 29 64 64
0038_0029_0034_0058_0058.jpg 1 29 34 58 58
0039_0019_0016_0054_0054.jpg 1 19 16 54 54
0040_0006_0021_0064_0064.jpg 1 6 21 64 64
0041_0034_0018_0058_0058.jpg 1 34 18 58 58
0042_0025_0026_0046_0046.jpg 1 25 26 46 46
0043_0018_0036_0044_0044.jpg 1 18 36 44 44
0044_0011_0020_0039_0039.jpg 1 11 20 39 39
0045_0030_0035_0059_0059.jpg 1 30 35 59 59
0046_0026_0026_0067_0067.jpg 1 26 26 67 67
0047_0025_0011_0046_0046.jpg 1 25 11 46 46
0048_0036_0030_0029_0029.jpg 1 36 30 29 29
0049_0046_0005_0044_0044.jpg 1 46 5 44 44
0050_0062_0053_0025_0025.jpg 1 62 53 25 25
0051_0052_0047_0031_0031.jpg 1 52 47 31 31
0052_0049_0012_0025_0025.jpg 1 49 12 25 25
0053_0012_0056_0029_0029.jpg 1 12 56 29 29
0054_0017_0046_0027_0027.jpg 1 17 46 27 27
0055_0016_0009_0059_0059.jpg 1 16 9 59 59
0056_0022_0037_0058_0058.jpg 1 22 37 58 58
0057_0015_0015_0067_0067.jpg 1 15 15 67 67
0058_0012_0017_0045_0045.jpg 1 12 17 45 45
0059_0025_0018_0051_0051.jpg 1 25 18 51 51
0060_0031_0050_0040_0040.jpg 1 31 50 40 40
0061_0019_0033_0026_0026.jpg 1 19 33 26 26
0062_0057_0013_0030_0030.jpg 1 57 13 30 30
0063_0046_0040_0025_0025.jpg 1 46 40 25 25
0064_0011_0012_0033_0033.jpg 1 11 12 33 33
0065_0025_0042_0040_0040.jpg 1 25 42 40 40
0066_0053_0020_0024_0024.jpg 1 53 20 24 24
0067_0006_0012_0038_0038.jpg 1 6 12 38 38
0068_0021_0006_0056_0056.jpg 1 21 6 56 56
0069_0037_0022_0035_0035.jpg 1 37 22 35 35
0070_0010_0003_0064_0064.jpg 1 10 3 64 64
0071_0030_0049_0040_0040.jpg 1 30 49 40 40
0072_0007_0045_0032_0032.jpg 1 7 45 32 32
0073_0033_0039_0043_0043.jpg 1 33 39 43 43
0074_0006_0025_0069_0069.jpg 1 6 25 69 69
0075_0019_0028_0062_0062.jpg 1 19 28 62 62
0076_0024_0010_0066_0066.jpg 1 24 10 66 66
0077_0013_0010_0062_0062.jpg 1 13 10 62 62
0078_0019_0022_0062_0062.jpg 1 19 22 62 62
0079_0014_0004_0068_0068.jpg 1 14 4 68 68
0080_0008_0017_0066_0066.jpg 1 8 17 66 66
0081_0012_0016_0055_0055.jpg 1 12 16 55 55
0082_0004_0024_0054_0054.jpg 1 4 24 54 54
0083_0031_0062_0027_0027.jpg 1 31 62 27 27
0084_0028_0019_0041_0041.jpg 1 28 19 41 41
0085_0032_0020_0055_0055.jpg 1 32 20 55 55
0086_0022_0012_0046_0046.jpg 1 22 12 46 46
0087_0028_0007_0051_0051.jpg 1 28 7 51 51
0088_0008_0013_0059_0059.jpg 1 8 13 59 59
0089_0025_0031_0059_0059.jpg 1 25 31 59 59
0090_0012_0040_0033_0033.jpg 1 12 40 33 33
0091_0006_0030_0062_0062.jpg 1 6 30 62 62
0092_0013_0026_0048_0048.jpg 1 13 26 48 48
0093_0025_0018_0036_0036.jpg 1 25 18 36 36
0094_0010_0048_0043_0043.jpg 1 10 48 43 43
0095_0030_0022_0042_0042.jpg 1 30 22 42 42
0096_0026_0061_0029_0029.jpg 1 26 61 29 29
0097_0011_0020_0058_0058.jpg 1 11 20 58 58
0098_0016_0016_0055_0055.jpg 1 16 16 55 55
0099_0023_0023_0066_0066.jpg 1 23 23 66 66
0100_0024_0037_0056_0056.jpg 1 24 37 56 56
0101_0023_0018_0066_0066.jpg 1 23 18 66 66
0102_0063_0016_0028_0028.jpg 1 63 16 28 28
0103_0020_0011_0054_0054.jpg 1 20 11 54 54
0104_0041_0038_0046_0046.jpg 1 41 38 46 46
0105_0023_0028_0061_0061.jpg 1 23 28 61 61
0106_0031_0045_0040_0040.jpg 1 31 45 40 40
0107_0033_0006_0063_0063.jpg 1 33 6 63 63
0108_0004_0018_0055_0055.jpg 1 4 18 55 55
0109_0039_0045_0028_0028.jpg 1 39 45 28 28
0110_0020_0005_0065_0065.jpg 1 20 5 65 65
0111_0043_0037_0051_0051.jpg 1 43 37 51 51
0112_0015_0007_0069_0069.jpg 1 15 7 69 69
0113_0040_0020_0040_0040.jpg 1 40 20 40 40
0114_0056_0053_0036_0036.jpg 1 56 53 36 36
0115_0013_0023_0036_0036.jpg 1 13 23 36 36
0116_0041_0023_0051_0051.jpg 1 41 23 51 51
0117_0005_0019_0069_0069.jpg 1 5 19 69 69
0118_0024_0043_0046_0046.jpg 1 24 43 46 46
0119_0018_0024_0035_0035.jpg 1 18 24 35 35
0120_0045_0018_0029_0029.jpg 1 45 18 29 29
0121_0007_0005_0068_0068.jpg 1 7 5 68 68
0122_0034_0042_0046_0046.jpg 1 34 42 46 46
0123_0018_0051_0025_0025.jpg 1 18 51 25 25
0124_0029_0046_0042_0042.jpg 1 29 46 42 42
0125_0023_0061_0024_0024.jpg 1 23 61 24 24
0126_0028_0013_0062_0062.jpg 1 28 13 62 62
0127_0057_0009_0025_0025.jpg 1 57 9 25 25
0128_0003_0018_0069_0069.jpg 1 3 18 69 69
0129_0010_0033_0031_0031.jpg 1 10 33 31 31
0130_0048_0014_0042_0042.jpg 1 48 14 42 42
0131_0019_0004_0065_0065.jpg 1 19 4 65 65
0132_0036_0025_0048_0048.jpg 1 36 25 48 48
0133_0005_0032_0064_0064.jpg 1 5 32 64 64
0134_0048_0032_0041_0041.jpg 1 48 32 41 41
0135_0021_0021_0028_0028.jpg 1 21 21 28 28
0136_0026_0025_0046_0046.jpg 1 26 25 46 46
0137_0004_0031_0061_0061.jpg 1 4 31 61 61
0138_0042_0009_0035_0035.jpg 1 42 9 35 35
0139_0049_0011_0040_0040.jpg 1 49 11 40 40
0140_0047_0043_0024_0024.jpg 1 47 43 24 24
0141_0023_0020_0035_0035.jpg 1 23 20 35 35
0142_0018_0006_0033_0033.jpg 1 18 6 33 33
0143_0046_0056_0032_0032.jpg 1 46 56 32 32
0144_0013_0018_0054_0054.jpg 1 13 18 54 54
0145_0039_0057_0036_0036.jpg 1 39 57 36 36
0146_0015_0025_0051_0051.jpg 1 15 25 51 51
0147_0012_0008_0060_0060.jpg 1 12 8 60 60
0148_0063_0055_0029_0029.jpg 1 63 55 29 29
0149_0037_0023_0051_0051.jpg 1 37 23 51 51
0150_0006_0033_0063_0063.jpg 1 6 33 63 63
0151_0028_0025_0061_0061.jpg 1 28 25 61 61
0152_0017_0012_0063_0063.jpg 1 17 12 63 63
0153_0031_0016_0060_0060.jpg 1 31 16 60 60
0154_0011_0023_0066_0066.jpg 1 11 23 66 66
0155_0022_0026_0031_0031.jpg 1 22 26 31 31
0156_0010_0028_0045_0045.jpg 1 10 28 45 45
0157_0045_0022_0039_0039.jpg 1 45 22 39 39
0158_0027_0012_0066_0066.jpg 1 27 12 66 66
0159_0015_0035_0030_0030.jpg 1 15 35 30 30
0160_0016_0037_0039_0039.jpg 1 16 37 39 39
0161_0017_0034_0057_0057.jpg 1 17 34 57 57
0162_0019_0014_0066_0066.jpg 1 19 14 66 66
0163_0010_0017_0060_0060.jpg 1 10 17 60 60
0164_0047_0044_0030_0030.jpg 1 47 44 30 30
0165_0018_0020_0059_0059.jpg 1 18 20 59 59
0166_0008_0014_0025_0025.jpg 1 8 14 25 25
0167_0057_0016_0033_0033.jpg 1 57 16 33 33
0168_0050_0017_0034_0034.jpg 1 50 17 34 34
0169_0008_0037_0025_0025.jpg 1 8 37 25 25
0170_0022_0009_0061_0061.jpg 1 22 9 61 61
0001_0007_0039_0051_0051.jpg 1 7 39 51 51
0002_0030_0012_0034_0034.jpg 1 30 12 34 34
0003_0014_0025_0060_0060.jpg 1 14 25 60 60
0004_0022_0007_0060_0060.jpg 1 22 7 60 60
0005_0018_0031_0054_0054.jpg 1 18 31 54 54
0006_0007_0035_0054_0054.jpg 1 7 35 54 54
0007_0031_0014_0027_0027.jpg 1 31 14 27 27
0008_0018_0010_0037_0037.jpg 1 18 10 37 37
0009_0012_0026_0042_0042.jpg 1 12 26 42 42
0010_0015_0042_0036_0036.jpg 1 15 42 36 36
0011_0028_0005_0053_0053.jpg 1 28 5 53 53
0012_0041_0051_0025_0025.jpg 1 41 51 25 25
0013_0029_0025_0054_0054.jpg 1 29 25 54 54
0014_0018_0034_0024_0024.jpg 1 18 34 24 24
0015_0052_0021_0042_0042.jpg 1 52 21 42 42
0016_0036_0035_0056_0056.jpg 1 36 35 56 56
0017_0009_0032_0063_0063.jpg 1 9 32 63 63
0018_0024_0013_0066_0066.jpg 1 24 13 66 66
0019_0008_0035_0051_0051.jpg 1 8 35 51 51
0020_0027_0020_0061_0061.jpg 1 27 20 61 61
0021_0026_0044_0030_0030.jpg 1 26 44 30 30
0022_0027_0020_0048_0048.jpg 1 27 20 48 48
0023_0010_0029_0043_0043.jpg 1 10 29 43 43
0024_0016_0021_0053_0053.jpg 1 16 21 53 53
0025_0048_0035_0036_0036.jpg 1 48 35 36 36
0026_0020_0030_0066_0066.jpg 1 20 30 66 66
0027_0036_0008_0056_0056.jpg 1 36 8 56 56
0028_0016_0039_0032_0032.jpg 1 16 39 32 32
0029_0039_0043_0045_0045.jpg 1 39 43 45 45
0030_0037_0052_0030_0030.jpg 1 37 52 30 30
0031_0019_0016_0038_0038.jpg 1 19 16 38 38
0032_0027_0014_0063_0063.jpg 1 27 14 63 63
0033_0022_0051_0040_0040.jpg 1 22 51 40 40
0034_0023_0028_0046_0046.jpg 1 23 28 46 46
0035_0006_0004_0065_0065.jpg 1 6 4 65 65
0036_0008_0009_0066_0066.jpg 1 8 9 66 66
0037_0016_0061_0031_0031.jpg 1 16 61 31 31
0038_0013_0023_0059_0059.jpg 1 13 23 59 59
0039_0030_0008_0035_0035.jpg 1 30 8 35 35
0040_0031_0014_0024_0024.jpg 1 31 14 24 24
0041_0039_0037_0054_0054.jpg 1 39 37 54 54
0042_0012_0009_0056_0056.jpg 1 12 9 56 56
0043_0014_0007_0069_0069.jpg 1 14 7 69 69
0044_0026_0020_0063_0063.jpg 1 26 20 63 63
0045_0024_0033_0045_0045.jpg 1 24 33 45 45
0046_0021_0018_0047_0047.jpg 1 21 18 47 47
0047_0053_0029_0029_0029.jpg 1 53 29 29 29
0048_0023_0020_0065_0065.jpg 1 23 20 65 65
0049_0012_0036_0029_0029.jpg 1 12 36 29 29
0050_0051_0049_0041_0041.jpg 1 51 49 41 41
0051_0067_0056_0024_0024.jpg 1 67 56 24 24
0052_0021_0012_0061_0061.jpg 1 21 12 61 61
0053_0021_0041_0028_0028.jpg 1 21 41 28 28
0054_0006_0013_0042_0042.jpg 1 6 13 42 42
0055_0051_0012_0041_0041.jpg 1 51 12 41 41
0056_0032_0028_0043_0043.jpg 1 32 28 43 43
0057_0052_0044_0041_0041.jpg 1 52 44 41 41
0058_0009_0012_0065_0065.jpg 1 9 12 65 65
0059_0019_0013_0053_0053.jpg 1 19 13 53 53
0060_0021_0011_0064_0064.jpg 1 21 11 64 64
0061_0033_0046_0037_0037.jpg 1 33 46 37 37
0062_0025_0010_0042_0042.jpg 1 25 10 42 42
0063_0030_0010_0054_0054.jpg 1 30 10 54 54
0064_0009_0036_0058_0058.jpg 1 9 36 58 58
0065_0013_0007_0065_0065.jpg 1 13 7 65 65
0066_0013_0022_0055_0055.jpg 1 13 22 55 55
0067_0021_0007_0056_0056.jpg 1 21 7 56 56
0068_0041_0051_0025_0025.jpg 1 41 51 25 25
0069_0021_0036_0051_0051.jpg 1 21 36 51 51
0070_0046_0029_0028_0028.jpg 1 46 29 28 28
0071_0054_0028_0038_0038.jpg 1 54 28 38 38
0072_0023_0008_0053_0053.jpg 1 23 8 53 53
0073_0020_0032_0058_0058.jpg 1 20 32 58 58
0074_0031_0029_0059_0059.jpg 1 31 29 59 59
0075_0019_0028_0055_0055.jpg 1 19 28 55 55
0076_0031_0025_0064_0064.jpg 1 31 25 64 64
0077_0010_0017_0065_0065.jpg 1 10 17 65 65
0078_0051_0064_0024_0024.jpg 1 51 64 24 24
0079_0037_0014_0047_0047.jpg 1 37 14 47 47
0080_0029_0041_0032_0032.jpg 1 29 41 32 32
0081_0013_0033_0054_0054.jpg 1 13 33 54 54
0082_0032_0039_0037_0037.jpg 1 32 39 37 37
0083_0004_0008_0064_0064.jpg 1 4 8 64 64
0084_0008_0018_0058_0058.jpg 1 8 18 58 58
0085_0036_0024_0056_0056.jpg 1 36 24 56 56
0086_0007_0035_0052_0052.jpg 1 7 35 52 52
0087_0038_0018_0026_0026.jpg 1 38 18 26 26
0088_0017_0023_0055_0055.jpg 1 17 23 55 55
0089_0005_0003_0069_0069.jpg 1 5 3 69 69
0090_0023_0017_0069_0069.jpg 1 23 17 69 69
0091_0024_0022_0031_0031.jpg 1 24 22 31 31
0092_0030_0008_0055_0055.jpg 1 30 8 55 55
0093_0018_0015_0061_0061.jpg 1 18 15 61 61
0094_0026_0026_0053_0053.jpg 1 26 26 53 53
0095_0039_0014_0041_0041.jpg 1 39 14 41 41
0096_0005_0006_0068_0068.jpg 1 5 6 68 68
0097_0031_0043_0034_0034.jpg 1 31 43 34 34
0098_0026_0006_0062_0062.jpg 1 26 6 62 62
0099_0034_0020_0045_0045.jpg 1 34 20 45 45
0100_0041_0012_0051_0051.jpg 1 41 12 51 51
0101_0010_0017_0035_0035.jpg 1 10 17 35 35
0102_0010_0045_0042_0042.jpg 1 10 45 42 42
0103_0016_0048_0024_0024.jpg 1 16 48 24 24
0104_0028_0039_0051_0051.jpg 1 28 39 51 51
0105_0016_0012_0065_0065.jpg 1 16 12 65 65
0106_0016_0033_0061_0061.jpg 1 16 33 61 61
0107_0056_0011_0036_0036.jpg 1 56 11 36 36
0108_0015_0026_0043_0043.jpg 1 15 26 43 43
0109_0019_0023_0036_0036.jpg 1 19 23 36 36
0110_0021_0052_0041_0041.jpg 1 21 52 41 41
0111_0006_0018_0068_0068.jpg 1 6 18 68 68
0112_0025_0013_0044_0044.jpg 1 25 13 44 44
0113_0050_0042_0038_0038.jpg 1 50 42 38 38
0114_0014_0039_0045_0045.jpg 1 14 39 45 45
0115_0010_0005_0065_0065.jpg 1 10 5 65 65
0116_0052_0027_0035_0035.jpg 1 52 27 35 35
0117_0026_0010_0069_0069.jpg 1 26 10 69 69
0118_0007_0020_0031_0031.jpg 1 7 20 31 31
0119_0041_0047_0044_0044.jpg 1 41 47 44 44
0120_0010_0013_0059_0059.jpg 1 10 13 59 59
0121_0035_0008_0058_0058.jpg 1 35 8 58 58
0122_0015_0044_0035_0035.jpg 1 15 44 35 35
0123_0041_0051_0026_0026.jpg 1 41 51 26 26
0124_0027_0012_0046_0046.jpg 1 27 12 46 46
0125_0043_0051_0036_0036.jpg 1 43 51 36 36
0126_0012_0012_0060_0060.jpg 1 12 12 60 60
0127_0008_0010_0063_0063.jpg 1 8 10 63 63
0128_0055_0023_0033_0033.jpg 1 55 23 33 33
0129_0014_0022_0047_0047.jpg 1 14 22 47 47
0130_0038_0023_0039_0039.jpg 1 38 23 39 39
0131_0009_0005_0054_0054.jpg 1 9 5 54 54
0132_0036_0009_0054_0054.jpg 1 36 9 54 54
0133_0047_0032_0033_0033.jpg 1 47 32 33 33
0134_0016_0016_0058_0058.jpg 1 16 16 58 58
0135_0046_0023_0039_0039.jpg 1 46 23 39 39
0136_0023_0025_0068_0068.jpg 1 23 25 68 68
0137_0021_0008_0047_0047.jpg 1 21 8 47 47
0138_0013_0032_0044_0044.jpg 1 13 32 44 44
0139_0028_0005_0065_0065.jpg 1 28 5 65 65
0140_0026_0023_0030_0030.jpg 1 26 23 30 30
0141_0017_0005_0069_0069.jpg 1 17 5 69 69
0142_0015_0031_0033_0033.jpg 1 15 31 33 33
0143_0026_0006_0067_0067.jpg 1 26 6 67 67
0144_0027_0018_0037_0037.jpg 1 27 18 37 37
0145_0026_0025_0060_0060.jpg 1 26 25 60 60
0146_0030_0042_0044_0044.jpg 1 30 42 44 44
0147_0044_0035_0045_0045.jpg 1 44 35 45 45
0148_0027_0029_0027_0027.jpg 1 27 29 27 27
0149_0039_0054_0036_0036.jpg 1 39 54 36 36
0150_0036_0052_0031_0031.jpg 1 36 52 31 31
0151_0029_0033_0050_0050.jpg 1 29 33 50 50
0152_0016_0027_0049_0049.jpg 1 16 27 49 49
0153_0041_0032_0024_0024.jpg 1 41 32 24 24
0154_0014_0037_0048_0048.jpg 1 14 37 48 48
0155_0033_0045_0040_0040.jpg 1 33 45 40 40
0156_0024_0016_0066_0066.jpg 1 24 16 66 66
0157_0009_0020_0030_0030.jpg 1 9 20 30 30
0158_0008_0044_0047_0047.jpg 1 8 44 47 47
0159_0017_0052_0026_0026.jpg 1 17 52 26 26
0160_0023_0032_0024_0024.jpg 1 23 32 24 24
0161_0041_0054_0033_0033.jpg 1 41 54 33 33
0162_0043_0054_0038_0038.jpg 1 43 54 38 38
0163_0021_0017_0069_0069.jpg 1 21 17 69 69
0164_0049_0028_0040_0040.jpg 1 49 28 40 40
0165_0014_0022_0065_0065.jpg 1 14 22 65 65
0166_0035_0010_0031_0031.jpg 1 35 10 31 31
0167_0032_0013_0058_0058.jpg 1 32 13 58 58
0168_0020_0011_0056_0056.jpg 1 20 11 56 56
0169_0022_0028_0046_0046.jpg 1 22 28 46 46
0170_0023_0040_0047_0047.jpg 1 23 40 47 47
0001_0020_0022_0041_0041.jpg 1 20 22 41 41
0002_0019_0029_0044_0044.jpg 1 19 29 44 44
0003_0009_0025_0069_0069.jpg 1 9 25 69 69
0004_0021_0016_0051_0051.jpg 1 21 16 51 51
0005_0046_0018_0041_0041.jpg 1 46 18 41 41
0006_0009_0022_0054_0054.jpg 1 9 22 54 54
0007_0033_0005_0046_0046.jpg 1 33 5 46 46
0008_0033_0036_0058_0058.jpg 1 33 36 58 58
0009_0021_0006_0069_0069.jpg 1 21 6 69 69
0010_0036_0007_0035_0035.jpg 1 36 7 35 35
0011_0019_0020_0054_0054.jpg 1 19 20 54 54
0012_0029_0009_0038_0038.jpg 1 29 9 38 38
0013_0028_0022_0068_0068.jpg 1 28 22 68 68
0014_0013_0026_0062_0062.jpg 1 13 26 62 62
0015_0019_0020_0060_0060.jpg 1 19 20 60 60
0016_0005_0005_0053_0053.jpg 1 5 5 53 53
0017_0018_0011_0056_0056.jpg 1 18 11 56 56
0018_0013_0020_0066_0066.jpg 1 13 20 66 66
0019_0017_0020_0027_0027.jpg 1 17 20 27 27
0020_0016_0025_0069_0069.jpg 1 16 25 69 69
0021_0013_0028_0055_0055.jpg 1 13 28 55 55
0022_0026_0047_0043_0043.jpg 1 26 47 43 43
0023_0012_0059_0024_0024.jpg 1 12 59 24 24
0024_0041_0041_0050_0050.jpg 1 41 41 50 50
0025_0021_0033_0051_0051.jpg 1 21 33 51 51
0026_0014_0010_0063_0063.jpg 1 14 10 63 63
0027_0018_0026_0047_0047.jpg 1 18 26 47 47
0028_0027_0043_0044_0044.jpg 1 27 43 44 44
0029_0015_0038_0041_0041.jpg 1 15 38 41 41
0030_0017_0022_0048_0048.jpg 1 17 22 48 48
0031_0028_0050_0035_0035.jpg 1 28 50 35 35
0032_0023_0041_0048_0048.jpg 1 23 41 48 48
0033_0008_0005_0060_0060.jpg 1 8 5 60 60
0034_0015_0026_0029_0029.jpg 1 15 26 29 29
0035_0015_0020_0061_0061.jpg 1 15 20 61 61
0036_0023_0041_0044_0044.jpg 1 23 41 44 44
0037_0046_0013_0041_0041.jpg 1 46 13 41 41
0038_0018_0037_0038_0038.jpg 1 18 37 38 38
0039_0019_0014_0029_0029.jpg 1 19 14 29 29
0040_0027_0005_0051_0051.jpg 1 27 5 51 51
0041_0049_0014_0042_0042.jpg 1 49 14 42 42
0042_0033_0018_0050_0050.jpg 1 33 18 50 50
0043_0028_0030_0060_0060.jpg 1 28 30 60 60
0044_0024_0021_0063_0063.jpg 1 24 21 63 63
0045_0015_0019_0067_0067.jpg 1 15 19 67 67
0046_0026_0011_0049_0049.jpg 1 26 11 49 49
0047_0054_0014_0030_0030.jpg 1 54 14 30 30
0048_0016_0027_0067_0067.jpg 1 16 27 67 67
0049_0030_0040_0042_0042.jpg 1 30 40 42 42
0050_0027_0014_0049_0049.jpg 1 27 14 49 49
0051_0027_0022_0066_0066.jpg 1 27 22 66 66
0052_0021_0019_0069_0069.jpg 1 21 19 69 69
0053_0050_0050_0036_0036.jpg 1 50 50 36 36
0054_0020_0045_0039_0039.jpg 1 20 45 39 39
0055_0029_0026_0049_0049.jpg 1 29 26 49 49
0056_0045_0045_0035_0035.jpg 1 45 45 35 35
0057_0053_0038_0031_0031.jpg 1 53 38 31 31
0058_0022_0015_0047_0047.jpg 1 22 15 47 47
0059_0042_0042_0045_0045.jpg 1 42 42 45 45
0060_0039_0038_0035_0035.jpg 1 39 38 35 35
0061_0041_0028_0047_0047.jpg 1 41 28 47 47
0062_0028_0026_0049_0049.jpg 1 28 26 49 49
0063_0007_0009_0060_0060.jpg 1 7 9 60 60
0064_0004_0016_0054_0054.jpg 1 4 16 54 54
0065_0008_0009_0028_0028.jpg 1 8 9 28 28
0066_0019_0026_0051_0051.jpg 1 19 26 51 51
0067_0017_0026_0034_0034.jpg 1 17 26 34 34
0068_0024_0057_0036_0036.jpg 1 24 57 36 36
0069_0006_0043_0042_0042.jpg 1 6 43 42 42
0070_0038_0054_0024_0024.jpg 1 38 54 24 24
0071_0014_0015_0060_0060.jpg 1 14 15 60 60
0072_0019_0017_0046_0046.jpg 1 19 17 46 46
0073_0023_0050_0039_0039.jpg 1 23 50 39 39
0074_0046_0042_0034_0034.jpg 1 46 42 34 34
0075_0017_0037_0025_0025.jpg 1 17 37 25 25
0076_0013_0045_0031_0031.jpg 1 13 45 31 31
0077_0007_0031_0036_0036.jpg 1 7 31 36 36
0078_0035_0044_0035_0035.jpg 1 35 44 35 35
0079_0033_0031_0052_0052.jpg 1 33 31 52 52
0080_0040_0032_0043_0043.jpg 1 40 32 43 43
0081_0054_0040_0038_0038.jpg 1 54 40 38 38
0082_0030_0037_0041_0041.jpg 1 30 37 41 41
0083_0013_0032_0058_0058.jpg 1 13 32 58 58
0084_0029_0041_0045_0045.jpg 1 29 41 45 45
0085_0040_0023_0032_0032.jpg 1 40 23 32 32
0086_0007_0026_0048_0048.jpg 1 7 26 48 48
0087_0008_0023_0062_0062.jpg 1 8 23 62 62
0088_0030_0058_0034_0034.jpg 1 30 58 34 34
0089_0046_0053_0025_0025.jpg 1 46 53 25 25
0090_0021_0051_0036_0036.jpg 1 21 51 36 36
0091_0035_0035_0056_0056.jpg 1 35 35 56 56
0092_0030_0024_0060_0060.jpg 1 30 24 60 60
0093_0040_0024_0029_0029.jpg 1 40 24 29 29
0094_0029_0021_0062_0062.jpg 1 29 21 62 62
0095_0019_0052_0025_0025.jpg 1 19 52 25 25
0096_0008_0014_0040_0040.jpg 1 8 14 40 40
0097_0026_0058_0024_0024.jpg 1 26 58 24 24
0098_0014_0023_0045_0045.jpg 1 14 23 45 45
0099_0020_0014_0058_0058.jpg 1 20 14 58 58
0100_0009_0065_0024_0024.jpg 1 9 65 24 24
0101_0029_0014_0051_0051.jpg 1 29 14 51 51
0102_0037_0035_0042_0042.jpg 1 37 35 42 42
0103_0026_0017_0059_0059.jpg 1 26 17 59 59
0104_0011_0041_0031_0031.jpg 1 11 41 31 31
0105_0024_0005_0066_0066.jpg 1 24 5 66 66
0106_0046_0007_0035_0035.jpg 1 46 7 35 35
0107_0006_0034_0058_0058.jpg 1 6 34 58 58
0108_0018_0042_0044_0044.jpg 1 18 42 44 44
0109_0028_0010_0037_0037.jpg 1 28 10 37 37
0110_0024_0028_0064_0064.jpg 1 24 28 64 64
0111_0031_0032_0036_0036.jpg 1 31 32 36 36
0112_0044_0009_0044_0044.jpg 1 44 9 44 44
0113_0021_0032_0063_0063.jpg 1 21 32 63 63
0114_0030_0038_0056_0056.jpg 1 30 38 56 56
0115_0024_0034_0041_0041.jpg 1 24 34 41 41
0116_0015_0016_0054_0054.jpg 1 15 16 54 54
0117_0028_0018_0056_0056.jpg 1 28 18 56 56
0118_0017_0023_0068_0068.jpg 1 17 23 68 68
0119_0021_0034_0048_0048.jpg 1 21 34 48 48
0120_0046_0046_0039_0039.jpg 1 46 46 39 39
0121_0006_0031_0048_0048.jpg 1 6 31 48 48
0122_0042_0014_0036_0036.jpg 1 42 14 36 36
0123_0033_0010_0053_0053.jpg 1 33 10 53 53
0124_0034_0009_0042_0042.jpg 1 34 9 42 42
0125_0018_0014_0066_0066.jpg 1 18 14 66 66
0126_0010_0019_0031_0031.jpg 1 10 19 31 31
0127_0036_0019_0055_0055.jpg 1 36 19 55 55
0128_0008_0018_0039_0039.jpg 1 8 18 39 39
0129_0052_0022_0028_0028.jpg 1 52 22 28 28
0130_0054_0020_0039_0039.jpg 1 54 20 39 39
0131_0030_0021_0059_0059.jpg 1 30 21 59 59
0132_0009_0040_0041_0041.jpg 1 9 40 41 41
0133_0050_0020_0038_0038.jpg 1 50 20 38 38
0134_0027_0008_0042_0042.jpg 1 27 8 42 42
0135_0043_0050_0037_0037.jpg 1 43 50 37 37
0136_0037_0067_0024_0024.jpg 1 37 67 24 24
0137_0036_0044_0049_0049.jpg 1 36 44 49 49
0138_0020_0007_0047_0047.jpg 1 20 7 47 47
0139_0028_0009_0065_0065.jpg 1 28 9 65 65
0140_0032_0015_0057_0057.jpg 1 32 15 57 57
0141_0054_0008_0032_0032.jpg 1 54 8 32 32
0142_0023_0007_0042_0042.jpg 1 23 7 42 42
0143_0035_0037_0043_0043.jpg 1 35 37 43 43
0144_0011_0031_0055_0055.jpg 1 11 31 55 55
0145_0019_0017_0041_0041.jpg 1 19 17 41 41
0146_0013_0017_0062_0062.jpg 1 13 17 62 62
0147_0043_0028_0048_0048.jpg 1 43 28 48 48
0148_0011_0048_0040_0040.jpg 1 11 48 40 40
0149_0028_0024_0040_0040.jpg 1 28 24 40 40
0150_0008_0013_0036_0036.jpg 1 8 13 36 36
0151_0023_0005_0055_0055.jpg 1 23 5 55 55
0152_0030_0034_0058_0058.jpg 1 30 34 58 58
0153_0040_0023_0054_0054.jpg 1 40 23 54 54
0154_0007_0031_0047_0047.jpg 1 7 31 47 47
0155_0022_0007_0068_0068.jpg 1 22 7 68 68
0156_0042_0031_0041_0041.jpg 1 42 31 41 41
0157_0021_0035_0058_0058.jpg 1 21 35 58 58
0158_0004_0017_0063_0063.jpg 1 4 17 63 63
0159_0025_0011_0039_0039.jpg 1 25 11 39 39
0160_0007_0033_0045_0045.jpg 1 7 33 45 45
0161_0024_0037_0049_0049.jpg 1 24 37 49 49
0162_0040_0008_0048_0048.jpg 1 40 8 48 48
0163_0046_0009_0034_0034.jpg 1 46 9 34 34
0164_0024_0010_0063_0063.jpg 1 24 10 63 63
0165_0027_0029_0024_0024.jpg 1 27 29 24 24
0166_0025_0026_0056_0056.jpg 1 25 26 56 56
0167_0034_0028_0060_0060.jpg 1 34 28 60 60
0168_0006_0005_0064_0064.jpg 1 6 5 64 64
0169_0025_0025_0049_0049.jpg 1 25 25 49 49
0170_0049_0050_0041_0041.jpg 1 49 50 41 41
0001_0029_0021_0058_0058.jpg 1 29 21 58 58
0002_0019_0036_0029_0029.jpg 1 19 36 29 29
0003_0059_0057_0034_0034.jpg 1 59 57 34 34
0004_0023_0036_0040_0040.jpg 1 23 36 40 40
0005_0018_0003_0068_0068.jpg 1 18 3 68 68
0006_0014_0016_0062_0062.jpg 1 14 16 62 62
0007_0011_0023_0036_0036.jpg 1 11 23 36 36
0008_0043_0018_0024_0024.jpg 1 43 18 24 24
0009_0013_0008_0068_0068.jpg 1 13 8 68 68
0010_0022_0006_0049_0049.jpg 1 22 6 49 49
0011_0019_0033_0047_0047.jpg 1 19 33 47 47
0012_0052_0031_0026_0026.jpg 1 52 31 26 26
0013_0062_0017_0030_0030.jpg 1 62 17 30 30
0014_0033_0011_0056_0056.jpg 1 33 11 56 56
0015_0011_0034_0042_0042.jpg 1 11 34 42 42
0016_0040_0029_0036_0036.jpg 1 40 29 36 36
0017_0012_0007_0065_0065.jpg 1 12 7 65 65
0018_0021_0043_0045_0045.jpg 1 21 43 45 45
0019_0021_0007_0053_0053.jpg 1 21 7 53 53
0020_0015_0046_0036_0036.jpg 1 15 46 36 36
0021_0034_0025_0024_0024.jpg 1 34 25 24 24
0022_0008_0016_0047_0047.jpg 1 8 16 47 47
0023_0016_0058_0030_0030.jpg 1 16 58 30 30
0024_0051_0010_0043_0043.jpg 1 51 10 43 43
0025_0016_0026_0066_0066.jpg 1 16 26 66 66
0026_0042_0031_0028_0028.jpg 1 42 31 28 28
0027_0052_0021_0030_0030.jpg 1 52 21 30 30
0028_0021_0023_0056_0056.jpg 1 21 23 56 56
0029_0041_0017_0054_0054.jpg 1 41 17 54 54
0030_0018_0022_0061_0061.jpg 1 18 22 61 61
0031_0045_0013_0036_0036.jpg 1 45 13 36 36
0032_0014_0014_0044_0044.jpg 1 14 14 44 44
0033_0004_0014_0069_0069.jpg 1 4 14 69 69
0034_0052_0055_0037_0037.jpg 1 52 55 37 37
0035_0006_0020_0058_0058.jpg 1 6 20 58 58
0036_0011_0027_0069_0069.jpg 1 11 27 69 69
0037_0004_0008_0060_0060.jpg 1 4 8 60 60
0038_0006_0027_0054_0054.jpg 1 6 27 54 54
0039_0024_0008_0069_0069.jpg 1 24 8 69 69
0040_0036_0013_0059_0059.jpg 1 36 13 59 59
0041_0022_0027_0058_0058.jpg 1 22 27 58 58
0042_0041_0041_0050_0050.jpg 1 41 41 50 50
0043_0014_0005_0058_0058.jpg 1 14 5 58 58
0044_0030_0026_0060_0060.jpg 1 30 26 60 60
0045_0005_0040_0048_0048.jpg 1 5 40 48 48
0046_0053_0006_0038_0038.jpg 1 53 6 38 38
0047_0026_0016_0044_0044.jpg 1 26 16 44 44
0048_0022_0013_0026_0026.jpg 1 22 13 26 26
0049_0015_0028_0059_0059.jpg 1 15 28 59 59
0050_0042_0020_0033_0033.jpg 1 42 20 33 33
0051_0007_0057_0028_0028.jpg 1 7 57 28 28
0052_0012_0026_0061_0061.jpg 1 12 26 61 61
0053_0019_0008_0061_0061.jpg 1 19 8 61 61
0054_0027_0026_0065_0065.jpg 1 27 26 65 65
0055_0007_0037_0047_0047.jpg 1 7 37 47 47
0056_0013_0032_0045_0045.jpg 1 13 32 45 45
0057_0033_0021_0054_0054.jpg 1 33 21 54 54
0058_0007_0021_0031_0031.jpg 1 7 21 31 31
0059_0017_0008_0051_0051.jpg 1 17 8 51 51
0060_0019_0035_0042_0042.jpg 1 19 35 42 42
0061_0029_0018_0063_0063.jpg 1 29 18 63 63
0062_0017_0007_0037_0037.jpg 1 17 7 37 37
0063_0004_0022_0062_0062.jpg 1 4 22 62 62
0064_0024_0024_0059_0059.jpg 1 24 24 59 59
0065_0024_0018_0067_0067.jpg 1 24 18 67 67
0066_0020_0019_0069_0069.jpg 1 20 19 69 69
0067_0036_0025_0041_0041.jpg 1 36 25 41 41
0068_0023_0026_0029_0029.jpg 1 23 26 29 29
0069_0044_0019_0035_0035.jpg 1 44 19 35 35
0070_0018_0007_0069_0069.jpg 1 18 7 69 69
0071_0007_0005_0066_0066.jpg 1 7 5 66 66
0072_0034_0021_0028_0028.jpg 1 34 21 28 28
0073_0008_0018_0058_0058.jpg 1 8 18 58 58
0074_0027_0024_0066_0066.jpg 1 27 24 66 66
0075_0024_0025_0040_0040.jpg 1 24 25 40 40
0076_0023_0017_0061_0061.jpg 1 23 17 61 61
0077_0058_0052_0029_0029.jpg 1 58 52 29 29
0078_0026_0007_0049_0049.jpg 1 26 7 49 49
0079_0006_0010_0065_0065.jpg 1 6 10 65 65
0080_0024_0026_0049_0049.jpg 1 24 26 49 49
0081_0028_0013_0058_0058.jpg 1 28 13 58 58
0082_0036_0035_0024_0024.jpg 1 36 35 24 24
0083_0016_0023_0033_0033.jpg 1 16 23 33 33
0084_0028_0031_0029_0029.jpg 1 28 31 29 29
0085_0024_0017_0069_0069.jpg 1 24 17 69 69
0086_0034_0057_0029_0029.jpg 1 34 57 29 29
0087_0008_0014_0050_0050.jpg 1 8 14 50 50
0088_0048_0040_0027_0027.jpg 1 48 40 27 27
0089_0014_0033_0041_0041.jpg 1 14 33 41 41
0090_0031_0036_0057_0057.jpg 1 31 36 57 57
0091_0031_0028_0055_0055.jpg 1 31 28 55 55
0092_0017_0017_0032_0032.jpg 1 17 17 32 32
0093_0038_0047_0047_0047.jpg 1 38 47 47 47
0094_0028_0043_0031_0031.jpg 1 28 43 31 31
0095_0017_0041_0030_0030.jpg 1 17 41 30 30
0096_0019_0007_0060_0060.jpg 1 19 7 60 60
0097_0029_0009_0042_0042.jpg 1 29 9 42 42
0098_0019_0020_0046_0046.jpg 1 19 20 46 46
0099_0020_0046_0036_0036.jpg 1 20 46 36 36
0100_0041_0048_0032_0032.jpg 1 41 48 32 32
0101_0040_0031_0034_0034.jpg 1 40 31 34 34
0102_0037_0008_0052_0052.jpg 1 37 8 52 52
0103_0025_0015_0061_0061.jpg 1 25 15 61 61
0104_0031_0010_0059_0059.jpg 1 31 10 59 59
0105_0030_0039_0056_0056.jpg 1 30 39 56 56
0106_0047_0044_0042_0042.jpg 1 47 44 42 42
0107_0024_0022_0028_0028.jpg 1 24 22 28 28
0108_0037_0009_0047_0047.jpg 1 37 9 47 47
0109_0017_0027_0062_0062.jpg 1 17 27 62 62
0110_0032_0046_0032_0032.jpg 1 32 46 32 32
0111_0007_0039_0038_0038.jpg 1 7 39 38 38
0112_0055_0049_0026_0026.jpg 1 55 49 26 26
0113_0024_0003_0063_0063.jpg 1 24 3 63 63
0114_0024_0031_0060_0060.jpg 1 24 31 60 60
0115_0019_0013_0057_0057.jpg 1 19 13 57 57
0116_0033_0017_0039_0039.jpg 1 33 17 39 39
0117_0015_0031_0026_0026.jpg 1 15 31 26 26
0118_0026_0047_0037_0037.jpg 1 26 47 37 37
0119_0013_0004_0064_0064.jpg 1 13 4 64 64
0120_0063_0032_0029_0029.jpg 1 63 32 29 29
0121_0016_0004_0063_0063.jpg 1 16 4 63 63
0122_0040_0012_0052_0052.jpg 1 40 12 52 52
0123_0018_0048_0024_0024.jpg 1 18 48 24 24
0124_0020_0024_0061_0061.jpg 1 20 24 61 61
0125_0048_0029_0036_0036.jpg 1 48 29 36 36
0126_0038_0013_0032_0032.jpg 1 38 13 32 32
0127_0059_0010_0030_0030.jpg 1 59 10 30 30
0128_0033_0020_0062_0062.jpg 1 33 20 62 62
0129_0008_0007_0049_0049.jpg 1 8 7 49 49
0130_0022_0004_0065_0065.jpg 1 22 4 65 65
0131_0017_0034_0050_0050.jpg 1 17 34 50 50
0132_0029_0026_0058_0058.jpg 1 29 26 58 58
0133_0042_0026_0024_0024.jpg 1 42 26 24 24
0134_0007_0012_0065_0065.jpg 1 7 12 65 65
0135_0034_0040_0028_0028.jpg 1 34 40 28 28
0136_0027_0022_0069_0069.jpg 1 27 22 69 69
0137_0010_0025_0043_0043.jpg 1 10 25 43 43
0138_0012_0043_0025_0025.jpg 1 12 43 25 25
0139_0028_0016_0057_0057.jpg 1 28 16 57 57
0140_0011_0016_0068_0068.jpg 1 11 16 68 68
0141_0011_0019_0061_0061.jpg 1 11 19 61 61
0142_0018_0031_0053_0053.jpg 1 18 31 53 53
0143_0050_0042_0037_0037.jpg 1 50 42 37 37
0144_0027_0018_0045_0045.jpg 1 27 18 45 45
0145_0043_0030_0030_0030.jpg 1 43 30 30 30
0146_0034_0008_0048_0048.jpg 1 34 8 48 48
0147_0024_0018_0066_0066.jpg 1 24 18 66 66
0148_0028_0031_0051_0051.jpg 1 28 31 51 51
0149_0011_0005_0059_0059.jpg 1 11 5 59 59
0150_0028_0044_0029_0029.jpg 1 28 44 29 29
0151_0015_0010_0062_0062.jpg 1 15 10 62 62
0152_0050_0030_0025_0025.jpg 1 50 30 25 25
0153_0031_0018_0047_0047.jpg 1 31 18 47 47
0154_0050_0007_0041_0041.jpg 1 50 7 41 41
0155_0026_0031_0051_0051.jpg 1 26 31 51 51
0156_0014_0014_0036_0036.jpg 1 14 14 36 36
0157_0036_0010_0059_0059.jpg 1 36 10 59 59
0158_0036_0043_0049_0049.jpg 1 36 43 49 49
0159_0016_0024_0066_0066.jpg 1 16 24 66 66
0160_0007_0037_0029_0029.jpg 1 7 37 29 29
0161_0006_0006_0059_0059.jpg 1 6 6 59 59
0162_0041_0028_0034_0034.jpg 1 41 28 34 34
0163_0030_0030_0059_0059.jpg 1 30 30 59 59
0164_0024_0010_0044_0044.jpg 1 24 10 44 44
0165_0019_0008_0067_0067.jpg 1 19 8 67 67
0166_0003_0009_0068_0068.jpg 1 3 9 68 68
0167_0026_0052_0037_0037.jpg 1 26 52 37 37
0168_0025_0052_0027_0027.jpg 1 25 52 27 27
0169_0017_0023_0068_0068.jpg 1 17 23 68 68
0170_0018_0049_0030_0030.jpg 1 18 49 30 30
0001_0019_0023_0066_0066.jpg 1 19 23 66 66
0002_0035_0042_0034_0034.jpg 1 35 42 34 34
0003_0032_0006_0061_0061.jpg 1 32 6 61 61
0004_0041_0022_0053_0053.jpg 1 41 22 53 53
0005_0029_0027_0056_0056.jpg 1 29 27 56 56
0006_0012_0022_0062_0062.jpg 1 12 22 62 62
0007_0009_0013_0052_0052.jpg 1 9 13 52 52
0008_0039_0049_0031_0031.jpg 1 39 49 31 31
0009_0035_0018_0035_0035.jpg 1 35 18 35 35
0010_0025_0035_0049_0049.jpg 1 25 35 49 49
0011_0015_0010_0045_0045.jpg 1 15 10 45 45
0012_0009_0033_0052_0052.jpg 1 9 33 52 52
0013_0018_0039_0048_0048.jpg 1 18 39 48 48
0014_0062_0037_0026_0026.jpg 1 62 37 26 26
0015_0025_0013_0032_0032.jpg 1 25 13 32 32
0016_0021_0011_0064_0064.jpg 1 21 11 64 64
0017_0004_0003_0063_0063.jpg 1 4 3 63 63
0018_0030_0050_0033_0033.jpg 1 30 50 33 33
0019_0014_0030_0049_0049.jpg 1 14 30 49 49
0020_0013_0009_0066_0066.jpg 1 13 9 66 66
0021_0024_0057_0028_0028.jpg 1 24 57 28 28
0022_0048_0029_0043_0043.jpg 1 48 29 43 43
0023_0047_0043_0045_0045.jpg 1 47 43 45 45
0024_0029_0010_0055_0055.jpg 1 29 10 55 55
0025_0059_0062_0026_0026.jpg 1 59 62 26 26
0026_0020_0022_0050_0050.jpg 1 20 22 50 50
0027_0046_0041_0037_0037.jpg 1 46 41 37 37
0028_0053_0008_0035_0035.jpg 1 53 8 35 35
0029_0043_0032_0048_0048.jpg 1 43 32 48 48
0030_0004_0005_0069_0069.jpg 1 4 5 69 69
0031_0018_0018_0067_0067.jpg 1 18 18 67 67
0032_0033_0059_0031_0031.jpg 1 33 59 31 31
0033_0026_0032_0045_0045.jpg 1 26 32 45 45
0034_0041_0012_0047_0047.jpg 1 41 12 47 47
0035_0013_0011_0026_0026.jpg 1 13 11 26 26
0036_0029_0007_0063_0063.jpg 1 29 7 63 63
0037_0029_0011_0060_0060.jpg 1 29 11 60 60
0038_0059_0019_0027_0027.jpg 1 59 19 27 27
0039_0036_0046_0043_0043.jpg 1 36 46 43 43
0040_0012_0029_0030_0030.jpg 1 12 29 30 30
0041_0023_0060_0029_0029.jpg 1 23 60 29 29
0042_0057_0026_0033_0033.jpg 1 57 26 33 33
0043_0045_0035_0036_0036.jpg 1 45 35 36 36
0044_0011_0055_0033_0033.jpg 1 11 55 33 33
0045_0051_0046_0037_0037.jpg 1 51 46 37 37
0046_0024_0021_0068_0068.jpg 1 24 21 68 68
0047_0011_0009_0046_0046.jpg 1 11 9 46 46
0048_0007_0008_0063_0063.jpg 1 7 8 63 63
0049_0024_0034_0055_0055.jpg 1 24 34 55 55
0050_0053_0036_0025_0025.jpg 1 53 36 25 25
0051_0016_0012_0049_0049.jpg 1 16 12 49 49
0052_0040_0044_0046_0046.jpg 1 40 44 46 46
0053_0030_0015_0039_0039.jpg 1 30 15 39 39
0054_0042_0041_0036_0036.jpg 1 42 41 36 36
0055_0021_0021_0063_0063.jpg 1 21 21 63 63
0056_0009_0006_0068_0068.jpg 1 9 6 68 68
0057_0046_0052_0030_0030.jpg 1 46 52 30 30
0058_0031_0041_0038_0038.jpg 1 31 41 38 38
0059_0004_0037_0057_0057.jpg 1 4 37 57 57
0060_0026_0025_0052_0052.jpg 1 26 25 52 52
0061_0024_0021_0050_0050.jpg 1 24 21 50 50
0062_0007_0019_0047_0047.jpg 1 7 19 47 47
0063_0030_0014_0064_0064.jpg 1 30 14 64 64
0064_0033_0032_0058_0058.jpg 1 33 32 58 58
0065_0027_0029_0065_0065.jpg 1 27 29 65 65
0066_0016_0010_0044_0044.jpg 1 16 10 44 44
0067_0028_0048_0042_0042.jpg 1 28 48 42 42
0068_0014_0005_0064_0064.jpg 1 14 5 64 64
0069_0020_0029_0062_0062.jpg 1 20 29 62 62
0070_0018_0021_0037_0037.jpg 1 18 21 37 37
0071_0033_0040_0037_0037.jpg 1 33 40 37 37
0072_0024_0022_0024_0024.jpg 1 24 22 24 24
0073_0009_0019_0060_0060.jpg 1 9 19 60 60
0074_0009_0020_0052_0052.jpg 1 9 20 52 52
0075_0010_0006_0044_0044.jpg 1 10 6 44 44
0076_0047_0016_0043_0043.jpg 1 47 16 43 43
0077_0034_0023_0031_0031.jpg 1 34 23 31 31
0078_0024_0020_0066_0066.jpg 1 24 20 66 66
0079_0007_0019_0044_0044.jpg 1 7 19 44 44
0080_0024_0017_0063_0063.jpg 1 24 17 63 63
0081_0010_0018_0068_0068.jpg 1 10 18 68 68
0082_0023_0014_0041_0041.jpg 1 23 14 41 41
0083_0041_0035_0051_0051.jpg 1 41 35 51 51
0084_0021_0041_0025_0025.jpg 1 21 41 25 25
0085_0024_0008_0050_0050.jpg 1 24 8 50 50
0086_0014_0037_0056_0056.jpg 1 14 37 56 56
0087_0051_0023_0035_0035.jpg 1 51 23 35 35
0088_0050_0026_0031_0031.jpg 1 50 26 31 31
0089_0030_0046_0045_0045.jpg 1 30 46 45 45
0090_0019_0024_0066_0066.jpg 1 19 24 66 66
0091_0036_0033_0052_0052.jpg 1 36 33 52 52
0092_0046_0042_0042_0042.jpg 1 46 42 42 42
0093_0060_0032_0032_0032.jpg 1 60 32 32 32
0094_0011_0037_0056_0056.jpg 1 11 37 56 56
0095_0028_0022_0049_0049.jpg 1 28 22 49 49
0096_0050_0032_0038_0038.jpg 1 50 32 38 38
0097_0027_0023_0066_0066.jpg 1 27 23 66 66
0098_0038_0013_0027_0027.jpg 1 38 13 27 27
0099_0042_0041_0048_0048.jpg 1 42 41 48 48
0100_0040_0052_0034_0034.jpg 1 40 52 34 34
0101_0021_0042_0031_0031.jpg 1 21 42 31 31
0102_0019_0020_0065_0065.jpg 1 19 20 65 65
0103_0042_0012_0048_0048.jpg 1 42 12 48 48
0104_0033_0010_0056_0056.jpg 1 33 10 56 56
0105_0006_0029_0053_0053.jpg 1 6 29 53 53
0106_0014_0029_0049_0049.jpg 1 14 29 49 49
0107_0010_0008_0059_0059.jpg 1 10 8 59 59
0108_0010_0015_0039_0039.jpg 1 10 15 39 39
0109_0020_0013_0051_0051.jpg 1 20 13 51 51
0110_0015_0020_0069_0069.jpg 1 15 20 69 69
0111_0032_0020_0039_0039.jpg 1 32 20 39 39
0112_0027_0023_0030_0030.jpg 1 27 23 30 30
0113_0015_0013_0038_0038.jpg 1 15 13 38 38
0114_0037_0012_0053_0053.jpg 1 37 12 53 53
0115_0022_0010_0064_0064.jpg 1 22 10 64 64
0116_0048_0038_0027_0027.jpg 1 48 38 27 27
0117_0065_0009_0027_0027.jpg 1 65 9 27 27
0118_0033_0038_0031_0031.jpg 1 33 38 31 31
0119_0035_0031_0049_0049.jpg 1 35 31 49 49
0120_0038_0010_0038_0038.jpg 1 38 10 38 38
0121_0031_0050_0026_0026.jpg 1 31 50 26 26
0122_0039_0044_0038_0038.jpg 1 39 44 38 38
0123_0031_0025_0031_0031.jpg 1 31 25 31 31
0124_0026_0040_0031_0031.jpg 1 26 40 31 31
0125_0018_0033_0024_0024.jpg 1 18 33 24 24
0126_0022_0020_0063_0063.jpg 1 22 20 63 63
0127_0060_0038_0033_0033.jpg 1 60 38 33 33
0128_0033_0037_0030_0030.jpg 1 33 37 30 30
0129_0037_0020_0024_0024.jpg 1 37 20 24 24
0130_0025_0025_0067_0067.jpg 1 25 25 67 67
0131_0018_0007_0045_0045.jpg 1 18 7 45 45
0132_0012_0031_0037_0037.jpg 1 12 31 37 37
0133_0018_0035_0057_0057.jpg 1 18 35 57 57
0134_0018_0029_0059_0059.jpg 1 18 29 59 59
0135_0032_0038_0051_0051.jpg 1 32 38 51 51
0136_0027_0014_0055_0055.jpg 1 27 14 55 55
0137_0022_0043_0032_0032.jpg 1 22 43 32 32
0138_0010_0021_0039_0039.jpg 1 10 21 39 39
0139_0024_0006_0043_0043.jpg 1 24 6 43 43
0140_0042_0045_0025_0025.jpg 1 42 45 25 25
0141_0025_0037_0040_0040.jpg 1 25 37 40 40
0142_0025_0006_0045_0045.jpg 1 25 6 45 45
0143_0022_0030_0061_0061.jpg 1 22 30 61 61
0144_0027_0057_0026_0026.jpg 1 27 57 26 26
0145_0036_0025_0041_0041.jpg 1 36 25 41 41
0146_0029_0015_0043_0043.jpg 1 29 15 43 43
0147_0014_0005_0062_0062.jpg 1 14 5 62 62
0148_0045_0026_0034_0034.jpg 1 45 26 34 34
0149_0016_0008_0063_0063.jpg 1 16 8 63 63
0150_0036_0016_0033_0033.jpg 1 36 16 33 33
0151_0040_0043_0049_0049.jpg 1 40 43 49 49
0152_0032_0011_0057_0057.jpg 1 32 11 57 57
0153_0020_0018_0069_0069.jpg 1 20 18 69 69
0154_0014_0026_0044_0044.jpg 1 14 26 44 44
0155_0025_0012_0025_0025.jpg 1 25 12 25 25
0156_0013_0035_0048_0048.jpg 1 13 35 48 48
0157_0006_0024_0069_0069.jpg 1 6 24 69 69
0158_0019_0006_0036_0036.jpg 1 19 6 36 36
0159_0003_0010_0069_0069.jpg 1 3 10 69 69
0160_0030_0019_0061_0061.jpg 1 30 19 61 61
0161_0037_0031_0056_0056.jpg 1 37 31 56 56
0162_0014_0004_0066_0066.jpg 1 14 4 66 66
0163_0024_0025_0068_0068.jpg 1 24 25 68 68
0164_0027_0029_0054_0054.jpg 1 27 29 54 54
0165_0041_0017_0039_0039.jpg 1 41 17 39 39
0166_0012_0005_0058_0058.jpg 1 12 5 58 58
0167_0026_0017_0059_0059.jpg 1 26 17 59 59
0168_0017_0025_0040_0040.jpg 1 17 25 40 40
0169_0034_0006_0049_0049.jpg 1 34 6 49 49
0170_0009_0021_0063_0063.jpg 1 9 21 63 63
0001_0038_0013_0044_0044.jpg 1 38 13 44 44
0002_0040_0024_0051_0051.jpg 1 40 24 51 51
0003_0049_0023_0044_0044.jpg 1 49 23 44 44
0004_0009_0005_0064_0064.jpg 1 9 5 64 64
0005_0047_0009_0038_0038.jpg 1 47 9 38 38
0006_0016_0011_0039_0039.jpg 1 16 11 39 39
0007_0042_0062_0024_0024.jpg 1 42 62 24 24
0008_0021_0033_0050_0050.jpg 1 21 33 50 50
0009_0029_0042_0037_0037.jpg 1 29 42 37 37
0010_0030_0031_0054_0054.jpg 1 30 31 54 54
0011_0062_0045_0030_0030.jpg 1 62 45 30 30
0012_0032_0042_0049_0049.jpg 1 32 42 49 49
0013_0036_0030_0054_0054.jpg 1 36 30 54 54
0014_0016_0027_0065_0065.jpg 1 16 27 65 65
0015_0031_0028_0046_0046.jpg 1 31 28 46 46
0016_0024_0050_0038_0038.jpg 1 24 50 38 38
0017_0024_0019_0068_0068.jpg 1 24 19 68 68
0018_0018_0008_0062_0062.jpg 1 18 8 62 62
0019_0022_0013_0062_0062.jpg 1 22 13 62 62
0020_0021_0012_0051_0051.jpg 1 21 12 51 51
0021_0012_0013_0069_0069.jpg 1 12 13 69 69
0022_0042_0029_0052_0052.jpg 1 42 29 52 52
0023_0009_0031_0039_0039.jpg 1 9 31 39 39
0024_0038_0013_0049_0049.jpg 1 38 13 49 49
0025_0029_0031_0045_0045.jpg 1 29 31 45 45
0026_0012_0025_0068_0068.jpg 1 12 25 68 68
0027_0019_0026_0067_0067.jpg 1 19 26 67 67
0028_0022_0028_0059_0059.jpg 1 22 28 59 59
0029_0003_0030_0063_0063.jpg 1 3 30 63 63
0030_0005_0008_0068_0068.jpg 1 5 8 68 68
0031_0017_0039_0031_0031.jpg 1 17 39 31 31
0032_0022_0017_0026_0026.jpg 1 22 17 26 26
0033_0016_0034_0048_0048.jpg 1 16 34 48 48
0034_0046_0050_0031_0031.jpg 1 46 50 31 31
0035_0010_0012_0051_0051.jpg 1 10 12 51 51
0036_0023_0027_0050_0050.jpg 1 23 27 50 50
0037_0025_0054_0036_0036.jpg 1 25 54 36 36
0038_0048_0012_0042_0042.jpg 1 48 12 42 42
0039_0040_0024_0051_0051.jpg 1 40 24 51 51
0040_0027_0025_0025_0025.jpg 1 27 25 25 25
0041_0008_0024_0059_0059.jpg 1 8 24 59 59
0042_0014_0012_0058_0058.jpg 1 14 12 58 58
0043_0048_0046_0032_0032.jpg 1 48 46 32 32
0044_0021_0022_0044_0044.jpg 1 21 22 44 44
0045_0020_0015_0045_0045.jpg 1 20 15 45 45
0046_0010_0022_0058_0058.jpg 1 10 22 58 58
0047_0022_0025_0051_0051.jpg 1 22 25 51 51
0048_0041_0010_0032_0032.jpg 1 41 10 32 32
0049_0024_0060_0024_0024.jpg 1 24 60 24 24
0050_0026_0029_0052_0052.jpg 1 26 29 52 52
0051_0019_0052_0036_0036.jpg 1 19 52 36 36
0052_0012_0022_0059_0059.jpg 1 12 22 59 59
0053_0038_0031_0047_0047.jpg 1 38 31 47 47
0054_0027_0011_0029_0029.jpg 1 27 11 29 29
0055_0008_0012_0068_0068.jpg 1 8 12 68 68
0056_0042_0021_0028_0028.jpg 1 42 21 28 28
0057_0034_0036_0050_0050.jpg 1 34 36 50 50
0058_0016_0030_0031_0031.jpg 1 16 30 31 31
0059_0015_0004_0064_0064.jpg 1 15 4 64 64
0060_0024_0034_0032_0032.jpg 1 24 34 32 32
0061_0012_0025_0050_0050.jpg 1 12 25 50 50
0062_0034_0036_0044_0044.jpg 1 34 36 44 44
0063_0040_0045_0044_0044.jpg 1 40 45 44 44
0064_0012_0024_0058_0058.jpg 1 12 24 58 58
0065_0038_0029_0025_0025.jpg 1 38 29 25 25
0066_0005_0012_0063_0063.jpg 1 5 12 63 63
0067_0005_0042_0049_0049.jpg 1 5 42 49 49
0068_0049_0036_0041_0041.jpg 1 49 36 41 41
0069_0031_0027_0061_0061.jpg 1 31 27 61 61
0070_0021_0021_0054_0054.jpg 1 21 21 54 54
0071_0020_0014_0055_0055.jpg 1 20 14 55 55
0072_0046_0056_0028_0028.jpg 1 46 56 28 28
0073_0028_0007_0044_0044.jpg 1 28 7 44 44
0074_0021_0016_0053_0053.jpg 1 21 16 53 53
0075_0055_0011_0025_0025.jpg 1 55 11 25 25
0076_0020_0019_0053_0053.jpg 1 20 19 53 53
0077_0013_0020_0066_0066.jpg 1 13 20 66 66
0078_0008_0014_0051_0051.jpg 1 8 14 51 51
0079_0019_0016_0068_0068.jpg 1 19 16 68 68
0080_0015_0029_0063_0063.jpg 1 15 29 63 63
0081_0022_0017_0025_0025.jpg 1 22 17 25 25
0082_0018_0018_0063_0063.jpg 1 18 18 63 63
0083_0027_0010_0035_0035.jpg 1 27 10 35 35
0084_0032_0029_0032_0032.jpg 1 32 29 32 32
0085_0008_0036_0025_0025.jpg 1 8 36 25 25
0086_0014_0011_0053_0053.jpg 1 14 11 53 53
0087_0025_0033_0037_0037.jpg 1 25 33 37 37
0088_0042_0017_0036_0036.jpg 1 42 17 36 36
0089_0043_0017_0039_0039.jpg 1 43 17 39 39
0090_0026_0033_0051_0051.jpg 1 26 33 51 51
0091_0042_0013_0044_0044.jpg 1 42 13 44 44
0092_0011_0009_0069_0069.jpg 1 11 9 69 69
0093_0016_0011_0039_0039.jpg 1 16 11 39 39
0094_0028_0005_0064_0064.jpg 1 28 5 64 64
0095_0019_0009_0036_0036.jpg 1 19 9 36 36
0096_0026_0040_0053_0053.jpg 1 26 40 53 53
0097_0033_0049_0044_0044.jpg 1 33 49 44 44
0098_0022_0023_0066_0066.jpg 1 22 23 66 66
0099_0035_0065_0024_0024.jpg 1 35 65 24 24
0100_0031_0034_0056_0056.jpg 1 31 34 56 56
0101_0007_0014_0028_0028.jpg 1 7 14 28 28
0102_0033_0040_0025_0025.jpg 1 33 40 25 25
0103_0023_0021_0044_0044.jpg 1 23 21 44 44
0104_0017_0025_0057_0057.jpg 1 17 25 57 57
0105_0039_0027_0045_0045.jpg 1 39 27 45 45
0106_0051_0020_0036_0036.jpg 1 51 20 36 36
0107_0026_0028_0065_0065.jpg 1 26 28 65 65
0108_0038_0039_0049_0049.jpg 1 38 39 49 49
0109_0023_0023_0044_0044.jpg 1 23 23 44 44
0110_0016_0022_0053_0053.jpg 1 16 22 53 53
0111_0003_0017_0066_0066.jpg 1 3 17 66 66
0112_0030_0050_0042_0042.jpg 1 30 50 42 42
0113_0034_0027_0045_0045.jpg 1 34 27 45 45
0114_0016_0009_0058_0058.jpg 1 16 9 58 58
0115_0059_0032_0027_0027.jpg 1 59 32 27 27
0116_0010_0009_0051_0051.jpg 1 10 9 51 51
0117_0025_0046_0038_0038.jpg 1 25 46 38 38
0118_0011_0021_0043_0043.jpg 1 11 21 43 43
0119_0012_0038_0046_0046.jpg 1 12 38 46 46
0120_0031_0031_0064_0064.jpg 1 31 31 64 64
0121_0032_0015_0058_0058.jpg 1 32 15 58 58
0122_0017_0024_0067_0067.jpg 1 17 24 67 67
0123_0041_0016_0052_0052.jpg 1 41 16 52 52
0124_0008_0021_0029_0029.jpg 1 8 21 29 29
0125_0006_0029_0057_0057.jpg 1 6 29 57 57
0126_0025_0037_0055_0055.jpg 1 25 37 55 55
0127_0024_0010_0056_0056.jpg 1 24 10 56 56
0128_0053_0045_0035_0035.jpg 1 53 45 35 35
0129_0028_0033_0027_0027.jpg 1 28 33 27 27
0130_0029_0023_0058_0058.jpg 1 29 23 58 58
0131_0024_0043_0033_0033.jpg 1 24 43 33 33
0132_0034_0043_0046_0046.jpg 1 34 43 46 46
0133_0033_0019_0043_0043.jpg 1 33 19 43 43
0134_0021_0027_0038_0038.jpg 1 21 27 38 38
0135_0028_0012_0065_0065.jpg 1 28 12 65 65
0136_0016_0012_0041_0041.jpg 1 16 12 41 41
0137_0046_0020_0027_0027.jpg 1 46 20 27 27
0138_0034_0067_0024_0024.jpg 1 34 67 24 24
0139_0018_0021_0068_0068.jpg 1 18 21 68 68
0140_0044_0014_0046_0046.jpg 1 44 14 46 46
0141_0025_0020_0045_0045.jpg 1 25 20 45 45
0142_0029_0030_0025_0025.jpg 1 29 30 25 25
0143_0016_0009_0027_0027.jpg 1 16 9 27 27
0144_0048_0052_0039_0039.jpg 1 48 52 39 39
0145_0017_0011_0030_0030.jpg 1 17 11 30 30
0146_0040_0042_0025_0025.jpg 1 40 42 25 25
0147_0061_0039_0031_0031.jpg 1 61 39 31 31
0148_0041_0025_0037_0037.jpg 1 41 25 37 37
0149_0032_0014_0058_0058.jpg 1 32 14 58 58
0150_0008_0038_0057_0057.jpg 1 8 38 57 57
0151_0060_0025_0028_0028.jpg 1 60 25 28 28
0152_0063_0027_0028_0028.jpg 1 63 27 28 28
0153_0042_0037_0046_0046.jpg 1 42 37 46 46
0154_0006_0011_0048_0048.jpg 1 6 11 48 48
0155_0035_0057_0029_0029.jpg 1 35 57 29 29
0156_0015_0025_0057_0057.jpg 1 15 25 57 57
0157_0036_0052_0025_0025.jpg 1 36 52 25 25
0158_0012_0031_0024_0024.jpg 1 12 31 24 24
0159_0028_0016_0065_0065.jpg 1 28 16 65 65
0160_0058_0065_0026_0026.jpg 1 58 65 26 26
0161_0040_0038_0035_0035.jpg 1 40 38 35 35
0162_0020_0010_0068_0068.jpg 1 20 10 68 68
0163_0007_0013_0066_0066.jpg 1 7 13 66 66
0164_0030_0011_0040_0040.jpg 1 30 11 40 40
0165_0057_0044_0029_0029.jpg 1 57 44 29 29
0166_0033_0009_0047_0047.jpg 1 33 9 47 47
0167_0009_0011_0066_0066.jpg 1 9 11 66 66
0168_0020_0031_0054_0054.jpg 1 20 31 54 54
0169_0035_0033_0059_0059.jpg 1 35 33 59 59
0170_0030_0007_0032_0032.jpg 1 30 7 32 32
0001_0030_0023_0040_0040.jpg 1 30 23 40 40
0002_0015_0007_0039_0039.jpg 1 15 7 39 39
0003_0016_0005_0067_0067.jpg 1 16 5 67 67
0004_0031_0014_0049_0049.jpg 1 31 14 49 49
0005_0035_0020_0060_0060.jpg 1 35 20 60 60
0006_0051_0034_0028_0028.jpg 1 51 34 28 28
0007_0019_0010_0043_0043.jpg 1 19 10 43 43
0008_0009_0023_0038_0038.jpg 1 9 23 38 38
0009_0014_0029_0064_0064.jpg 1 14 29 64 64
0010_0035_0038_0042_0042.jpg 1 35 38 42 42
0011_0015_0014_0051_0051.jpg 1 15 14 51 51
0012_0029_0009_0054_0054.jpg 1 29 9 54 54
0013_0010_0032_0057_0057.jpg 1 10 32 57 57
0014_0005_0026_0067_0067.jpg 1 5 26 67 67
0015_0037_0025_0034_0034.jpg 1 37 25 34 34
0016_0028_0045_0031_0031.jpg 1 28 45 31 31
0017_0026_0028_0061_0061.jpg 1 26 28 61 61
0018_0022_0023_0049_0049.jpg 1 22 23 49 49
0019_0037_0006_0039_0039.jpg 1 37 6 39 39
0020_0032_0021_0054_0054.jpg 1 32 21 54 54
0021_0045_0026_0039_0039.jpg 1 45 26 39 39
0022_0033_0007_0045_0045.jpg 1 33 7 45 45
0023_0054_0028_0025_0025.jpg 1 54 28 25 25
0024_0044_0022_0050_0050.jpg 1 44 22 50 50
0025_0007_0028_0066_0066.jpg 1 7 28 66 66
0026_0017_0048_0044_0044.jpg 1 17 48 44 44
0027_0036_0014_0044_0044.jpg 1 36 14 44 44
0028_0018_0040_0052_0052.jpg 1 18 40 52 52
0029_0013_0053_0040_0040.jpg 1 13 53 40 40
0030_0023_0027_0064_0064.jpg 1 23 27 64 64
0031_0041_0037_0027_0027.jpg 1 41 37 27 27
0032_0004_0009_0058_0058.jpg 1 4 9 58 58
0033_0010_0025_0069_0069.jpg 1 10 25 69 69
0034_0060_0053_0029_0029.jpg 1 60 53 29 29
0035_0010_0035_0032_0032.jpg 1 10 35 32 32
0036_0047_0011_0044_0044.jpg 1 47 11 44 44
0037_0018_0049_0030_0030.jpg 1 18 49 30 30
0038_0036_0039_0047_0047.jpg 1 36 39 47 47
0039_0028_0017_0046_0046.jpg 1 28 17 46 46
0040_0028_0017_0053_0053.jpg 1 28 17 53 53
0041_0057_0056_0029_0029.jpg 1 57 56 29 29
0042_0030_0039_0040_0040.jpg 1 30 39 40 40
0043_0034_0023_0044_0044.jpg 1 34 23 44 44
0044_0014_0008_0062_0062.jpg 1 14 8 62 62
0045_0044_0028_0049_0049.jpg 1 44 28 49 49
0046_0031_0008_0033_0033.jpg 1 31 8 33 33
0047_0029_0029_0055_0055.jpg 1 29 29 55 55
0048_0039_0037_0055_0055.jpg 1 39 37 55 55
0049_0022_0030_0059_0059.jpg 1 22 30 59 59
0050_0012_0037_0045_0045.jpg 1 12 37 45 45
0051_0030_0028_0047_0047.jpg 1 30 28 47 47
0052_0045_0052_0032_0032.jpg 1 45 52 32 32
0053_0045_0023_0032_0032.jpg 1 45 23 32 32
0054_0040_0017_0043_0043.jpg 1 40 17 43 43
0055_0050_0030_0029_0029.jpg 1 50 30 29 29
0056_0012_0015_0050_0050.jpg 1 12 15 50 50
0057_0023_0015_0034_0034.jpg 1 23 15 34 34
0058_0045_0032_0045_0045.jpg 1 45 32 45 45
0059_0036_0043_0040_0040.jpg 1 36 43 40 40
0060_0023_0009_0058_0058.jpg 1 23 9 58 58
0061_0047_0008_0042_0042.jpg 1 47 8 42 42
0062_0008_0028_0060_0060.jpg 1 8 28 60 60
0063_0005_0045_0049_0049.jpg 1 5 45 49 49
0064_0021_0020_0064_0064.jpg 1 21 20 64 64
0065_0037_0033_0046_0046.jpg 1 37 33 46 46
0066_0041_0012_0047_0047.jpg 1 41 12 47 47
0067_0004_0008_0069_0069.jpg 1 4 8 69 69
0068_0059_0030_0029_0029.jpg 1 59 30 29 29
0069_0013_0013_0068_0068.jpg 1 13 13 68 68
0070_0010_0025_0053_0053.jpg 1 10 25 53 53
0071_0037_0026_0048_0048.jpg 1 37 26 48 48
0072_0020_0031_0024_0024.jpg 1 20 31 24 24
0073_0024_0014_0029_0029.jpg 1 24 14 29 29
0074_0048_0044_0041_0041.jpg 1 48 44 41 41
0075_0051_0038_0037_0037.jpg 1 51 38 37 37
0076_0009_0027_0056_0056.jpg 1 9 27 56 56
0077_0028_0011_0057_0057.jpg 1 28 11 57 57
0078_0022_0031_0062_0062.jpg 1 22 31 62 62
0079_0015_0036_0054_0054.jpg 1 15 36 54 54
0080_0028_0047_0032_0032.jpg 1 28 47 32 32
0081_0029_0005_0058_0058.jpg 1 29 5 58 58
0082_0028_0029_0034_0034.jpg 1 28 29 34 34
0083_0043_0054_0028_0028.jpg 1 43 54 28 28
0084_0038_0022_0048_0048.jpg 1 38 22 48 48
0085_0006_0017_0057_0057.jpg 1 6 17 57 57
0086_0049_0017_0041_0041.jpg 1 49 17 41 41
0087_0051_0015_0040_0040.jpg 1 51 15 40 40
0088_0010_0052_0036_0036.jpg 1 10 52 36 36
0089_0030_0009_0062_0062.jpg 1 30 9 62 62
0090_0003_0020_0068_0068.jpg 1 3 20 68 68
0091_0046_0034_0037_0037.jpg 1 46 34 37 37
0092_0015_0007_0069_0069.jpg 1 15 7 69 69
0093_0057_0058_0034_0034.jpg 1 57 58 34 34
0094_0039_0049_0037_0037.jpg 1 39 49 37 37
0095_0059_0041_0030_0030.jpg 1 59 41 30 30
0096_0030_0007_0062_0062.jpg 1 30 7 62 62
0097_0006_0042_0048_0048.jpg 1 6 42 48 48
0098_0053_0036_0034_0034.jpg 1 53 36 34 34
0099_0035_0027_0057_0057.jpg 1 35 27 57 57
0100_0018_0021_0067_0067.jpg 1 18 21 67 67
0101_0044_0025_0048_0048.jpg 1 44 25 48 48
0102_0021_0011_0040_0040.jpg 1 21 11 40 40
0103_0038_0019_0049_0049.jpg 1 38 19 49 49
0104_0043_0049_0032_0032.jpg 1 43 49 32 32
0105_0030_0028_0029_0029.jpg 1 30 28 29 29
0106_0060_0011_0030_0030.jpg 1 60 11 30 30
0107_0020_0046_0037_0037.jpg 1 20 46 37 37
0108_0019_0006_0055_0055.jpg 1 19 6 55 55
0109_0026_0035_0061_0061.jpg 1 26 35 61 61
0110_0024_0013_0068_0068.jpg 1 24 13 68 68
0111_0007_0007_0058_0058.jpg 1 7 7 58 58
0112_0042_0042_0046_0046.jpg 1 42 42 46 46
0113_0053_0036_0030_0030.jpg 1 53 36 30 30
0114_0012_0022_0027_0027.jpg 1 12 22 27 27
0115_0050_0044_0043_0043.jpg 1 50 44 43 43
0116_0038_0032_0053_0053.jpg 1 38 32 53 53
0117_0026_0027_0055_0055.jpg 1 26 27 55 55
0118_0030_0030_0048_0048.jpg 1 30 30 48 48
0119_0035_0035_0038_0038.jpg 1 35 35 38 38
0120_0015_0056_0035_0035.jpg 1 15 56 35 35
0121_0021_0037_0055_0055.jpg 1 21 37 55 55
0122_0034_0024_0042_0042.jpg 1 34 24 42 42
0123_0008_0006_0044_0044.jpg 1 8 6 44 44
0124_0020_0027_0049_0049.jpg 1 20 27 49 49
0125_0027_0021_0069_0069.jpg 1 27 21 69 69
0126_0041_0028_0050_0050.jpg 1 41 28 50 50
0127_0039_0006_0048_0048.jpg 1 39 6 48 48
0128_0053_0006_0032_0032.jpg 1 53 6 32 32
0129_0065_0015_0027_0027.jpg 1 65 15 27 27
0130_0024_0042_0050_0050.jpg 1 24 42 50 50
0131_0047_0043_0047_0047.jpg 1 47 43 47 47
0132_0045_0025_0045_0045.jpg 1 45 25 45 45
0133_0014_0021_0048_0048.jpg 1 14 21 48 48
0134_0027_0020_0058_0058.jpg 1 27 20 58 58
0135_0035_0010_0038_0038.jpg 1 35 10 38 38
0136_0025_0006_0069_0069.jpg 1 25 6 69 69
0137_0014_0022_0065_0065.jpg 1 14 22 65 65
0138_0031_0006_0064_0064.jpg 1 31 6 64 64
0139_0016_0014_0046_0046.jpg 1 16 14 46 46
0140_0042_0012_0052_0052.jpg 1 42 12 52 52
0141_0022_0005_0043_0043.jpg 1 22 5 43 43
0142_0030_0011_0063_0063.jpg 1 30 11 63 63
0143_0022_0017_0056_0056.jpg 1 22 17 56 56
0144_0058_0016_0031_0031.jpg 1 58 16 31 31
0145_0012_0006_0069_0069.jpg 1 12 6 69 69
0146_0052_0008_0024_0024.jpg 1 52 8 24 24
0147_0011_0023_0028_0028.jpg 1 11 23 28 28
0148_0016_0014_0065_0065.jpg 1 16 14 65 65
0149_0009_0040_0043_0043.jpg 1 9 40 43 43
0150_0029_0012_0050_0050.jpg 1 29 12 50 50
0151_0037_0020_0026_0026.jpg 1 37 20 26 26
0152_0048_0017_0037_0037.jpg 1 48 17 37 37
0153_0042_0009_0037_0037.jpg 1 42 9 37 37
0154_0054_0018_0036_0036.jpg 1 54 18 36 36
0155_0026_0029_0062_0062.jpg 1 26 29 62 62
0156_0010_0025_0027_0027.jpg 1 10 25 27 27
0157_0006_0015_0035_0035.jpg 1 6 15 35 35
0158_0013_0028_0058_0058.jpg 1 13 28 58 58
0159_0005_0020_0067_0067.jpg 1 5 20 67 67
0160_0024_0003_0066_0066.jpg 1 24 3 66 66
0161_0014_0015_0068_0068.jpg 1 14 15 68 68
0162_0052_0040_0032_0032.jpg 1 52 40 32 32
0163_0027_0010_0060_0060.jpg 1 27 10 60 60
0164_0044_0017_0027_0027.jpg 1 44 17 27 27
0165_0038_0022_0049_0049.jpg 1 38 22 49 49
0166_0028_0012_0048_0048.jpg 1 28 12 48 48
0167_0031_0013_0035_0035.jpg 1 31 13 35 35
0168_0016_0041_0045_0045.jpg 1 16 41 45 45
0169_0006_0012_0040_0040.jpg 1 6 12 40 40
0170_0024_0015_0068_0068.jpg 1 24 15 68 68
0001_0018_0019_0067_0067.jpg 1 18 19 67 67
0002_0007_0026_0063_0063.jpg 1 7 26 63 63
0003_0023_0060_0026_0026.jpg 1 23 60 26 26
0004_0011_0046_0048_0048.jpg 1 11 46 48 48
0005_0033_0038_0033_0033.jpg 1 33 38 33 33
0006_0014_0056_0024_0024.jpg 1 14 56 24 24
0007_0046_0040_0037_0037.jpg 1 46 40 37 37
0008_0029_0035_0043_0043.jpg 1 29 35 43 43
0009_0043_0015_0050_0050.jpg 1 43 15 50 50
0010_0028_0050_0043_0043.jpg 1 28 50 43 43
0011_0011_0005_0065_0065.jpg 1 11 5 65 65
0012_0029_0007_0052_0052.jpg 1 29 7 52 52
0013_0016_0011_0045_0045.jpg 1 16 11 45 45
0014_0016_0049_0026_0026.jpg 1 16 49 26 26
0015_0053_0033_0040_0040.jpg 1 53 33 40 40
0016_0038_0035_0040_0040.jpg 1 38 35 40 40
0017_0009_0030_0032_0032.jpg 1 9 30 32 32
0018_0030_0043_0050_0050.jpg 1 30 43 50 50
0019_0044_0044_0027_0027.jpg 1 44 44 27 27
0020_0025_0017_0068_0068.jpg 1 25 17 68 68
0021_0033_0042_0043_0043.jpg 1 33 42 43 43
0022_0021_0038_0029_0029.jpg 1 21 38 29 29
0023_0047_0050_0032_0032.jpg 1 47 50 32 32
0024_0044_0021_0033_0033.jpg 1 44 21 33 33
0025_0041_0030_0025_0025.jpg 1 41 30 25 25
0026_0020_0018_0047_0047.jpg 1 20 18 47 47
0027_0033_0026_0047_0047.jpg 1 33 26 47 47
0028_0038_0031_0042_0042.jpg 1 38 31 42 42
0029_0036_0022_0049_0049.jpg 1 36 22 49 49
0030_0007_0017_0042_0042.jpg 1 7 17 42 42
0031_0018_0019_0032_0032.jpg 1 18 19 32 32
0032_0032_0014_0058_0058.jpg 1 32 14 58 58
0033_0043_0009_0048_0048.jpg 1 43 9 48 48
0034_0010_0020_0048_0048.jpg 1 10 20 48 48
0035_0029_0026_0040_0040.jpg 1 29 26 40 40
0036_0007_0044_0033_0033.jpg 1 7 44 33 33
0037_0020_0007_0063_0063.jpg 1 20 7 63 63
0038_0034_0027_0046_0046.jpg 1 34 27 46 46
0039_0009_0043_0042_0042.jpg 1 9 43 42 42
0040_0017_0011_0066_0066.jpg 1 17 11 66 66
0041_0009_0028_0034_0034.jpg 1 9 28 34 34
0042_0054_0048_0039_0039.jpg 1 54 48 39 39
0043_0044_0019_0034_0034.jpg 1 44 19 34 34
0044_0034_0023_0051_0051.jpg 1 34 23 51 51
0045_0015_0010_0060_0060.jpg 1 15 10 60 60
0046_0003_0028_0061_0061.jpg 1 3 28 61 61
0047_0026_0009_0045_0045.jpg 1 26 9 45 45
0048_0038_0018_0048_0048.jpg 1 38 18 48 48
0049_0021_0005_0050_0050.jpg 1 21 5 50 50
0050_0019_0004_0069_0069.jpg 1 19 4 69 69
0051_0025_0006_0050_0050.jpg 1 25 6 50 50
0052_0028_0017_0037_0037.jpg 1 28 17 37 37
0053_0005_0030_0048_0048.jpg 1 5 30 48 48
0054_0006_0015_0064_0064.jpg 1 6 15 64 64
0055_0023_0035_0052_0052.jpg 1 23 35 52 52
0056_0016_0011_0062_0062.jpg 1 16 11 62 62
0057_0035_0018_0055_0055.jpg 1 35 18 55 55
0058_0005_0006_0058_0058.jpg 1 5 6 58 58
0059_0036_0010_0057_0057.jpg 1 36 10 57 57
0060_0032_0008_0057_0057.jpg 1 32 8 57 57
0061_0039_0007_0027_0027.jpg 1 39 7 27 27
0062_0015_0007_0053_0053.jpg 1 15 7 53 53
0063_0035_0007_0059_0059.jpg 1 35 7 59 59
0064_0026_0007_0035_0035.jpg 1 26 7 35 35
0065_0024_0014_0024_0024.jpg 1 24 14 24 24
0066_0058_0019_0025_0025.jpg 1 58 19 25 25
0067_0037_0021_0057_0057.jpg 1 37 21 57 57
0068_0033_0046_0036_0036.jpg 1 33 46 36 36
0069_0008_0037_0039_0039.jpg 1 8 37 39 39
0070_0041_0012_0030_0030.jpg 1 41 12 30 30
0071_0029_0010_0058_0058.jpg 1 29 10 58 58
0072_0016_0008_0032_0032.jpg 1 16 8 32 32
0073_0014_0006_0067_0067.jpg 1 14 6 67 67
0074_0033_0014_0059_0059.jpg 1 33 14 59 59
0075_0024_0017_0031_0031.jpg 1 24 17 31 31
0076_0060_0055_0025_0025.jpg 1 60 55 25 25
0077_0032_0010_0058_0058.jpg 1 32 10 58 58
0078_0025_0038_0025_0025.jpg 1 25 38 25 25
0079_0014_0031_0026_0026.jpg 1 14 31 26 26
0080_0021_0040_0032_0032.jpg 1 21 40 32 32
0081_0052_0036_0024_0024.jpg 1 52 36 24 24
0082_0012_0015_0048_0048.jpg 1 12 15 48 48
0083_0022_0034_0034_0034.jpg 1 22 34 34 34
0084_0023_0004_0063_0063.jpg 1 23 4 63 63
0085_0007_0026_0057_0057.jpg 1 7 26 57 57
0086_0026_0008_0067_0067.jpg 1 26 8 67 67
0087_0019_0035_0040_0040.jpg 1 19 35 40 40
0088_0045_0029_0039_0039.jpg 1 45 29 39 39
0089_0064_0041_0024_0024.jpg 1 64 41 24 24
0090_0008_0018_0068_0068.jpg 1 8 18 68 68
0091_0050_0049_0038_0038.jpg 1 50 49 38 38
0092_0009_0017_0069_0069.jpg 1 9 17 69 69
0093_0037_0067_0024_0024.jpg 1 37 67 24 24
0094_0022_0016_0061_0061.jpg 1 22 16 61 61
0095_0025_0009_0068_0068.jpg 1 25 9 68 68
0096_0030_0048_0030_0030.jpg 1 30 48 30 30
0097_0018_0018_0059_0059.jpg 1 18 18 59 59
0098_0013_0012_0045_0045.jpg 1 13 12 45 45
0099_0047_0010_0042_0042.jpg 1 47 10 42 42
0100_0011_0023_0059_0059.jpg 1 11 23 59 59
0101_0035_0009_0047_0047.jpg 1 35 9 47 47
0102_0040_0047_0026_0026.jpg 1 40 47 26 26
0103_0021_0021_0025_0025.jpg 1 21 21 25 25
0104_0022_0043_0028_0028.jpg 1 22 43 28 28
0105_0014_0028_0052_0052.jpg 1 14 28 52 52
0106_0058_0055_0029_0029.jpg 1 58 55 29 29
0107_0061_0020_0026_0026.jpg 1 61 20 26 26
0108_0029_0039_0044_0044.jpg 1 29 39 44 44
0109_0049_0010_0039_0039.jpg 1 49 10 39 39
0110_0008_0023_0055_0055.jpg 1 8 23 55 55
0111_0010_0036_0050_0050.jpg 1 10 36 50 50
0112_0033_0040_0052_0052.jpg 1 33 40 52 52
0113_0036_0033_0037_0037.jpg 1 36 33 37 37
0114_0021_0021_0063_0063.jpg 1 21 21 63 63
0115_0028_0006_0052_0052.jpg 1 28 6 52 52
0116_0024_0005_0066_0066.jpg 1 24 5 66 66
0117_0016_0023_0057_0057.jpg 1 16 23 57 57
0118_0021_0029_0053_0053.jpg 1 21 29 53 53
0119_0030_0049_0036_0036.jpg 1 30 49 36 36
0120_0042_0042_0049_0049.jpg 1 42 42 49 49
0121_0017_0043_0045_0045.jpg 1 17 43 45 45
0122_0033_0036_0052_0052.jpg 1 33 36 52 52
0123_0005_0021_0069_0069.jpg 1 5 21 69 69
0124_0044_0008_0050_0050.jpg 1 44 8 50 50
0125_0008_0051_0033_0033.jpg 1 8 51 33 33
0126_0033_0008_0061_0061.jpg 1 33 8 61 61
0127_0017_0009_0054_0054.jpg 1 17 9 54 54
0128_0033_0036_0058_0058.jpg 1 33 36 58 58
0129_0029_0041_0030_0030.jpg 1 29 41 30 30
0130_0007_0004_0067_0067.jpg 1 7 4 67 67
0131_0005_0027_0060_0060.jpg 1 5 27 60 60
0132_0056_0057_0036_0036.jpg 1 56 57 36 36
0133_0010_0003_0067_0067.jpg 1 10 3 67 67
0134_0034_0020_0032_0032.jpg 1 34 20 32 32
0135_0045_0059_0025_0025.jpg 1 45 59 25 25
0136_0033_0011_0027_0027.jpg 1 33 11 27 27
0137_0011_0015_0067_0067.jpg 1 11 15 67 67
0138_0007_0045_0049_0049.jpg 1 7 45 49 49
0139_0011_0020_0065_0065.jpg 1 11 20 65 65
0140_0004_0020_0068_0068.jpg 1 4 20 68 68
0141_0009_0029_0049_0049.jpg 1 9 29 49 49
0142_0018_0007_0069_0069.jpg 1 18 7 69 69
0143_0021_0029_0052_0052.jpg 1 21 29 52 52
0144_0052_0017_0039_0039.jpg 1 52 17 39 39
0145_0036_0004_0056_0056.jpg 1 36 4 56 56
0146_0032_0026_0046_0046.jpg 1 32 26 46 46
0147_0019_0062_0024_0024.jpg 1 19 62 24 24
0148_0044_0027_0024_0024.jpg 1 44 27 24 24
0149_0022_0014_0043_0043.jpg 1 22 14 43 43
0150_0048_0019_0040_0040.jpg 1 48 19 40 40
0151_0021_0044_0034_0034.jpg 1 21 44 34 34
0152_0055_0059_0030_0030.jpg 1 55 59 30 30
0153_0036_0023_0036_0036.jpg 1 36 23 36 36
0154_0025_0024_0065_0065.jpg 1 25 24 65 65
0155_0047_0046_0033_0033.jpg 1 47 46 33 33
0156_0020_0028_0058_0058.jpg 1 20 28 58 58
0157_0043_0017_0043_0043.jpg 1 43 17 43 43
0158_0007_0031_0031_0031.jpg 1 7 31 31 31
0159_0042_0045_0049_0049.jpg 1 42 45 49 49
0160_0055_0041_0033_0033.jpg 1 55 41 33 33
0161_0011_0041_0046_0046.jpg 1 11 41 46 46
0162_0036_0036_0056_0056.jpg 1 36 36 56 56
0163_0048_0061_0029_0029.jpg 1 48 61 29 29
0164_0047_0039_0040_0040.jpg 1 47 39 40 40
0165_0011_0012_0067_0067.jpg 1 11 12 67 67
0166_0054_0011_0026_0026.jpg 1 54 11 26 26
0167_0053_0027_0033_0033.jpg 1 53 27 33 33
0168_0053_0036_0026_0026.jpg 1 53 36 26 26
0169_0020_0051_0035_0035.jpg 1 20 51 35 35
0170_0054_0017_0029_0029.jpg 1 54 17 29 29
0001_0009_0004_0068_0068.jpg 1 9 4 68 68
0002_0031_0037_0034_0034.jpg 1 31 37 34 34
0003_0016_0012_0055_0055.jpg 1 16 12 55 55
0004_0051_0008_0036_0036.jpg 1 51 8 36 36
0005_0010_0029_0037_0037.jpg 1 10 29 37 37
0006_0003_0007_0068_0068.jpg 1 3 7 68 68
0007_0047_0015_0028_0028.jpg 1 47 15 28 28
0008_0052_0020_0027_0027.jpg 1 52 20 27 27
0009_0036_0036_0045_0045.jpg 1 36 36 45 45
0010_0009_0014_0051_0051.jpg 1 9 14 51 51
0011_0030_0008_0059_0059.jpg 1 30 8 59 59
0012_0059_0057_0033_0033.jpg 1 59 57 33 33
0013_0014_0007_0040_0040.jpg 1 14 7 40 40
0014_0033_0013_0059_0059.jpg 1 33 13 59 59
0015_0040_0059_0033_0033.jpg 1 40 59 33 33
0016_0010_0018_0036_0036.jpg 1 10 18 36 36
0017_0060_0048_0029_0029.jpg 1 60 48 29 29
0018_0012_0023_0054_0054.jpg 1 12 23 54 54
0019_0021_0028_0042_0042.jpg 1 21 28 42 42
0020_0032_0014_0035_0035.jpg 1 32 14 35 35
0021_0011_0059_0029_0029.jpg 1 11 59 29 29
0022_0050_0030_0032_0032.jpg 1 50 30 32 32
0023_0024_0027_0067_0067.jpg 1 24 27 67 67
0024_0017_0024_0050_0050.jpg 1 17 24 50 50
0025_0038_0007_0046_0046.jpg 1 38 7 46 46
0026_0033_0048_0046_0046.jpg 1 33 48 46 46
0027_0028_0021_0053_0053.jpg 1 28 21 53 53
0028_0046_0047_0026_0026.jpg 1 46 47 26 26
0029_0042_0035_0035_0035.jpg 1 42 35 35 35
0030_0009_0015_0062_0062.jpg 1 9 15 62 62
0031_0010_0013_0063_0063.jpg 1 10 13 63 63
0032_0026_0014_0041_0041.jpg 1 26 14 41 41
0033_0019_0041_0049_0049.jpg 1 19 41 49 49
0034_0012_0010_0039_0039.jpg 1 12 10 39 39
0035_0011_0043_0034_0034.jpg 1 11 43 34 34
0036_0032_0004_0059_0059.jpg 1 32 4 59 59
0037_0008_0041_0028_0028.jpg 1 8 41 28 28
0038_0025_0018_0062_0062.jpg 1 25 18 62 62
0039_0037_0018_0052_0052.jpg 1 37 18 52 52
0040_0020_0028_0042_0042.jpg 1 20 28 42 42
0041_0012_0031_0053_0053.jpg 1 12 31 53 53
0042_0014_0003_0069_0069.jpg 1 14 3 69 69
0043_0008_0018_0041_0041.jpg 1 8 18 41 41
0044_0025_0031_0054_0054.jpg 1 25 31 54 54
0045_0008_0027_0041_0041.jpg 1 8 27 41 41
0046_0040_0027_0052_0052.jpg 1 40 27 52 52
0047_0022_0011_0059_0059.jpg 1 22 11 59 59
0048_0046_0018_0047_0047.jpg 1 46 18 47 47
0049_0007_0007_0064_0064.jpg 1 7 7 64 64
0050_0039_0034_0044_0044.jpg 1 39 34 44 44
0051_0013_0025_0055_0055.jpg 1 13 25 55 55
0052_0037_0024_0056_0056.jpg 1 37 24 56 56
0053_0027_0045_0043_0043.jpg 1 27 45 43 43
0054_0015_0055_0029_0029.jpg 1 15 55 29 29
0055_0036_0038_0056_0056.jpg 1 36 38 56 56
0056_0008_0020_0041_0041.jpg 1 8 20 41 41
0057_0019_0032_0037_0037.jpg 1 19 32 37 37
0058_0017_0034_0060_0060.jpg 1 17 34 60 60
0059_0051_0027_0039_0039.jpg 1 51 27 39 39
0060_0009_0026_0069_0069.jpg 1 9 26 69 69
0061_0026_0008_0035_0035.jpg 1 26 8 35 35
0062_0028_0037_0052_0052.jpg 1 28 37 52 52
0063_0027_0010_0059_0059.jpg 1 27 10 59 59
0064_0041_0055_0037_0037.jpg 1 41 55 37 37
0065_0033_0038_0034_0034.jpg 1 33 38 34 34
0066_0035_0046_0039_0039.jpg 1 35 46 39 39
0067_0014_0020_0034_0034.jpg 1 14 20 34 34
0068_0046_0036_0045_0045.jpg 1 46 36 45 45
0069_0011_0054_0031_0031.jpg 1 11 54 31 31
0070_0006_0006_0068_0068.jpg 1 6 6 68 68
0071_0008_0014_0068_0068.jpg 1 8 14 68 68
0072_0007_0045_0029_0029.jpg 1 7 45 29 29
0073_0053_0044_0026_0026.jpg 1 53 44 26 26
0074_0013_0013_0054_0054.jpg 1 13 13 54 54
0075_0015_0014_0065_0065.jpg 1 15 14 65 65
0076_0055_0015_0037_0037.jpg 1 55 15 37 37
0077_0014_0008_0038_0038.jpg 1 14 8 38 38
0078_0030_0029_0058_0058.jpg 1 30 29 58 58
0079_0017_0035_0040_0040.jpg 1 17 35 40 40
0080_0029_0028_0056_0056.jpg 1 29 28 56 56
0081_0024_0011_0046_0046.jpg 1 24 11 46 46
0082_0042_0026_0028_0028.jpg 1 42 26 28 28
0083_0043_0019_0024_0024.jpg 1 43 19 24 24
0084_0051_0029_0035_0035.jpg 1 51 29 35 35
0085_0006_0030_0044_0044.jpg 1 6 30 44 44
0086_0043_0016_0050_0050.jpg 1 43 16 50 50
0087_0034_0056_0036_0036.jpg 1 34 56 36 36
0088_0005_0006_0057_0057.jpg 1 5 6 57 57
0089_0035_0026_0054_0054.jpg 1 35 26 54 54
0090_0031_0021_0053_0053.jpg 1 31 21 53 53
0091_0026_0006_0052_0052.jpg 1 26 6 52 52
0092_0031_0009_0058_0058.jpg 1 31 9 58 58
0093_0017_0015_0061_0061.jpg 1 17 15 61 61
0094_0028_0003_0065_0065.jpg 1 28 3 65 65
0095_0006_0013_0051_0051.jpg 1 6 13 51 51
0096_0006_0013_0064_0064.jpg 1 6 13 64 64
0097_0039_0028_0032_0032.jpg 1 39 28 32 32
0098_0053_0044_0028_0028.jpg 1 53 44 28 28
0099_0048_0045_0025_0025.jpg 1 48 45 25 25
0100_0044_0046_0047_0047.jpg 1 44 46 47 47
0101_0040_0026_0041_0041.jpg 1 40 26 41 41
0102_0036_0006_0049_0049.jpg 1 36 6 49 49
0103_0063_0017_0026_0026.jpg 1 63 17 26 26
0104_0040_0042_0049_0049.jpg 1 40 42 49 49
0105_0013_0024_0035_0035.jpg 1 13 24 35 35
0106_0047_0025_0035_0035.jpg 1 47 25 35 35
0107_0025_0026_0027_0027.jpg 1 25 26 27 27
0108_0022_0056_0027_0027.jpg 1 22 56 27 27
0109_0020_0010_0046_0046.jpg 1 20 10 46 46
0110_0022_0046_0040_0040.jpg 1 22 46 40 40
0111_0008_0040_0043_0043.jpg 1 8 40 43 43
0112_0060_0037_0032_0032.jpg 1 60 37 32 32
0113_0038_0034_0048_0048.jpg 1 38 34 48 48
0114_0024_0027_0060_0060.jpg 1 24 27 60 60
0115_0015_0013_0060_0060.jpg 1 15 13 60 60
0116_0026_0009_0061_0061.jpg 1 26 9 61 61
0117_0045_0056_0035_0035.jpg 1 45 56 35 35
0118_0027_0030_0033_0033.jpg 1 27 30 33 33
0119_0021_0011_0030_0030.jpg 1 21 11 30 30
0120_0024_0022_0044_0044.jpg 1 24 22 44 44
0121_0047_0010_0037_0037.jpg 1 47 10 37 37
0122_0039_0010_0050_0050.jpg 1 39 10 50 50
0123_0021_0005_0067_0067.jpg 1 21 5 67 67
0124_0018_0038_0048_0048.jpg 1 18 38 48 48
0125_0026_0027_0051_0051.jpg 1 26 27 51 51
0126_0011_0023_0064_0064.jpg 1 11 23 64 64
0127_0018_0027_0058_0058.jpg 1 18 27 58 58
0128_0030_0021_0036_0036.jpg 1 30 21 36 36
0129_0010_0020_0059_0059.jpg 1 10 20 59 59
0130_0027_0014_0067_0067.jpg 1 27 14 67 67
0131_0039_0020_0028_0028.jpg 1 39 20 28 28
0132_0035_0026_0059_0059.jpg 1 35 26 59 59
0133_0009_0027_0036_0036.jpg 1 9 27 36 36
0134_0022_0061_0028_0028.jpg 1 22 61 28 28
0135_0028_0030_0059_0059.jpg 1 28 30 59 59
0136_0021_0013_0069_0069.jpg 1 21 13 69 69
0137_0021_0054_0036_0036.jpg 1 21 54 36 36
0138_0013_0029_0061_0061.jpg 1 13 29 61 61
0139_0004_0008_0060_0060.jpg 1 4 8 60 60
0140_0024_0022_0059_0059.jpg 1 24 22 59 59
0141_0019_0015_0058_0058.jpg 1 19 15 58 58
0142_0008_0047_0034_0034.jpg 1 8 47 34 34
0143_0015_0035_0039_0039.jpg 1 15 35 39 39
0144_0058_0029_0029_0029.jpg 1 58 29 29 29
0145_0042_0013_0024_0024.jpg 1 42 13 24 24
0146_0036_0030_0024_0024.jpg 1 36 30 24 24
0147_0029_0013_0047_0047.jpg 1 29 13 47 47
0148_0032_0023_0061_0061.jpg 1 32 23 61 61
0149_0004_0036_0055_0055.jpg 1 4 36 55 55
0150_0007_0021_0055_0055.jpg 1 7 21 55 55
0151_0014_0004_0068_0068.jpg 1 14 4 68 68
0152_0023_0027_0068_0068.jpg 1 23 27 68 68
0153_0010_0026_0066_0066.jpg 1 10 26 66 66
0154_0026_0021_0069_0069.jpg 1 26 21 69 69
0155_0013_0023_0042_0042.jpg 1 13 23 42 42
0156_0015_0020_0060_0060.jpg 1 15 20 60 60
0157_0018_0022_0034_0034.jpg 1 18 22 34 34
0158_0040_0026_0052_0052.jpg 1 40 26 52 52
0159_0011_0037_0030_0030.jpg 1 11 37 30 30
0160_0049_0037_0044_0044.jpg 1 49 37 44 44
0161_0027_0013_0053_0053.jpg 1 27 13 53 53
0162_0019_0031_0049_0049.jpg 1 19 31 49 49
0163_0018_0015_0060_0060.jpg 1 18 15 60 60
0164_0044_0024_0046_0046.jpg 1 44 24 46 46
0165_0028_0017_0052_0052.jpg 1 28 17 52 52
0166_0014_0028_0051_0051.jpg 1 14 28 51 51
0167_0036_0009_0031_0031.jpg 1 36 9 31 31
0168_0014_0036_0035_0035.jpg 1 14 36 35 35
0169_0055_0050_0031_0031.jpg 1 55 50 31 31
0170_0032_0042_0032_0032.jpg 1 32 42 32 32
0001_0012_0003_0069_0069.jpg 1 12 3 69 69
0002_0026_0029_0029_0029.jpg 1 26 29 29 29
0003_0025_0008_0040_0040.jpg 1 25 8 40 40
0004_0046_0045_0025_0025.jpg 1 46 45 25 25
0005_0024_0013_0066_0066.jpg 1 24 13 66 66
0006_0009_0015_0047_0047.jpg 1 9 15 47 47
0007_0041_0005_0050_0050.jpg 1 41 5 50 50
0008_0024_0030_0053_0053.jpg 1 24 30 53 53
0009_0041_0019_0044_0044.jpg 1 41 19 44 44
0010_0028_0003_0065_0065.jpg 1 28 3 65 65
0011_0005_0018_0047_0047.jpg 1 5 18 47 47
0012_0029_0038_0042_0042.jpg 1 29 38 42 42
0013_0013_0032_0054_0054.jpg 1 13 32 54 54
0014_0005_0015_0065_0065.jpg 1 5 15 65 65
0015_0055_0058_0030_0030.jpg 1 55 58 30 30
0016_0016_0010_0034_0034.jpg 1 16 10 34 34
0017_0035_0036_0027_0027.jpg 1 35 36 27 27
0018_0012_0014_0060_0060.jpg 1 12 14 60 60
0019_0012_0024_0041_0041.jpg 1 12 24 41 41
0020_0049_0043_0032_0032.jpg 1 49 43 32 32
0021_0026_0032_0061_0061.jpg 1 26 32 61 61
0022_0050_0036_0039_0039.jpg 1 50 36 39 39
0023_0009_0019_0047_0047.jpg 1 9 19 47 47
0024_0041_0009_0033_0033.jpg 1 41 9 33 33
0025_0035_0061_0026_0026.jpg 1 35 61 26 26
0026_0045_0037_0036_0036.jpg 1 45 37 36 36
0027_0030_0015_0038_0038.jpg 1 30 15 38 38
0028_0027_0016_0055_0055.jpg 1 27 16 55 55
0029_0024_0044_0047_0047.jpg 1 24 44 47 47
0030_0028_0007_0065_0065.jpg 1 28 7 65 65
0031_0019_0026_0066_0066.jpg 1 19 26 66 66
0032_0018_0028_0036_0036.jpg 1 18 28 36 36
0033_0030_0067_0024_0024.jpg 1 30 67 24 24
0034_0038_0031_0048_0048.jpg 1 38 31 48 48
0035_0022_0015_0049_0049.jpg 1 22 15 49 49
0036_0048_0022_0032_0032.jpg 1 48 22 32 32
0037_0015_0036_0032_0032.jpg 1 15 36 32 32
0038_0052_0051_0036_0036.jpg 1 52 51 36 36
0039_0013_0039_0047_0047.jpg 1 13 39 47 47
0040_0020_0016_0041_0041.jpg 1 20 16 41 41
0041_0028_0013_0040_0040.jpg 1 28 13 40 40
0042_0042_0025_0051_0051.jpg 1 42 25 51 51
0043_0009_0050_0035_0035.jpg 1 9 50 35 35
0044_0009_0048_0038_0038.jpg 1 9 48 38 38
0045_0013_0027_0029_0029.jpg 1 13 27 29 29
0046_0026_0011_0058_0058.jpg 1 26 11 58 58
0047_0041_0038_0050_0050.jpg 1 41 38 50 50
0048_0010_0005_0060_0060.jpg 1 10 5 60 60
0049_0005_0017_0051_0051.jpg 1 5 17 51 51
0050_0012_0014_0055_0055.jpg 1 12 14 55 55
0051_0030_0009_0062_0062.jpg 1 30 9 62 62
0052_0021_0016_0069_0069.jpg 1 21 16 69 69
0053_0032_0016_0061_0061.jpg 1 32 16 61 61
0054_0018_0007_0068_0068.jpg 1 18 7 68 68
0055_0008_0015_0067_0067.jpg 1 8 15 67 67
0056_0029_0006_0045_0045.jpg 1 29 6 45 45
0057_0026_0027_0054_0054.jpg 1 26 27 54 54
0058_0039_0026_0037_0037.jpg 1 39 26 37 37
0059_0019_0019_0066_0066.jpg 1 19 19 66 66
0060_0037_0013_0049_0049.jpg 1 37 13 49 49
0061_0013_0006_0069_0069.jpg 1 13 6 69 69
0062_0025_0009_0056_0056.jpg 1 25 9 56 56
0063_0042_0050_0043_0043.jpg 1 42 50 43 43
0064_0016_0020_0058_0058.jpg 1 16 20 58 58
0065_0029_0036_0028_0028.jpg 1 29 36 28 28
0066_0026_0026_0066_0066.jpg 1 26 26 66 66
0067_0015_0020_0024_0024.jpg 1 15 20 24 24
0068_0033_0049_0039_0039.jpg 1 33 49 39 39
0069_0049_0042_0043_0043.jpg 1 49 42 43 43
0070_0015_0008_0068_0068.jpg 1 15 8 68 68
0071_0041_0041_0035_0035.jpg 1 41 41 35 35
0072_0053_0048_0026_0026.jpg 1 53 48 26 26
0073_0015_0036_0051_0051.jpg 1 15 36 51 51
0074_0034_0005_0047_0047.jpg 1 34 5 47 47
0075_0003_0003_0065_0065.jpg 1 3 3 65 65
0076_0050_0023_0034_0034.jpg 1 50 23 34 34
0077_0007_0016_0068_0068.jpg 1 7 16 68 68
0078_0028_0025_0055_0055.jpg 1 28 25 55 55
0079_0041_0017_0037_0037.jpg 1 41 17 37 37
0080_0048_0009_0042_0042.jpg 1 48 9 42 42
0081_0056_0054_0036_0036.jpg 1 56 54 36 36
0082_0039_0019_0051_0051.jpg 1 39 19 51 51
0083_0050_0025_0033_0033.jpg 1 50 25 33 33
0084_0026_0062_0028_0028.jpg 1 26 62 28 28
0085_0003_0012_0065_0065.jpg 1 3 12 65 65
0086_0024_0034_0051_0051.jpg 1 24 34 51 51
0087_0024_0057_0033_0033.jpg 1 24 57 33 33
0088_0033_0008_0047_0047.jpg 1 33 8 47 47
0089_0018_0020_0028_0028.jpg 1 18 20 28 28
0090_0019_0004_0059_0059.jpg 1 19 4 59 59
0091_0047_0031_0047_0047.jpg 1 47 31 47 47
0092_0010_0012_0062_0062.jpg 1 10 12 62 62
0093_0028_0008_0047_0047.jpg 1 28 8 47 47
0094_0030_0048_0031_0031.jpg 1 30 48 31 31
0095_0025_0026_0065_0065.jpg 1 25 26 65 65
0096_0025_0038_0042_0042.jpg 1 25 38 42 42
0097_0042_0038_0033_0033.jpg 1 42 38 33 33
0098_0017_0047_0035_0035.jpg 1 17 47 35 35
0099_0025_0018_0051_0051.jpg 1 25 18 51 51
0100_0014_0004_0069_0069.jpg 1 14 4 69 69
0101_0030_0057_0032_0032.jpg 1 30 57 32 32
0102_0008_0029_0061_0061.jpg 1 8 29 61 61
0103_0027_0035_0047_0047.jpg 1 27 35 47 47
0104_0023_0006_0056_0056.jpg 1 23 6 56 56
0105_0011_0013_0060_0060.jpg 1 11 13 60 60
0106_0017_0030_0057_0057.jpg 1 17 30 57 57
0107_0054_0033_0029_0029.jpg 1 54 33 29 29
0108_0013_0027_0049_0049.jpg 1 13 27 49 49
0109_0007_0006_0065_0065.jpg 1 7 6 65 65
0110_0020_0020_0069_0069.jpg 1 20 20 69 69
0111_0033_0012_0051_0051.jpg 1 33 12 51 51
0112_0023_0021_0040_0040.jpg 1 23 21 40 40
0113_0006_0014_0062_0062.jpg 1 6 14 62 62
0114_0020_0024_0053_0053.jpg 1 20 24 53 53
0115_0008_0014_0055_0055.jpg 1 8 14 55 55
0116_0016_0040_0050_0050.jpg 1 16 40 50 50
0117_0030_0014_0058_0058.jpg 1 30 14 58 58
0118_0024_0028_0058_0058.jpg 1 24 28 58 58
0119_0028_0015_0062_0062.jpg 1 28 15 62 62
0120_0006_0015_0055_0055.jpg 1 6 15 55 55
0121_0017_0065_0027_0027.jpg 1 17 65 27 27
0122_0027_0025_0064_0064.jpg 1 27 25 64 64
0123_0033_0039_0055_0055.jpg 1 33 39 55 55
0124_0007_0007_0050_0050.jpg 1 7 7 50 50
0125_0008_0024_0040_0040.jpg 1 8 24 40 40
0126_0019_0058_0034_0034.jpg 1 19 58 34 34
0127_0014_0035_0042_0042.jpg 1 14 35 42 42
0128_0018_0049_0025_0025.jpg 1 18 49 25 25
0129_0017_0051_0029_0029.jpg 1 17 51 29 29
0130_0017_0025_0064_0064.jpg 1 17 25 64 64
0131_0016_0033_0037_0037.jpg 1 16 33 37 37
0132_0028_0038_0056_0056.jpg 1 28 38 56 56
0133_0032_0049_0041_0041.jpg 1 32 49 41 41
0134_0009_0042_0025_0025.jpg 1 9 42 25 25
0135_0057_0037_0027_0027.jpg 1 57 37 27 27
0136_0008_0026_0056_0056.jpg 1 8 26 56 56
0137_0021_0020_0047_0047.jpg 1 21 20 47 47
0138_0041_0025_0024_0024.jpg 1 41 25 24 24
0139_0037_0050_0036_0036.jpg 1 37 50 36 36
0140_0030_0024_0029_0029.jpg 1 30 24 29 29
0141_0025_0038_0031_0031.jpg 1 25 38 31 31
0142_0021_0030_0030_0030.jpg 1 21 30 30 30
0143_0042_0038_0044_0044.jpg 1 42 38 44 44
0144_0028_0050_0040_0040.jpg 1 28 50 40 40
0145_0007_0056_0026_0026.jpg 1 7 56 26 26
0146_0015_0018_0040_0040.jpg 1 15 18 40 40
0147_0013_0034_0060_0060.jpg 1 13 34 60 60
0148_0043_0046_0035_0035.jpg 1 43 46 35 35
0149_0027_0014_0066_0066.jpg 1 27 14 66 66
0150_0026_0033_0059_0059.jpg 1 26 33 59 59
0151_0013_0019_0057_0057.jpg 1 13 19 57 57
0152_0011_0029_0036_0036.jpg 1 11 29 36 36
0153_0046_0020_0031_0031.jpg 1 46 20 31 31
0154_0037_0040_0040_0040.jpg 1 37 40 40 40
0155_0021_0025_0036_0036.jpg 1 21 25 36 36
0156_0061_0052_0027_0027.jpg 1 61 52 27 27
0157_0045_0012_0030_0030.jpg 1 45 12 30 30
0158_0023_0035_0050_0050.jpg 1 23 35 50 50
0159_0014_0013_0024_0024.jpg 1 14 13 24 24
0160_0005_0035_0055_0055.jpg 1 5 35 55 55
0161_0032_0023_0058_0058.jpg 1 32 23 58 58
0162_0025_0052_0026_0026.jpg 1 25 52 26 26
0163_0024_0038_0037_0037.jpg 1 24 38 37 37
0164_0031_0051_0041_0041.jpg 1 31 51 41 41
0165_0031_0032_0058_0058.jpg 1 31 32 58 58
0166_0034_0022_0029_0029.jpg 1 34 22 29 29
0167_0018_0031_0051_0051.jpg 1 18 31 51 51
0168_0004_0014_0061_0061.jpg 1 4 14 61 61
0169_0018_0007_0046_0046.jpg 1 18 7 46 46
0170_0037_0018_0052_0052.jpg 1 37 18 52 52
