0001_0027_0008_0054_0054.jpg 1 27 8 54 54
0002_0011_0023_0037_0037.jpg 1 11 23 37 37
0003_0006_0028_0054_0054.jpg 1 6 28 54 54
0004_0044_0032_0043_0043.jpg 1 44 32 43 43
0005_0016_0017_0060_0060.jpg 1 16 17 60 60
0006_0007_0056_0028_0028.jpg 1 7 56 28 28
0007_0007_0038_0049_0049.jpg 1 7 38 49 49
0008_0024_0022_0031_0031.jpg 1 24 22 31 31
0009_0038_0035_0055_0055.jpg 1 38 35 55 55
0010_0043_0044_0036_0036.jpg 1 43 44 36 36
0011_0044_0021_0033_0033.jpg 1 44 21 33 33
0012_0021_0023_0054_0054.jpg 1 21 23 54 54
0013_0009_0015_0067_0067.jpg 1 9 15 67 67
0014_0037_0008_0053_0053.jpg 1 37 8 53 53
0015_0041_0032_0050_0050.jpg 1 41 32 50 50
0016_0030_0031_0063_0063.jpg 1 30 31 63 63
0017_0028_0034_0051_0051.jpg 1 28 34 51 51
0018_0047_0056_0027_0027.jpg 1 47 56 27 27
0019_0022_0016_0068_0068.jpg 1 22 16 68 68
0020_0008_0020_0044_0044.jpg 1 8 20 44 44
0021_0049_0037_0027_0027.jpg 1 49 37 27 27
0022_0023_0008_0050_0050.jpg 1 23 8 50 50
0023_0012_0057_0024_0024.jpg 1 12 57 24 24
0024_0027_0023_0068_0068.jpg 1 27 23 68 68
0025_0033_0038_0036_0036.jpg 1 33 38 36 36
0026_0014_0007_0047_0047.jpg 1 14 7 47 47
0027_0044_0012_0048_0048.jpg 1 44 12 48 48
0028_0017_0023_0033_0033.jpg 1 17 23 33 33
0029_0037_0008_0055_0055.jpg 1 37 8 55 55
0030_0009_0016_0063_0063.jpg 1 9 16 63 63
0031_0013_0027_0061_0061.jpg 1 13 27 61 61
0032_0040_0008_0032_0032.jpg 1 40 8 32 32
0033_0023_0017_0062_0062.jpg 1 23 17 62 62
0034_0030_0054_0029_0029.jpg 1 30 54 29 29
0035_0006_0035_0051_0051.jpg 1 6 35 51 51
0036_0032_0026_0061_0061.jpg 1 32 26 61 61
0037_0025_0029_0064_0064.jpg 1 25 29 64 64
0038_0029_0034_0058_0058.jpg 1 29 34 58 58
0039_0019_0016_0054_0054.jpg 1 19 16 54 54
0040_0006_0021_0064_0064.jpg 1 6 21 64 64
0041_0034_0018_0058_0058.jpg 1 34 18 58 58
0042_0025_0026_0046_0046.jpg 1 25 26 46 46
0043_0018_0036_0044_0044.jpg 1 18 36 44 44
0044_0011_0020_0039_0039.jpg 1 11 20 39 39
0045_0030_0035_0059_0059.jpg 1 30 35 59 59
0046_0026_0026_0067_0067.jpg 1 26 26 67 67
0047_0025_0011_0046_0046.jpg 1 25 11 46 46
0048_0036_0030_0029_0029.jpg 1 36 30 29 29
0049_0046_0005_0044_0044.jpg 1 46 5 44 44
0050_0062_0053_0025_0025.jpg 1 62 53 25 25
0051_0052_0047_0031_0031.jpg 1 52 47 31 31
0052_0049_0012_0025_0025.jpg 1 49 12 25 25
0053_0012_0056_0029_0029.jpg 1 12 56 29 29
0054_0017_0046_0027_0027.jpg 1 17 46 27 27
0055_0016_0009_0059_0059.jpg 1 16 9 59 59
0056_0022_0037_0058_0058.jpg 1 22 37 58 58
0057_0015_0015_0067_0067.jpg 1 15 15 67 67
0058_0012_0017_0045_0045.jpg 1 12 17 45 45
0059_0025_0018_0051_0051.jpg 1 25 18 51 51
0060_0031_0050_0040_0040.jpg 1 31 50 40 40
0061_0019_0033_0026_0026.jpg 1 19 33 26 26
0062_0057_0013_0030_0030.jpg 1 57 13 30 30
0063_0046_0040_0025_0025.jpg 1 46 40 25 25
0064_0011_0012_0033_0033.jpg 1 11 12 33 33
0065_0025_0042_0040_0040.jpg 1 25 42 40 40
0066_0053_0020_0024_0024.jpg 1 53 20 24 24
0067_0006_0012_0038_0038.jpg 1 6 12 38 38
0068_0021_0006_0056_0056.jpg 1 21 6 56 56
0069_0037_0022_0035_0035.jpg 1 37 22 35 35
0070_0010_0003_0064_0064.jpg 1 10 3 64 64
0071_0030_0049_0040_0040.jpg 1 30 49 40 40
0072_0007_0045_0032_0032.jpg 1 7 45 32 32
0073_0033_0039_0043_0043.jpg 1 33 39 43 43
0074_0006_0025_0069_0069.jpg 1 6 25 69 69
0075_0019_0028_0062_0062.jpg 1 19 28 62 62
0076_0024_0010_0066_0066.jpg 1 24 10 66 66
0077_0013_0010_0062_0062.jpg 1 13 10 62 62
0078_0019_0022_0062_0062.jpg 1 19 22 62 62
0079_0014_0004_0068_0068.jpg 1 14 4 68 68
0080_0008_0017_0066_0066.jpg 1 8 17 66 66
0081_0012_0016_0055_0055.jpg 1 12 16 55 55
0082_0004_0024_0054_0054.jpg 1 4 24 54 54
0083_0031_0062_0027_0027.jpg 1 31 62 27 27
0084_0028_0019_0041_0041.jpg 1 28 19 41 41
0085_0032_0020_0055_0055.jpg 1 32 20 55 55
0086_0022_0012_0046_0046.jpg 1 22 12 46 46
0087_0028_0007_0051_0051.jpg 1 28 7 51 51
0088_0008_0013_0059_0059.jpg 1 8 13 59 59
0089_0025_0031_0059_0059.jpg 1 25 31 59 59
0090_0012_0040_0033_0033.jpg 1 12 40 33 33
0091_0006_0030_0062_0062.jpg 1 6 30 62 62
0092_0013_0026_0048_0048.jpg 1 13 26 48 48
0093_0025_0018_0036_0036.jpg 1 25 18 36 36
0094_0010_0048_0043_0043.jpg 1 10 48 43 43
0095_0030_0022_0042_0042.jpg 1 30 22 42 42
0096_0026_0061_0029_0029.jpg 1 26 61 29 29
0097_0011_0020_0058_0058.jpg 1 11 20 58 58
0098_0016_0016_0055_0055.jpg 1 16 16 55 55
0099_0023_0023_0066_0066.jpg 1 23 23 66 66
0100_0024_0037_0056_0056.jpg 1 24 37 56 56
0101_0023_0018_0066_0066.jpg 1 23 18 66 66
0102_0063_0016_0028_0028.jpg 1 63 16 28 28
0103_0020_0011_0054_0054.jpg 1 20 11 54 54
0104_0041_0038_0046_0046.jpg 1 41 38 46 46
0105_0023_0028_0061_0061.jpg 1 23 28 61 61
0106_0031_0045_0040_0040.jpg 1 31 45 40 40
0107_0033_0006_0063_0063.jpg 1 33 6 63 63
0108_0004_0018_0055_0055.jpg 1 4 18 55 55
0109_0039_0045_0028_0028.jpg 1 39 45 28 28
0110_0020_0005_0065_0065.jpg 1 20 5 65 65
0111_0043_0037_0051_0051.jpg 1 43 37 51 51
0112_0015_0007_0069_0069.jpg 1 15 7 69 69
0113_0040_0020_0040_0040.jpg 1 40 20 40 40
0114_0056_0053_0036_0036.jpg 1 56 53 36 36
0115_0013_0023_0036_0036.jpg 1 13 23 36 36
0116_0041_0023_0051_0051.jpg 1 41 23 51 51
0117_0005_0019_0069_0069.jpg 1 5 19 69 69
0118_0024_0043_0046_0046.jpg 1 24 43 46 46
0119_0018_0024_0035_0035.jpg 1 18 24 35 35
0120_0045_0018_0029_0029.jpg 1 45 18 29 29
0121_0007_0005_0068_0068.jpg 1 7 5 68 68
0122_0034_0042_0046_0046.jpg 1 34 42 46 46
0123_0018_0051_0025_0025.jpg 1 18 51 25 25
0124_0029_0046_0042_0042.jpg 1 29 46 42 42
0125_0023_0061_0024_0024.jpg 1 23 61 24 24
0126_0028_0013_0062_0062.jpg 1 28 13 62 62
0127_0057_0009_0025_0025.jpg 1 57 9 25 25
0128_0003_0018_0069_0069.jpg 1 3 18 69 69
0129_0010_0033_0031_0031.jpg 1 10 33 31 31
0130_0048_0014_0042_0042.jpg 1 48 14 42 42
0131_0019_0004_0065_0065.jpg 1 19 4 65 65
0132_0036_0025_0048_0048.jpg 1 36 25 48 48
0133_0005_0032_0064_0064.jpg 1 5 32 64 64
0134_0048_0032_0041_0041.jpg 1 48 32 41 41
0135_0021_0021_0028_0028.jpg 1 21 21 28 28
0136_0026_0025_0046_0046.jpg 1 26 25 46 46
0137_0004_0031_0061_0061.jpg 1 4 31 61 61
0138_0042_0009_0035_0035.jpg 1 42 9 35 35
0139_0049_0011_0040_0040.jpg 1 49 11 40 40
0140_0047_0043_0024_0024.jpg 1 47 43 24 24
0141_0023_0020_0035_0035.jpg 1 23 20 35 35
0142_0018_0006_0033_0033.jpg 1 18 6 33 33
0143_0046_0056_0032_0032.jpg 1 46 56 32 32
0144_0013_0018_0054_0054.jpg 1 13 18 54 54
0145_0039_0057_0036_0036.jpg 1 39 57 36 36
0146_0015_0025_0051_0051.jpg 1 15 25 51 51
0147_0012_0008_0060_0060.jpg 1 12 8 60 60
0148_0063_0055_0029_0029.jpg 1 63 55 29 29
0149_0037_0023_0051_0051.jpg 1 37 23 51 51
0150_0006_0033_0063_0063.jpg 1 6 33 63 63
0151_0028_0025_0061_0061.jpg 1 28 25 61 61
0152_0017_0012_0063_0063.jpg 1 17 12 63 63
0153_0031_0016_0060_0060.jpg 1 31 16 60 60
0154_0011_0023_0066_0066.jpg 1 11 23 66 66
0155_0022_0026_0031_0031.jpg 1 22 26 31 31
0156_0010_0028_0045_0045.jpg 1 10 28 45 45
0157_0045_0022_0039_0039.jpg 1 45 22 39 39
0158_0027_0012_0066_0066.jpg 1 27 12 66 66
0159_0015_0035_0030_0030.jpg 1 15 35 30 30
0160_0016_0037_0039_0039.jpg 1 16 37 39 39
0161_0017_0034_0057_0057.jpg 1 17 34 57 57
0162_0019_0014_0066_0066.jpg 1 19 14 66 66
0163_0010_0017_0060_0060.jpg 1 10 17 60 60
0164_0047_0044_0030_0030.jpg 1 47 44 30 30
0165_0018_0020_0059_0059.jpg 1 18 20 59 59
0166_0008_0014_0025_0025.jpg 1 8 14 25 25
0167_0057_0016_0033_0033.jpg 1 57 16 33 33
0168_0050_0017_0034_0034.jpg 1 50 17 34 34
0169_0008_0037_0025_0025.jpg 1 8 37 25 25
0170_0022_0009_0061_0061.jpg 1 22 9 61 61
