0001_0053_0065_0026_0026.jpg 1 53 65 26 26
0002_0037_0026_0045_0045.jpg 1 37 26 45 45
0003_0034_0027_0046_0046.jpg 1 34 27 46 46
0004_0033_0054_0037_0037.jpg 1 33 54 37 37
0005_0031_0023_0043_0043.jpg 1 31 23 43 43
0006_0036_0051_0031_0031.jpg 1 36 51 31 31
0007_0012_0006_0057_0057.jpg 1 12 6 57 57
0008_0039_0037_0040_0040.jpg 1 39 37 40 40
0009_0009_0011_0066_0066.jpg 1 9 11 66 66
0010_0015_0014_0062_0062.jpg 1 15 14 62 62
0011_0023_0013_0052_0052.jpg 1 23 13 52 52
0012_0023_0008_0048_0048.jpg 1 23 8 48 48
0013_0025_0044_0049_0049.jpg 1 25 44 49 49
0014_0013_0031_0058_0058.jpg 1 13 31 58 58
0015_0013_0016_0041_0041.jpg 1 13 16 41 41
0016_0037_0007_0054_0054.jpg 1 37 7 54 54
0017_0016_0024_0063_0063.jpg 1 16 24 63 63
0018_0037_0047_0028_0028.jpg 1 37 47 28 28
0019_0021_0033_0055_0055.jpg 1 21 33 55 55
0020_0029_0008_0052_0052.jpg 1 29 8 52 52
0021_0012_0033_0027_0027.jpg 1 12 33 27 27
0022_0020_0013_0060_0060.jpg 1 20 13 60 60
0023_0026_0022_0057_0057.jpg 1 26 22 57 57
0024_0020_0014_0063_0063.jpg 1 20 14 63 63
0025_0044_0026_0050_0050.jpg 1 44 26 50 50
0026_0021_0023_0066_0066.jpg 1 21 23 66 66
0027_0009_0008_0068_0068.jpg 1 9 8 68 68
0028_0011_0036_0043_0043.jpg 1 11 36 43 43
0029_0037_0009_0050_0050.jpg 1 37 9 50 50
0030_0006_0029_0057_0057.jpg 1 6 29 57 57
0031_0015_0030_0053_0053.jpg 1 15 30 53 53
0032_0017_0018_0063_0063.jpg 1 17 18 63 63
0033_0018_0011_0032_0032.jpg 1 18 11 32 32
0034_0029_0025_0056_0056.jpg 1 29 25 56 56
0035_0018_0017_0068_0068.jpg 1 18 17 68 68
0036_0041_0008_0029_0029.jpg 1 41 8 29 29
0037_0012_0025_0066_0066.jpg 1 12 25 66 66
0038_0014_0045_0048_0048.jpg 1 14 45 48 48
0039_0005_0030_0059_0059.jpg 1 5 30 59 59
0040_0005_0030_0060_0060.jpg 1 5 30 60 60
0041_0044_0051_0039_0039.jpg 1 44 51 39 39
0042_0016_0015_0062_0062.jpg 1 16 15 62 62
0043_0021_0006_0057_0057.jpg 1 21 6 57 57
0044_0049_0052_0036_0036.jpg 1 49 52 36 36
0045_0020_0025_0059_0059.jpg 1 20 25 59 59
0046_0020_0007_0053_0053.jpg 1 20 7 53 53
0047_0006_0032_0043_0043.jpg 1 6 32 43 43
0048_0059_0043_0033_0033.jpg 1 59 43 33 33
0049_0036_0012_0034_0034.jpg 1 36 12 34 34
0050_0037_0022_0050_0050.jpg 1 37 22 50 50
0051_0044_0039_0043_0043.jpg 1 44 39 43 43
0052_0007_0006_0060_0060.jpg 1 7 6 60 60
0053_0015_0011_0069_0069.jpg 1 15 11 69 69
0054_0027_0006_0043_0043.jpg 1 27 6 43 43
0055_0040_0052_0036_0036.jpg 1 40 52 36 36
0056_0049_0052_0034_0034.jpg 1 49 52 34 34
0057_0019_0006_0058_0058.jpg 1 19 6 58 58
0058_0040_0022_0037_0037.jpg 1 40 22 37 37
0059_0016_0021_0069_0069.jpg 1 16 21 69 69
0060_0005_0024_0067_0067.jpg 1 5 24 67 67
0061_0030_0009_0037_0037.jpg 1 30 9 37 37
0062_0033_0019_0055_0055.jpg 1 33 19 55 55
0063_0022_0049_0044_0044.jpg 1 22 49 44 44
0064_0030_0032_0050_0050.jpg 1 30 32 50 50
0065_0025_0026_0068_0068.jpg 1 25 26 68 68
0066_0009_0025_0038_0038.jpg 1 9 25 38 38
0067_0023_0023_0059_0059.jpg 1 23 23 59 59
0068_0027_0046_0044_0044.jpg 1 27 46 44 44
0069_0029_0011_0033_0033.jpg 1 29 11 33 33
0070_0036_0021_0053_0053.jpg 1 36 21 53 53
0071_0063_0046_0025_0025.jpg 1 63 46 25 25
0072_0024_0043_0051_0051.jpg 1 24 43 51 51
0073_0036_0053_0039_0039.jpg 1 36 53 39 39
0074_0057_0011_0024_0024.jpg 1 57 11 24 24
0075_0012_0018_0027_0027.jpg 1 12 18 27 27
0076_0025_0047_0041_0041.jpg 1 25 47 41 41
0077_0027_0006_0039_0039.jpg 1 27 6 39 39
0078_0013_0015_0067_0067.jpg 1 13 15 67 67
0079_0023_0012_0050_0050.jpg 1 23 12 50 50
0080_0011_0023_0055_0055.jpg 1 11 23 55 55
0081_0044_0018_0033_0033.jpg 1 44 18 33 33
0082_0041_0033_0037_0037.jpg 1 41 33 37 37
0083_0019_0031_0060_0060.jpg 1 19 31 60 60
0084_0025_0007_0055_0055.jpg 1 25 7 55 55
0085_0010_0047_0047_0047.jpg 1 10 47 47 47
0086_0022_0025_0065_0065.jpg 1 22 25 65 65
0087_0039_0046_0041_0041.jpg 1 39 46 41 41
0088_0052_0027_0040_0040.jpg 1 52 27 40 40
0089_0017_0008_0055_0055.jpg 1 17 8 55 55
0090_0022_0004_0067_0067.jpg 1 22 4 67 67
0091_0048_0010_0039_0039.jpg 1 48 10 39 39
0092_0043_0007_0044_0044.jpg 1 43 7 44 44
0093_0013_0028_0064_0064.jpg 1 13 28 64 64
0094_0004_0009_0059_0059.jpg 1 4 9 59 59
0095_0030_0037_0026_0026.jpg 1 30 37 26 26
0096_0018_0036_0037_0037.jpg 1 18 36 37 37
0097_0038_0024_0041_0041.jpg 1 38 24 41 41
0098_0052_0020_0033_0033.jpg 1 52 20 33 33
0099_0008_0014_0066_0066.jpg 1 8 14 66 66
0100_0037_0009_0034_0034.jpg 1 37 9 34 34
0101_0019_0045_0038_0038.jpg 1 19 45 38 38
0102_0020_0032_0053_0053.jpg 1 20 32 53 53
0103_0013_0027_0060_0060.jpg 1 13 27 60 60
0104_0012_0020_0067_0067.jpg 1 12 20 67 67
0105_0007_0033_0052_0052.jpg 1 7 33 52 52
0106_0013_0036_0027_0027.jpg 1 13 36 27 27
0107_0013_0026_0029_0029.jpg 1 13 26 29 29
0108_0028_0028_0054_0054.jpg 1 28 28 54 54
0109_0043_0021_0047_0047.jpg 1 43 21 47 47
0110_0021_0043_0045_0045.jpg 1 21 43 45 45
0111_0046_0013_0029_0029.jpg 1 46 13 29 29
0112_0016_0028_0063_0063.jpg 1 16 28 63 63
0113_0027_0012_0032_0032.jpg 1 27 12 32 32
0114_0051_0031_0032_0032.jpg 1 51 31 32 32
0115_0030_0015_0031_0031.jpg 1 30 15 31 31
0116_0022_0027_0050_0050.jpg 1 22 27 50 50
0117_0041_0029_0032_0032.jpg 1 41 29 32 32
0118_0010_0028_0067_0067.jpg 1 10 28 67 67
0119_0025_0051_0036_0036.jpg 1 25 51 36 36
0120_0010_0009_0033_0033.jpg 1 10 9 33 33
0121_0026_0025_0056_0056.jpg 1 26 25 56 56
0122_0009_0034_0057_0057.jpg 1 9 34 57 57
0123_0022_0013_0038_0038.jpg 1 22 13 38 38
0124_0028_0012_0067_0067.jpg 1 28 12 67 67
0125_0017_0026_0065_0065.jpg 1 17 26 65 65
0126_0020_0024_0069_0069.jpg 1 20 24 69 69
0127_0034_0018_0049_0049.jpg 1 34 18 49 49
0128_0051_0026_0039_0039.jpg 1 51 26 39 39
0129_0006_0013_0069_0069.jpg 1 6 13 69 69
0130_0018_0031_0058_0058.jpg 1 18 31 58 58
0131_0011_0012_0056_0056.jpg 1 11 12 56 56
0132_0026_0030_0043_0043.jpg 1 26 30 43 43
0133_0028_0046_0029_0029.jpg 1 28 46 29 29
0134_0059_0045_0025_0025.jpg 1 59 45 25 25
0135_0030_0007_0063_0063.jpg 1 30 7 63 63
0136_0015_0021_0047_0047.jpg 1 15 21 47 47
0137_0015_0031_0057_0057.jpg 1 15 31 57 57
0138_0028_0009_0057_0057.jpg 1 28 9 57 57
0139_0047_0045_0028_0028.jpg 1 47 45 28 28
0140_0030_0040_0047_0047.jpg 1 30 40 47 47
0141_0011_0025_0066_0066.jpg 1 11 25 66 66
0142_0027_0047_0043_0043.jpg 1 27 47 43 43
0143_0027_0044_0028_0028.jpg 1 27 44 28 28
0144_0045_0038_0049_0049.jpg 1 45 38 49 49
0145_0044_0052_0032_0032.jpg 1 44 52 32 32
0146_0015_0049_0040_0040.jpg 1 15 49 40 40
0147_0029_0013_0047_0047.jpg 1 29 13 47 47
0148_0019_0025_0066_0066.jpg 1 19 25 66 66
0149_0025_0022_0035_0035.jpg 1 25 22 35 35
0150_0049_0042_0026_0026.jpg 1 49 42 26 26
0151_0029_0016_0064_0064.jpg 1 29 16 64 64
0152_0023_0015_0066_0066.jpg 1 23 15 66 66
0153_0015_0020_0030_0030.jpg 1 15 20 30 30
0154_0027_0032_0062_0062.jpg 1 27 32 62 62
0155_0026_0025_0035_0035.jpg 1 26 25 35 35
0156_0019_0007_0048_0048.jpg 1 19 7 48 48
0157_0008_0017_0064_0064.jpg 1 8 17 64 64
0158_0032_0024_0060_0060.jpg 1 32 24 60 60
0159_0034_0035_0048_0048.jpg 1 34 35 48 48
0160_0039_0039_0031_0031.jpg 1 39 39 31 31
0161_0038_0027_0026_0026.jpg 1 38 27 26 26
0162_0059_0022_0033_0033.jpg 1 59 22 33 33
0163_0011_0021_0065_0065.jpg 1 11 21 65 65
0164_0017_0037_0049_0049.jpg 1 17 37 49 49
0165_0017_0062_0027_0027.jpg 1 17 62 27 27
0166_0010_0029_0061_0061.jpg 1 10 29 61 61
0167_0034_0012_0062_0062.jpg 1 34 12 62 62
0168_0015_0011_0047_0047.jpg 1 15 11 47 47
0169_0027_0036_0048_0048.jpg 1 27 36 48 48
0170_0033_0034_0054_0054.jpg 1 33 34 54 54
