0001_0020_0022_0041_0041.jpg 1 20 22 41 41
0002_0019_0029_0044_0044.jpg 1 19 29 44 44
0003_0009_0025_0069_0069.jpg 1 9 25 69 69
0004_0021_0016_0051_0051.jpg 1 21 16 51 51
0005_0046_0018_0041_0041.jpg 1 46 18 41 41
0006_0009_0022_0054_0054.jpg 1 9 22 54 54
0007_0033_0005_0046_0046.jpg 1 33 5 46 46
0008_0033_0036_0058_0058.jpg 1 33 36 58 58
0009_0021_0006_0069_0069.jpg 1 21 6 69 69
0010_0036_0007_0035_0035.jpg 1 36 7 35 35
0011_0019_0020_0054_0054.jpg 1 19 20 54 54
0012_0029_0009_0038_0038.jpg 1 29 9 38 38
0013_0028_0022_0068_0068.jpg 1 28 22 68 68
0014_0013_0026_0062_0062.jpg 1 13 26 62 62
0015_0019_0020_0060_0060.jpg 1 19 20 60 60
0016_0005_0005_0053_0053.jpg 1 5 5 53 53
0017_0018_0011_0056_0056.jpg 1 18 11 56 56
0018_0013_0020_0066_0066.jpg 1 13 20 66 66
0019_0017_0020_0027_0027.jpg 1 17 20 27 27
0020_0016_0025_0069_0069.jpg 1 16 25 69 69
0021_0013_0028_0055_0055.jpg 1 13 28 55 55
0022_0026_0047_0043_0043.jpg 1 26 47 43 43
0023_0012_0059_0024_0024.jpg 1 12 59 24 24
0024_0041_0041_0050_0050.jpg 1 41 41 50 50
0025_0021_0033_0051_0051.jpg 1 21 33 51 51
0026_0014_0010_0063_0063.jpg 1 14 10 63 63
0027_0018_0026_0047_0047.jpg 1 18 26 47 47
0028_0027_0043_0044_0044.jpg 1 27 43 44 44
0029_0015_0038_0041_0041.jpg 1 15 38 41 41
0030_0017_0022_0048_0048.jpg 1 17 22 48 48
0031_0028_0050_0035_0035.jpg 1 28 50 35 35
0032_0023_0041_0048_0048.jpg 1 23 41 48 48
0033_0008_0005_0060_0060.jpg 1 8 5 60 60
0034_0015_0026_0029_0029.jpg 1 15 26 29 29
0035_0015_0020_0061_0061.jpg 1 15 20 61 61
0036_0023_0041_0044_0044.jpg 1 23 41 44 44
0037_0046_0013_0041_0041.jpg 1 46 13 41 41
0038_0018_0037_0038_0038.jpg 1 18 37 38 38
0039_0019_0014_0029_0029.jpg 1 19 14 29 29
0040_0027_0005_0051_0051.jpg 1 27 5 51 51
0041_0049_0014_0042_0042.jpg 1 49 14 42 42
0042_0033_0018_0050_0050.jpg 1 33 18 50 50
0043_0028_0030_0060_0060.jpg 1 28 30 60 60
0044_0024_0021_0063_0063.jpg 1 24 21 63 63
0045_0015_0019_0067_0067.jpg 1 15 19 67 67
0046_0026_0011_0049_0049.jpg 1 26 11 49 49
0047_0054_0014_0030_0030.jpg 1 54 14 30 30
0048_0016_0027_0067_0067.jpg 1 16 27 67 67
0049_0030_0040_0042_0042.jpg 1 30 40 42 42
0050_0027_0014_0049_0049.jpg 1 27 14 49 49
0051_0027_0022_0066_0066.jpg 1 27 22 66 66
0052_0021_0019_0069_0069.jpg 1 21 19 69 69
0053_0050_0050_0036_0036.jpg 1 50 50 36 36
0054_0020_0045_0039_0039.jpg 1 20 45 39 39
0055_0029_0026_0049_0049.jpg 1 29 26 49 49
0056_0045_0045_0035_0035.jpg 1 45 45 35 35
0057_0053_0038_0031_0031.jpg 1 53 38 31 31
0058_0022_0015_0047_0047.jpg 1 22 15 47 47
0059_0042_0042_0045_0045.jpg 1 42 42 45 45
0060_0039_0038_0035_0035.jpg 1 39 38 35 35
0061_0041_0028_0047_0047.jpg 1 41 28 47 47
0062_0028_0026_0049_0049.jpg 1 28 26 49 49
0063_0007_0009_0060_0060.jpg 1 7 9 60 60
0064_0004_0016_0054_0054.jpg 1 4 16 54 54
0065_0008_0009_0028_0028.jpg 1 8 9 28 28
0066_0019_0026_0051_0051.jpg 1 19 26 51 51
0067_0017_0026_0034_0034.jpg 1 17 26 34 34
0068_0024_0057_0036_0036.jpg 1 24 57 36 36
0069_0006_0043_0042_0042.jpg 1 6 43 42 42
0070_0038_0054_0024_0024.jpg 1 38 54 24 24
0071_0014_0015_0060_0060.jpg 1 14 15 60 60
0072_0019_0017_0046_0046.jpg 1 19 17 46 46
0073_0023_0050_0039_0039.jpg 1 23 50 39 39
0074_0046_0042_0034_0034.jpg 1 46 42 34 34
0075_0017_0037_0025_0025.jpg 1 17 37 25 25
0076_0013_0045_0031_0031.jpg 1 13 45 31 31
0077_0007_0031_0036_0036.jpg 1 7 31 36 36
0078_0035_0044_0035_0035.jpg 1 35 44 35 35
0079_0033_0031_0052_0052.jpg 1 33 31 52 52
0080_0040_0032_0043_0043.jpg 1 40 32 43 43
0081_0054_0040_0038_0038.jpg 1 54 40 38 38
0082_0030_0037_0041_0041.jpg 1 30 37 41 41
0083_0013_0032_0058_0058.jpg 1 13 32 58 58
0084_0029_0041_0045_0045.jpg 1 29 41 45 45
0085_0040_0023_0032_0032.jpg 1 40 23 32 32
0086_0007_0026_0048_0048.jpg 1 7 26 48 48
0087_0008_0023_0062_0062.jpg 1 8 23 62 62
0088_0030_0058_0034_0034.jpg 1 30 58 34 34
0089_0046_0053_0025_0025.jpg 1 46 53 25 25
0090_0021_0051_0036_0036.jpg 1 21 51 36 36
0091_0035_0035_0056_0056.jpg 1 35 35 56 56
0092_0030_0024_0060_0060.jpg 1 30 24 60 60
0093_0040_0024_0029_0029.jpg 1 40 24 29 29
0094_0029_0021_0062_0062.jpg 1 29 21 62 62
0095_0019_0052_0025_0025.jpg 1 19 52 25 25
0096_0008_0014_0040_0040.jpg 1 8 14 40 40
0097_0026_0058_0024_0024.jpg 1 26 58 24 24
0098_0014_0023_0045_0045.jpg 1 14 23 45 45
0099_0020_0014_0058_0058.jpg 1 20 14 58 58
0100_0009_0065_0024_0024.jpg 1 9 65 24 24
0101_0029_0014_0051_0051.jpg 1 29 14 51 51
0102_0037_0035_0042_0042.jpg 1 37 35 42 42
0103_0026_0017_0059_0059.jpg 1 26 17 59 59
0104_0011_0041_0031_0031.jpg 1 11 41 31 31
0105_0024_0005_0066_0066.jpg 1 24 5 66 66
0106_0046_0007_0035_0035.jpg 1 46 7 35 35
0107_0006_0034_0058_0058.jpg 1 6 34 58 58
0108_0018_0042_0044_0044.jpg 1 18 42 44 44
0109_0028_0010_0037_0037.jpg 1 28 10 37 37
0110_0024_0028_0064_0064.jpg 1 24 28 64 64
0111_0031_0032_0036_0036.jpg 1 31 32 36 36
0112_0044_0009_0044_0044.jpg 1 44 9 44 44
0113_0021_0032_0063_0063.jpg 1 21 32 63 63
0114_0030_0038_0056_0056.jpg 1 30 38 56 56
0115_0024_0034_0041_0041.jpg 1 24 34 41 41
0116_0015_0016_0054_0054.jpg 1 15 16 54 54
0117_0028_0018_0056_0056.jpg 1 28 18 56 56
0118_0017_0023_0068_0068.jpg 1 17 23 68 68
0119_0021_0034_0048_0048.jpg 1 21 34 48 48
0120_0046_0046_0039_0039.jpg 1 46 46 39 39
0121_0006_0031_0048_0048.jpg 1 6 31 48 48
0122_0042_0014_0036_0036.jpg 1 42 14 36 36
0123_0033_0010_0053_0053.jpg 1 33 10 53 53
0124_0034_0009_0042_0042.jpg 1 34 9 42 42
0125_0018_0014_0066_0066.jpg 1 18 14 66 66
0126_0010_0019_0031_0031.jpg 1 10 19 31 31
0127_0036_0019_0055_0055.jpg 1 36 19 55 55
0128_0008_0018_0039_0039.jpg 1 8 18 39 39
0129_0052_0022_0028_0028.jpg 1 52 22 28 28
0130_0054_0020_0039_0039.jpg 1 54 20 39 39
0131_0030_0021_0059_0059.jpg 1 30 21 59 59
0132_0009_0040_0041_0041.jpg 1 9 40 41 41
0133_0050_0020_0038_0038.jpg 1 50 20 38 38
0134_0027_0008_0042_0042.jpg 1 27 8 42 42
0135_0043_0050_0037_0037.jpg 1 43 50 37 37
0136_0037_0067_0024_0024.jpg 1 37 67 24 24
0137_0036_0044_0049_0049.jpg 1 36 44 49 49
0138_0020_0007_0047_0047.jpg 1 20 7 47 47
0139_0028_0009_0065_0065.jpg 1 28 9 65 65
0140_0032_0015_0057_0057.jpg 1 32 15 57 57
0141_0054_0008_0032_0032.jpg 1 54 8 32 32
0142_0023_0007_0042_0042.jpg 1 23 7 42 42
0143_0035_0037_0043_0043.jpg 1 35 37 43 43
0144_0011_0031_0055_0055.jpg 1 11 31 55 55
0145_0019_0017_0041_0041.jpg 1 19 17 41 41
0146_0013_0017_0062_0062.jpg 1 13 17 62 62
0147_0043_0028_0048_0048.jpg 1 43 28 48 48
0148_0011_0048_0040_0040.jpg 1 11 48 40 40
0149_0028_0024_0040_0040.jpg 1 28 24 40 40
0150_0008_0013_0036_0036.jpg 1 8 13 36 36
0151_0023_0005_0055_0055.jpg 1 23 5 55 55
0152_0030_0034_0058_0058.jpg 1 30 34 58 58
0153_0040_0023_0054_0054.jpg 1 40 23 54 54
0154_0007_0031_0047_0047.jpg 1 7 31 47 47
0155_0022_0007_0068_0068.jpg 1 22 7 68 68
0156_0042_0031_0041_0041.jpg 1 42 31 41 41
0157_0021_0035_0058_0058.jpg 1 21 35 58 58
0158_0004_0017_0063_0063.jpg 1 4 17 63 63
0159_0025_0011_0039_0039.jpg 1 25 11 39 39
0160_0007_0033_0045_0045.jpg 1 7 33 45 45
0161_0024_0037_0049_0049.jpg 1 24 37 49 49
0162_0040_0008_0048_0048.jpg 1 40 8 48 48
0163_0046_0009_0034_0034.jpg 1 46 9 34 34
0164_0024_0010_0063_0063.jpg 1 24 10 63 63
0165_0027_0029_0024_0024.jpg 1 27 29 24 24
0166_0025_0026_0056_0056.jpg 1 25 26 56 56
0167_0034_0028_0060_0060.jpg 1 34 28 60 60
0168_0006_0005_0064_0064.jpg 1 6 5 64 64
0169_0025_0025_0049_0049.jpg 1 25 25 49 49
0170_0049_0050_0041_0041.jpg 1 49 50 41 41
