0001_0026_0014_0038_0038.jpg 1 26 14 38 38
0002_0060_0008_0029_0029.jpg 1 60 8 29 29
0003_0052_0064_0024_0024.jpg 1 52 64 24 24
0004_0039_0048_0039_0039.jpg 1 39 48 39 39
0005_0038_0009_0041_0041.jpg 1 38 9 41 41
0006_0022_0025_0028_0028.jpg 1 22 25 28 28
0007_0027_0035_0060_0060.jpg 1 27 35 60 60
0008_0045_0021_0029_0029.jpg 1 45 21 29 29
0009_0007_0024_0050_0050.jpg 1 7 24 50 50
0010_0016_0037_0026_0026.jpg 1 16 37 26 26
0011_0021_0009_0050_0050.jpg 1 21 9 50 50
0012_0031_0040_0033_0033.jpg 1 31 40 33 33
0013_0017_0009_0069_0069.jpg 1 17 9 69 69
0014_0022_0009_0068_0068.jpg 1 22 9 68 68
0015_0022_0045_0040_0040.jpg 1 22 45 40 40
0016_0021_0030_0045_0045.jpg 1 21 30 45 45
0017_0006_0038_0047_0047.jpg 1 6 38 47 47
0018_0038_0021_0052_0052.jpg 1 38 21 52 52
0019_0028_0015_0066_0066.jpg 1 28 15 66 66
0020_0023_0034_0058_0058.jpg 1 23 34 58 58
0021_0019_0012_0032_0032.jpg 1 19 12 32 32
0022_0031_0034_0060_0060.jpg 1 31 34 60 60
0023_0029_0009_0059_0059.jpg 1 29 9 59 59
0024_0018_0019_0046_0046.jpg 1 18 19 46 46
0025_0033_0016_0028_0028.jpg 1 33 16 28 28
0026_0016_0033_0043_0043.jpg 1 16 33 43 43
0027_0035_0006_0056_0056.jpg 1 35 6 56 56
0028_0052_0018_0029_0029.jpg 1 52 18 29 29
0029_0035_0028_0037_0037.jpg 1 35 28 37 37
0030_0038_0013_0051_0051.jpg 1 38 13 51 51
0031_0025_0020_0034_0034.jpg 1 25 20 34 34
0032_0013_0011_0060_0060.jpg 1 13 11 60 60
0033_0024_0015_0065_0065.jpg 1 24 15 65 65
0034_0053_0042_0039_0039.jpg 1 53 42 39 39
0035_0031_0017_0062_0062.jpg 1 31 17 62 62
0036_0057_0022_0033_0033.jpg 1 57 22 33 33
0037_0030_0012_0026_0026.jpg 1 30 12 26 26
0038_0010_0029_0060_0060.jpg 1 10 29 60 60
0039_0011_0035_0057_0057.jpg 1 11 35 57 57
0040_0044_0029_0051_0051.jpg 1 44 29 51 51
0041_0023_0030_0062_0062.jpg 1 23 30 62 62
0042_0009_0022_0034_0034.jpg 1 9 22 34 34
0043_0032_0019_0044_0044.jpg 1 32 19 44 44
0044_0037_0030_0054_0054.jpg 1 37 30 54 54
0045_0020_0046_0046_0046.jpg 1 20 46 46 46
0046_0018_0017_0068_0068.jpg 1 18 17 68 68
0047_0004_0004_0062_0062.jpg 1 4 4 62 62
0048_0049_0040_0025_0025.jpg 1 49 40 25 25
0049_0061_0015_0025_0025.jpg 1 61 15 25 25
0050_0035_0025_0054_0054.jpg 1 35 25 54 54
0051_0020_0010_0056_0056.jpg 1 20 10 56 56
0052_0013_0043_0028_0028.jpg 1 13 43 28 28
0053_0016_0023_0035_0035.jpg 1 16 23 35 35
0054_0040_0010_0051_0051.jpg 1 40 10 51 51
0055_0050_0057_0034_0034.jpg 1 50 57 34 34
0056_0018_0014_0047_0047.jpg 1 18 14 47 47
0057_0020_0010_0060_0060.jpg 1 20 10 60 60
0058_0022_0032_0042_0042.jpg 1 22 32 42 42
0059_0021_0039_0043_0043.jpg 1 21 39 43 43
0060_0052_0047_0030_0030.jpg 1 52 47 30 30
0061_0021_0038_0031_0031.jpg 1 21 38 31 31
0062_0047_0008_0047_0047.jpg 1 47 8 47 47
0063_0062_0043_0029_0029.jpg 1 62 43 29 29
0064_0029_0025_0060_0060.jpg 1 29 25 60 60
0065_0019_0028_0056_0056.jpg 1 19 28 56 56
0066_0028_0035_0038_0038.jpg 1 28 35 38 38
0067_0030_0025_0064_0064.jpg 1 30 25 64 64
0068_0036_0036_0046_0046.jpg 1 36 36 46 46
0069_0006_0034_0051_0051.jpg 1 6 34 51 51
0070_0019_0005_0062_0062.jpg 1 19 5 62 62
0071_0038_0024_0035_0035.jpg 1 38 24 35 35
0072_0025_0030_0060_0060.jpg 1 25 30 60 60
0073_0023_0042_0031_0031.jpg 1 23 42 31 31
0074_0038_0031_0036_0036.jpg 1 38 31 36 36
0075_0012_0007_0028_0028.jpg 1 12 7 28 28
0076_0042_0029_0049_0049.jpg 1 42 29 49 49
0077_0037_0040_0025_0025.jpg 1 37 40 25 25
0078_0038_0025_0035_0035.jpg 1 38 25 35 35
0079_0037_0030_0047_0047.jpg 1 37 30 47 47
0080_0011_0011_0045_0045.jpg 1 11 11 45 45
0081_0003_0022_0067_0067.jpg 1 3 22 67 67
0082_0020_0021_0064_0064.jpg 1 20 21 64 64
0083_0008_0008_0036_0036.jpg 1 8 8 36 36
0084_0041_0035_0038_0038.jpg 1 41 35 38 38
0085_0019_0004_0063_0063.jpg 1 19 4 63 63
0086_0006_0042_0042_0042.jpg 1 6 42 42 42
0087_0036_0030_0052_0052.jpg 1 36 30 52 52
0088_0046_0012_0028_0028.jpg 1 46 12 28 28
0089_0016_0055_0031_0031.jpg 1 16 55 31 31
0090_0035_0027_0032_0032.jpg 1 35 27 32 32
0091_0020_0022_0066_0066.jpg 1 20 22 66 66
0092_0044_0031_0038_0038.jpg 1 44 31 38 38
0093_0047_0047_0024_0024.jpg 1 47 47 24 24
0094_0020_0039_0040_0040.jpg 1 20 39 40 40
0095_0035_0015_0052_0052.jpg 1 35 15 52 52
0096_0030_0035_0048_0048.jpg 1 30 35 48 48
0097_0054_0053_0030_0030.jpg 1 54 53 30 30
0098_0030_0026_0049_0049.jpg 1 30 26 49 49
0099_0035_0035_0051_0051.jpg 1 35 35 51 51
0100_0007_0047_0037_0037.jpg 1 7 47 37 37
0101_0007_0035_0035_0035.jpg 1 7 35 35 35
0102_0033_0012_0042_0042.jpg 1 33 12 42 42
0103_0038_0020_0053_0053.jpg 1 38 20 53 53
0104_0010_0013_0052_0052.jpg 1 10 13 52 52
0105_0043_0007_0051_0051.jpg 1 43 7 51 51
0106_0017_0033_0040_0040.jpg 1 17 33 40 40
0107_0010_0007_0061_0061.jpg 1 10 7 61 61
0108_0009_0007_0067_0067.jpg 1 9 7 67 67
0109_0026_0019_0059_0059.jpg 1 26 19 59 59
0110_0024_0041_0024_0024.jpg 1 24 41 24 24
0111_0029_0061_0030_0030.jpg 1 29 61 30 30
0112_0028_0018_0035_0035.jpg 1 28 18 35 35
0113_0048_0060_0031_0031.jpg 1 48 60 31 31
0114_0057_0062_0026_0026.jpg 1 57 62 26 26
0115_0039_0026_0045_0045.jpg 1 39 26 45 45
0116_0012_0010_0059_0059.jpg 1 12 10 59 59
0117_0018_0012_0053_0053.jpg 1 18 12 53 53
0118_0036_0027_0055_0055.jpg 1 36 27 55 55
0119_0036_0033_0027_0027.jpg 1 36 33 27 27
0120_0006_0008_0063_0063.jpg 1 6 8 63 63
0121_0011_0018_0047_0047.jpg 1 11 18 47 47
0122_0050_0040_0040_0040.jpg 1 50 40 40 40
0123_0005_0044_0045_0045.jpg 1 5 44 45 45
0124_0011_0016_0052_0052.jpg 1 11 16 52 52
0125_0051_0064_0026_0026.jpg 1 51 64 26 26
0126_0018_0020_0059_0059.jpg 1 18 20 59 59
0127_0043_0052_0029_0029.jpg 1 43 52 29 29
0128_0008_0045_0026_0026.jpg 1 8 45 26 26
0129_0030_0008_0056_0056.jpg 1 30 8 56 56
0130_0027_0030_0065_0065.jpg 1 27 30 65 65
0131_0042_0031_0052_0052.jpg 1 42 31 52 52
0132_0060_0046_0030_0030.jpg 1 60 46 30 30
0133_0038_0006_0038_0038.jpg 1 38 6 38 38
0134_0003_0018_0069_0069.jpg 1 3 18 69 69
0135_0025_0028_0051_0051.jpg 1 25 28 51 51
0136_0028_0020_0048_0048.jpg 1 28 20 48 48
0137_0022_0036_0052_0052.jpg 1 22 36 52 52
0138_0031_0035_0043_0043.jpg 1 31 35 43 43
0139_0010_0011_0067_0067.jpg 1 10 11 67 67
0140_0047_0020_0043_0043.jpg 1 47 20 43 43
0141_0006_0017_0067_0067.jpg 1 6 17 67 67
0142_0032_0029_0047_0047.jpg 1 32 29 47 47
0143_0029_0030_0054_0054.jpg 1 29 30 54 54
0144_0021_0005_0067_0067.jpg 1 21 5 67 67
0145_0040_0033_0031_0031.jpg 1 40 33 31 31
0146_0026_0019_0066_0066.jpg 1 26 19 66 66
0147_0058_0012_0024_0024.jpg 1 58 12 24 24
0148_0028_0023_0066_0066.jpg 1 28 23 66 66
0149_0025_0025_0066_0066.jpg 1 25 25 66 66
0150_0007_0031_0026_0026.jpg 1 7 31 26 26
0151_0012_0014_0038_0038.jpg 1 12 14 38 38
0152_0039_0026_0045_0045.jpg 1 39 26 45 45
0153_0017_0060_0025_0025.jpg 1 17 60 25 25
0154_0033_0010_0056_0056.jpg 1 33 10 56 56
0155_0007_0032_0051_0051.jpg 1 7 32 51 51
0156_0024_0030_0059_0059.jpg 1 24 30 59 59
0157_0046_0012_0027_0027.jpg 1 46 12 27 27
0158_0008_0016_0031_0031.jpg 1 8 16 31 31
0159_0043_0019_0028_0028.jpg 1 43 19 28 28
0160_0024_0017_0069_0069.jpg 1 24 17 69 69
0161_0009_0045_0038_0038.jpg 1 9 45 38 38
0162_0050_0049_0039_0039.jpg 1 50 49 39 39
0163_0054_0014_0028_0028.jpg 1 54 14 28 28
0164_0029_0024_0061_0061.jpg 1 29 24 61 61
0165_0065_0020_0025_0025.jpg 1 65 20 25 25
0166_0051_0007_0042_0042.jpg 1 51 7 42 42
0167_0027_0021_0058_0058.jpg 1 27 21 58 58
0168_0019_0008_0039_0039.jpg 1 19 8 39 39
0169_0034_0009_0052_0052.jpg 1 34 9 52 52
0170_0058_0023_0031_0031.jpg 1 58 23 31 31
