0001_0007_0039_0051_0051.jpg 1 7 39 51 51
0002_0030_0012_0034_0034.jpg 1 30 12 34 34
0003_0014_0025_0060_0060.jpg 1 14 25 60 60
0004_0022_0007_0060_0060.jpg 1 22 7 60 60
0005_0018_0031_0054_0054.jpg 1 18 31 54 54
0006_0007_0035_0054_0054.jpg 1 7 35 54 54
0007_0031_0014_0027_0027.jpg 1 31 14 27 27
0008_0018_0010_0037_0037.jpg 1 18 10 37 37
0009_0012_0026_0042_0042.jpg 1 12 26 42 42
0010_0015_0042_0036_0036.jpg 1 15 42 36 36
0011_0028_0005_0053_0053.jpg 1 28 5 53 53
0012_0041_0051_0025_0025.jpg 1 41 51 25 25
0013_0029_0025_0054_0054.jpg 1 29 25 54 54
0014_0018_0034_0024_0024.jpg 1 18 34 24 24
0015_0052_0021_0042_0042.jpg 1 52 21 42 42
0016_0036_0035_0056_0056.jpg 1 36 35 56 56
0017_0009_0032_0063_0063.jpg 1 9 32 63 63
0018_0024_0013_0066_0066.jpg 1 24 13 66 66
0019_0008_0035_0051_0051.jpg 1 8 35 51 51
0020_0027_0020_0061_0061.jpg 1 27 20 61 61
0021_0026_0044_0030_0030.jpg 1 26 44 30 30
0022_0027_0020_0048_0048.jpg 1 27 20 48 48
0023_0010_0029_0043_0043.jpg 1 10 29 43 43
0024_0016_0021_0053_0053.jpg 1 16 21 53 53
0025_0048_0035_0036_0036.jpg 1 48 35 36 36
0026_0020_0030_0066_0066.jpg 1 20 30 66 66
0027_0036_0008_0056_0056.jpg 1 36 8 56 56
0028_0016_0039_0032_0032.jpg 1 16 39 32 32
0029_0039_0043_0045_0045.jpg 1 39 43 45 45
0030_0037_0052_0030_0030.jpg 1 37 52 30 30
0031_0019_0016_0038_0038.jpg 1 19 16 38 38
0032_0027_0014_0063_0063.jpg 1 27 14 63 63
0033_0022_0051_0040_0040.jpg 1 22 51 40 40
0034_0023_0028_0046_0046.jpg 1 23 28 46 46
0035_0006_0004_0065_0065.jpg 1 6 4 65 65
0036_0008_0009_0066_0066.jpg 1 8 9 66 66
0037_0016_0061_0031_0031.jpg 1 16 61 31 31
0038_0013_0023_0059_0059.jpg 1 13 23 59 59
0039_0030_0008_0035_0035.jpg 1 30 8 35 35
0040_0031_0014_0024_0024.jpg 1 31 14 24 24
0041_0039_0037_0054_0054.jpg 1 39 37 54 54
0042_0012_0009_0056_0056.jpg 1 12 9 56 56
0043_0014_0007_0069_0069.jpg 1 14 7 69 69
0044_0026_0020_0063_0063.jpg 1 26 20 63 63
0045_0024_0033_0045_0045.jpg 1 24 33 45 45
0046_0021_0018_0047_0047.jpg 1 21 18 47 47
0047_0053_0029_0029_0029.jpg 1 53 29 29 29
0048_0023_0020_0065_0065.jpg 1 23 20 65 65
0049_0012_0036_0029_0029.jpg 1 12 36 29 29
0050_0051_0049_0041_0041.jpg 1 51 49 41 41
0051_0067_0056_0024_0024.jpg 1 67 56 24 24
0052_0021_0012_0061_0061.jpg 1 21 12 61 61
0053_0021_0041_0028_0028.jpg 1 21 41 28 28
0054_0006_0013_0042_0042.jpg 1 6 13 42 42
0055_0051_0012_0041_0041.jpg 1 51 12 41 41
0056_0032_0028_0043_0043.jpg 1 32 28 43 43
0057_0052_0044_0041_0041.jpg 1 52 44 41 41
0058_0009_0012_0065_0065.jpg 1 9 12 65 65
0059_0019_0013_0053_0053.jpg 1 19 13 53 53
0060_0021_0011_0064_0064.jpg 1 21 11 64 64
0061_0033_0046_0037_0037.jpg 1 33 46 37 37
0062_0025_0010_0042_0042.jpg 1 25 10 42 42
0063_0030_0010_0054_0054.jpg 1 30 10 54 54
0064_0009_0036_0058_0058.jpg 1 9 36 58 58
0065_0013_0007_0065_0065.jpg 1 13 7 65 65
0066_0013_0022_0055_0055.jpg 1 13 22 55 55
0067_0021_0007_0056_0056.jpg 1 21 7 56 56
0068_0041_0051_0025_0025.jpg 1 41 51 25 25
0069_0021_0036_0051_0051.jpg 1 21 36 51 51
0070_0046_0029_0028_0028.jpg 1 46 29 28 28
0071_0054_0028_0038_0038.jpg 1 54 28 38 38
0072_0023_0008_0053_0053.jpg 1 23 8 53 53
0073_0020_0032_0058_0058.jpg 1 20 32 58 58
0074_0031_0029_0059_0059.jpg 1 31 29 59 59
0075_0019_0028_0055_0055.jpg 1 19 28 55 55
0076_0031_0025_0064_0064.jpg 1 31 25 64 64
0077_0010_0017_0065_0065.jpg 1 10 17 65 65
0078_0051_0064_0024_0024.jpg 1 51 64 24 24
0079_0037_0014_0047_0047.jpg 1 37 14 47 47
0080_0029_0041_0032_0032.jpg 1 29 41 32 32
0081_0013_0033_0054_0054.jpg 1 13 33 54 54
0082_0032_0039_0037_0037.jpg 1 32 39 37 37
0083_0004_0008_0064_0064.jpg 1 4 8 64 64
0084_0008_0018_0058_0058.jpg 1 8 18 58 58
0085_0036_0024_0056_0056.jpg 1 36 24 56 56
0086_0007_0035_0052_0052.jpg 1 7 35 52 52
0087_0038_0018_0026_0026.jpg 1 38 18 26 26
0088_0017_0023_0055_0055.jpg 1 17 23 55 55
0089_0005_0003_0069_0069.jpg 1 5 3 69 69
0090_0023_0017_0069_0069.jpg 1 23 17 69 69
0091_0024_0022_0031_0031.jpg 1 24 22 31 31
0092_0030_0008_0055_0055.jpg 1 30 8 55 55
0093_0018_0015_0061_0061.jpg 1 18 15 61 61
0094_0026_0026_0053_0053.jpg 1 26 26 53 53
0095_0039_0014_0041_0041.jpg 1 39 14 41 41
0096_0005_0006_0068_0068.jpg 1 5 6 68 68
0097_0031_0043_0034_0034.jpg 1 31 43 34 34
0098_0026_0006_0062_0062.jpg 1 26 6 62 62
0099_0034_0020_0045_0045.jpg 1 34 20 45 45
0100_0041_0012_0051_0051.jpg 1 41 12 51 51
0101_0010_0017_0035_0035.jpg 1 10 17 35 35
0102_0010_0045_0042_0042.jpg 1 10 45 42 42
0103_0016_0048_0024_0024.jpg 1 16 48 24 24
0104_0028_0039_0051_0051.jpg 1 28 39 51 51
0105_0016_0012_0065_0065.jpg 1 16 12 65 65
0106_0016_0033_0061_0061.jpg 1 16 33 61 61
0107_0056_0011_0036_0036.jpg 1 56 11 36 36
0108_0015_0026_0043_0043.jpg 1 15 26 43 43
0109_0019_0023_0036_0036.jpg 1 19 23 36 36
0110_0021_0052_0041_0041.jpg 1 21 52 41 41
0111_0006_0018_0068_0068.jpg 1 6 18 68 68
0112_0025_0013_0044_0044.jpg 1 25 13 44 44
0113_0050_0042_0038_0038.jpg 1 50 42 38 38
0114_0014_0039_0045_0045.jpg 1 14 39 45 45
0115_0010_0005_0065_0065.jpg 1 10 5 65 65
0116_0052_0027_0035_0035.jpg 1 52 27 35 35
0117_0026_0010_0069_0069.jpg 1 26 10 69 69
0118_0007_0020_0031_0031.jpg 1 7 20 31 31
0119_0041_0047_0044_0044.jpg 1 41 47 44 44
0120_0010_0013_0059_0059.jpg 1 10 13 59 59
0121_0035_0008_0058_0058.jpg 1 35 8 58 58
0122_0015_0044_0035_0035.jpg 1 15 44 35 35
0123_0041_0051_0026_0026.jpg 1 41 51 26 26
0124_0027_0012_0046_0046.jpg 1 27 12 46 46
0125_0043_0051_0036_0036.jpg 1 43 51 36 36
0126_0012_0012_0060_0060.jpg 1 12 12 60 60
0127_0008_0010_0063_0063.jpg 1 8 10 63 63
0128_0055_0023_0033_0033.jpg 1 55 23 33 33
0129_0014_0022_0047_0047.jpg 1 14 22 47 47
0130_0038_0023_0039_0039.jpg 1 38 23 39 39
0131_0009_0005_0054_0054.jpg 1 9 5 54 54
0132_0036_0009_0054_0054.jpg 1 36 9 54 54
0133_0047_0032_0033_0033.jpg 1 47 32 33 33
0134_0016_0016_0058_0058.jpg 1 16 16 58 58
0135_0046_0023_0039_0039.jpg 1 46 23 39 39
0136_0023_0025_0068_0068.jpg 1 23 25 68 68
0137_0021_0008_0047_0047.jpg 1 21 8 47 47
0138_0013_0032_0044_0044.jpg 1 13 32 44 44
0139_0028_0005_0065_0065.jpg 1 28 5 65 65
0140_0026_0023_0030_0030.jpg 1 26 23 30 30
0141_0017_0005_0069_0069.jpg 1 17 5 69 69
0142_0015_0031_0033_0033.jpg 1 15 31 33 33
0143_0026_0006_0067_0067.jpg 1 26 6 67 67
0144_0027_0018_0037_0037.jpg 1 27 18 37 37
0145_0026_0025_0060_0060.jpg 1 26 25 60 60
0146_0030_0042_0044_0044.jpg 1 30 42 44 44
0147_0044_0035_0045_0045.jpg 1 44 35 45 45
0148_0027_0029_0027_0027.jpg 1 27 29 27 27
0149_0039_0054_0036_0036.jpg 1 39 54 36 36
0150_0036_0052_0031_0031.jpg 1 36 52 31 31
0151_0029_0033_0050_0050.jpg 1 29 33 50 50
0152_0016_0027_0049_0049.jpg 1 16 27 49 49
0153_0041_0032_0024_0024.jpg 1 41 32 24 24
0154_0014_0037_0048_0048.jpg 1 14 37 48 48
0155_0033_0045_0040_0040.jpg 1 33 45 40 40
0156_0024_0016_0066_0066.jpg 1 24 16 66 66
0157_0009_0020_0030_0030.jpg 1 9 20 30 30
0158_0008_0044_0047_0047.jpg 1 8 44 47 47
0159_0017_0052_0026_0026.jpg 1 17 52 26 26
0160_0023_0032_0024_0024.jpg 1 23 32 24 24
0161_0041_0054_0033_0033.jpg 1 41 54 33 33
0162_0043_0054_0038_0038.jpg 1 43 54 38 38
0163_0021_0017_0069_0069.jpg 1 21 17 69 69
0164_0049_0028_0040_0040.jpg 1 49 28 40 40
0165_0014_0022_0065_0065.jpg 1 14 22 65 65
0166_0035_0010_0031_0031.jpg 1 35 10 31 31
0167_0032_0013_0058_0058.jpg 1 32 13 58 58
0168_0020_0011_0056_0056.jpg 1 20 11 56 56
0169_0022_0028_0046_0046.jpg 1 22 28 46 46
0170_0023_0040_0047_0047.jpg 1 23 40 47 47
