0001_0012_0003_0069_0069.jpg 1 12 3 69 69
0002_0026_0029_0029_0029.jpg 1 26 29 29 29
0003_0025_0008_0040_0040.jpg 1 25 8 40 40
0004_0046_0045_0025_0025.jpg 1 46 45 25 25
0005_0024_0013_0066_0066.jpg 1 24 13 66 66
0006_0009_0015_0047_0047.jpg 1 9 15 47 47
0007_0041_0005_0050_0050.jpg 1 41 5 50 50
0008_0024_0030_0053_0053.jpg 1 24 30 53 53
0009_0041_0019_0044_0044.jpg 1 41 19 44 44
0010_0028_0003_0065_0065.jpg 1 28 3 65 65
0011_0005_0018_0047_0047.jpg 1 5 18 47 47
0012_0029_0038_0042_0042.jpg 1 29 38 42 42
0013_0013_0032_0054_0054.jpg 1 13 32 54 54
0014_0005_0015_0065_0065.jpg 1 5 15 65 65
0015_0055_0058_0030_0030.jpg 1 55 58 30 30
0016_0016_0010_0034_0034.jpg 1 16 10 34 34
0017_0035_0036_0027_0027.jpg 1 35 36 27 27
0018_0012_0014_0060_0060.jpg 1 12 14 60 60
0019_0012_0024_0041_0041.jpg 1 12 24 41 41
0020_0049_0043_0032_0032.jpg 1 49 43 32 32
0021_0026_0032_0061_0061.jpg 1 26 32 61 61
0022_0050_0036_0039_0039.jpg 1 50 36 39 39
0023_0009_0019_0047_0047.jpg 1 9 19 47 47
0024_0041_0009_0033_0033.jpg 1 41 9 33 33
0025_0035_0061_0026_0026.jpg 1 35 61 26 26
0026_0045_0037_0036_0036.jpg 1 45 37 36 36
0027_0030_0015_0038_0038.jpg 1 30 15 38 38
0028_0027_0016_0055_0055.jpg 1 27 16 55 55
0029_0024_0044_0047_0047.jpg 1 24 44 47 47
0030_0028_0007_0065_0065.jpg 1 28 7 65 65
0031_0019_0026_0066_0066.jpg 1 19 26 66 66
0032_0018_0028_0036_0036.jpg 1 18 28 36 36
0033_0030_0067_0024_0024.jpg 1 30 67 24 24
0034_0038_0031_0048_0048.jpg 1 38 31 48 48
0035_0022_0015_0049_0049.jpg 1 22 15 49 49
0036_0048_0022_0032_0032.jpg 1 48 22 32 32
0037_0015_0036_0032_0032.jpg 1 15 36 32 32
0038_0052_0051_0036_0036.jpg 1 52 51 36 36
0039_0013_0039_0047_0047.jpg 1 13 39 47 47
0040_0020_0016_0041_0041.jpg 1 20 16 41 41
0041_0028_0013_0040_0040.jpg 1 28 13 40 40
0042_0042_0025_0051_0051.jpg 1 42 25 51 51
0043_0009_0050_0035_0035.jpg 1 9 50 35 35
0044_0009_0048_0038_0038.jpg 1 9 48 38 38
0045_0013_0027_0029_0029.jpg 1 13 27 29 29
0046_0026_0011_0058_0058.jpg 1 26 11 58 58
0047_0041_0038_0050_0050.jpg 1 41 38 50 50
0048_0010_0005_0060_0060.jpg 1 10 5 60 60
0049_0005_0017_0051_0051.jpg 1 5 17 51 51
0050_0012_0014_0055_0055.jpg 1 12 14 55 55
0051_0030_0009_0062_0062.jpg 1 30 9 62 62
0052_0021_0016_0069_0069.jpg 1 21 16 69 69
0053_0032_0016_0061_0061.jpg 1 32 16 61 61
0054_0018_0007_0068_0068.jpg 1 18 7 68 68
0055_0008_0015_0067_0067.jpg 1 8 15 67 67
0056_0029_0006_0045_0045.jpg 1 29 6 45 45
0057_0026_0027_0054_0054.jpg 1 26 27 54 54
0058_0039_0026_0037_0037.jpg 1 39 26 37 37
0059_0019_0019_0066_0066.jpg 1 19 19 66 66
0060_0037_0013_0049_0049.jpg 1 37 13 49 49
0061_0013_0006_0069_0069.jpg 1 13 6 69 69
0062_0025_0009_0056_0056.jpg 1 25 9 56 56
0063_0042_0050_0043_0043.jpg 1 42 50 43 43
0064_0016_0020_0058_0058.jpg 1 16 20 58 58
0065_0029_0036_0028_0028.jpg 1 29 36 28 28
0066_0026_0026_0066_0066.jpg 1 26 26 66 66
0067_0015_0020_0024_0024.jpg 1 15 20 24 24
0068_0033_0049_0039_0039.jpg 1 33 49 39 39
0069_0049_0042_0043_0043.jpg 1 49 42 43 43
0070_0015_0008_0068_0068.jpg 1 15 8 68 68
0071_0041_0041_0035_0035.jpg 1 41 41 35 35
0072_0053_0048_0026_0026.jpg 1 53 48 26 26
0073_0015_0036_0051_0051.jpg 1 15 36 51 51
0074_0034_0005_0047_0047.jpg 1 34 5 47 47
0075_0003_0003_0065_0065.jpg 1 3 3 65 65
0076_0050_0023_0034_0034.jpg 1 50 23 34 34
0077_0007_0016_0068_0068.jpg 1 7 16 68 68
0078_0028_0025_0055_0055.jpg 1 28 25 55 55
0079_0041_0017_0037_0037.jpg 1 41 17 37 37
0080_0048_0009_0042_0042.jpg 1 48 9 42 42
0081_0056_0054_0036_0036.jpg 1 56 54 36 36
0082_0039_0019_0051_0051.jpg 1 39 19 51 51
0083_0050_0025_0033_0033.jpg 1 50 25 33 33
0084_0026_0062_0028_0028.jpg 1 26 62 28 28
0085_0003_0012_0065_0065.jpg 1 3 12 65 65
0086_0024_0034_0051_0051.jpg 1 24 34 51 51
0087_0024_0057_0033_0033.jpg 1 24 57 33 33
0088_0033_0008_0047_0047.jpg 1 33 8 47 47
0089_0018_0020_0028_0028.jpg 1 18 20 28 28
0090_0019_0004_0059_0059.jpg 1 19 4 59 59
0091_0047_0031_0047_0047.jpg 1 47 31 47 47
0092_0010_0012_0062_0062.jpg 1 10 12 62 62
0093_0028_0008_0047_0047.jpg 1 28 8 47 47
0094_0030_0048_0031_0031.jpg 1 30 48 31 31
0095_0025_0026_0065_0065.jpg 1 25 26 65 65
0096_0025_0038_0042_0042.jpg 1 25 38 42 42
0097_0042_0038_0033_0033.jpg 1 42 38 33 33
0098_0017_0047_0035_0035.jpg 1 17 47 35 35
0099_0025_0018_0051_0051.jpg 1 25 18 51 51
0100_0014_0004_0069_0069.jpg 1 14 4 69 69
0101_0030_0057_0032_0032.jpg 1 30 57 32 32
0102_0008_0029_0061_0061.jpg 1 8 29 61 61
0103_0027_0035_0047_0047.jpg 1 27 35 47 47
0104_0023_0006_0056_0056.jpg 1 23 6 56 56
0105_0011_0013_0060_0060.jpg 1 11 13 60 60
0106_0017_0030_0057_0057.jpg 1 17 30 57 57
0107_0054_0033_0029_0029.jpg 1 54 33 29 29
0108_0013_0027_0049_0049.jpg 1 13 27 49 49
0109_0007_0006_0065_0065.jpg 1 7 6 65 65
0110_0020_0020_0069_0069.jpg 1 20 20 69 69
0111_0033_0012_0051_0051.jpg 1 33 12 51 51
0112_0023_0021_0040_0040.jpg 1 23 21 40 40
0113_0006_0014_0062_0062.jpg 1 6 14 62 62
0114_0020_0024_0053_0053.jpg 1 20 24 53 53
0115_0008_0014_0055_0055.jpg 1 8 14 55 55
0116_0016_0040_0050_0050.jpg 1 16 40 50 50
0117_0030_0014_0058_0058.jpg 1 30 14 58 58
0118_0024_0028_0058_0058.jpg 1 24 28 58 58
0119_0028_0015_0062_0062.jpg 1 28 15 62 62
0120_0006_0015_0055_0055.jpg 1 6 15 55 55
0121_0017_0065_0027_0027.jpg 1 17 65 27 27
0122_0027_0025_0064_0064.jpg 1 27 25 64 64
0123_0033_0039_0055_0055.jpg 1 33 39 55 55
0124_0007_0007_0050_0050.jpg 1 7 7 50 50
0125_0008_0024_0040_0040.jpg 1 8 24 40 40
0126_0019_0058_0034_0034.jpg 1 19 58 34 34
0127_0014_0035_0042_0042.jpg 1 14 35 42 42
0128_0018_0049_0025_0025.jpg 1 18 49 25 25
0129_0017_0051_0029_0029.jpg 1 17 51 29 29
0130_0017_0025_0064_0064.jpg 1 17 25 64 64
0131_0016_0033_0037_0037.jpg 1 16 33 37 37
0132_0028_0038_0056_0056.jpg 1 28 38 56 56
0133_0032_0049_0041_0041.jpg 1 32 49 41 41
0134_0009_0042_0025_0025.jpg 1 9 42 25 25
0135_0057_0037_0027_0027.jpg 1 57 37 27 27
0136_0008_0026_0056_0056.jpg 1 8 26 56 56
0137_0021_0020_0047_0047.jpg 1 21 20 47 47
0138_0041_0025_0024_0024.jpg 1 41 25 24 24
0139_0037_0050_0036_0036.jpg 1 37 50 36 36
0140_0030_0024_0029_0029.jpg 1 30 24 29 29
0141_0025_0038_0031_0031.jpg 1 25 38 31 31
0142_0021_0030_0030_0030.jpg 1 21 30 30 30
0143_0042_0038_0044_0044.jpg 1 42 38 44 44
0144_0028_0050_0040_0040.jpg 1 28 50 40 40
0145_0007_0056_0026_0026.jpg 1 7 56 26 26
0146_0015_0018_0040_0040.jpg 1 15 18 40 40
0147_0013_0034_0060_0060.jpg 1 13 34 60 60
0148_0043_0046_0035_0035.jpg 1 43 46 35 35
0149_0027_0014_0066_0066.jpg 1 27 14 66 66
0150_0026_0033_0059_0059.jpg 1 26 33 59 59
0151_0013_0019_0057_0057.jpg 1 13 19 57 57
0152_0011_0029_0036_0036.jpg 1 11 29 36 36
0153_0046_0020_0031_0031.jpg 1 46 20 31 31
0154_0037_0040_0040_0040.jpg 1 37 40 40 40
0155_0021_0025_0036_0036.jpg 1 21 25 36 36
0156_0061_0052_0027_0027.jpg 1 61 52 27 27
0157_0045_0012_0030_0030.jpg 1 45 12 30 30
0158_0023_0035_0050_0050.jpg 1 23 35 50 50
0159_0014_0013_0024_0024.jpg 1 14 13 24 24
0160_0005_0035_0055_0055.jpg 1 5 35 55 55
0161_0032_0023_0058_0058.jpg 1 32 23 58 58
0162_0025_0052_0026_0026.jpg 1 25 52 26 26
0163_0024_0038_0037_0037.jpg 1 24 38 37 37
0164_0031_0051_0041_0041.jpg 1 31 51 41 41
0165_0031_0032_0058_0058.jpg 1 31 32 58 58
0166_0034_0022_0029_0029.jpg 1 34 22 29 29
0167_0018_0031_0051_0051.jpg 1 18 31 51 51
0168_0004_0014_0061_0061.jpg 1 4 14 61 61
0169_0018_0007_0046_0046.jpg 1 18 7 46 46
0170_0037_0018_0052_0052.jpg 1 37 18 52 52
